---------------------------------------------------------------
[ 2018-04-01T10:49:01+08:00 ] 0.0.0.0 GET /Index/Index/adduser.html
[ info ] localhost/Index/Index/adduser.html [运行时间：0.084067s][吞吐率：11.90req/s] [内存消耗：2,414.41kb] [文件加载：56]
[ info ] [ LANG ] D:\Dentv\wwwroot\tp5.0\thinkphp/lang/zh-cn.php
[ info ] [ ROUTE ] array (
)
[ info ] [ HEADER ] array (
  'host' => 'localhost',
  'connection' => 'keep-alive',
  'upgrade-insecure-requests' => '1',
  'user-agent' => 'Mozilla/5.0 (Windows NT 10.0; Win64; x64) AppleWebKit/537.36 (KHTML, like Gecko) Chrome/65.0.3325.181 Safari/537.36',
  'accept' => 'text/html,application/xhtml+xml,application/xml;q=0.9,image/webp,image/apng,*/*;q=0.8',
  'referer' => 'http://localhost/Index/Index/loginSuc.html',
  'accept-encoding' => 'gzip, deflate, br',
  'accept-language' => 'zh-CN,zh;q=0.9,en-US;q=0.8,en;q=0.7',
  'cookie' => 'PHPSESSID=njgg7i1sj6po5pptaf2cmbg847',
)
[ info ] [ PARAM ] array (
)
[ info ] [ VIEW ] ../application/view/index\adduser.html [ array (
) ]
[ info ] [ LOG ] INIT File
---------------------------------------------------------------
[ 2018-04-01T10:49:02+08:00 ] 0.0.0.0 GET /Index/Index/adminpass.html
[ info ] localhost/Index/Index/adminpass.html [运行时间：0.058571s][吞吐率：17.07req/s] [内存消耗：2,524.52kb] [文件加载：58]
[ info ] [ LANG ] D:\Dentv\wwwroot\tp5.0\thinkphp/lang/zh-cn.php
[ info ] [ ROUTE ] array (
)
[ info ] [ HEADER ] array (
  'host' => 'localhost',
  'connection' => 'keep-alive',
  'upgrade-insecure-requests' => '1',
  'user-agent' => 'Mozilla/5.0 (Windows NT 10.0; Win64; x64) AppleWebKit/537.36 (KHTML, like Gecko) Chrome/65.0.3325.181 Safari/537.36',
  'accept' => 'text/html,application/xhtml+xml,application/xml;q=0.9,image/webp,image/apng,*/*;q=0.8',
  'referer' => 'http://localhost/Index/Index/loginSuc.html',
  'accept-encoding' => 'gzip, deflate, br',
  'accept-language' => 'zh-CN,zh;q=0.9,en-US;q=0.8,en;q=0.7',
  'cookie' => 'PHPSESSID=njgg7i1sj6po5pptaf2cmbg847',
)
[ info ] [ PARAM ] array (
)
[ info ] [ VIEW ] ../application/view/index\adminpass.html [ array (
) ]
[ info ] [ LOG ] INIT File
---------------------------------------------------------------
[ 2018-04-01T10:49:03+08:00 ] 0.0.0.0 GET /Index/Index/brouser.html
[ info ] localhost/Index/Index/brouser.html [运行时间：0.051837s][吞吐率：19.29req/s] [内存消耗：2,414.34kb] [文件加载：56]
[ info ] [ LANG ] D:\Dentv\wwwroot\tp5.0\thinkphp/lang/zh-cn.php
[ info ] [ ROUTE ] array (
)
[ info ] [ HEADER ] array (
  'host' => 'localhost',
  'connection' => 'keep-alive',
  'upgrade-insecure-requests' => '1',
  'user-agent' => 'Mozilla/5.0 (Windows NT 10.0; Win64; x64) AppleWebKit/537.36 (KHTML, like Gecko) Chrome/65.0.3325.181 Safari/537.36',
  'accept' => 'text/html,application/xhtml+xml,application/xml;q=0.9,image/webp,image/apng,*/*;q=0.8',
  'referer' => 'http://localhost/Index/Index/loginSuc.html',
  'accept-encoding' => 'gzip, deflate, br',
  'accept-language' => 'zh-CN,zh;q=0.9,en-US;q=0.8,en;q=0.7',
  'cookie' => 'PHPSESSID=njgg7i1sj6po5pptaf2cmbg847',
)
[ info ] [ PARAM ] array (
)
[ info ] [ VIEW ] ../application/view/index\brouser.html [ array (
) ]
[ info ] [ LOG ] INIT File
---------------------------------------------------------------
[ 2018-04-01T10:49:03+08:00 ] 0.0.0.0 GET /Index/Index/usrecho?page=1&limit=10
[ info ] localhost/Index/Index/usrecho?page=1&limit=10 [运行时间：0.098872s][吞吐率：10.11req/s] [内存消耗：4,776.13kb] [文件加载：72]
[ info ] [ LANG ] D:\Dentv\wwwroot\tp5.0\thinkphp/lang/zh-cn.php
[ info ] [ ROUTE ] array (
)
[ info ] [ HEADER ] array (
  'host' => 'localhost',
  'connection' => 'keep-alive',
  'accept' => 'application/json, text/javascript, */*; q=0.01',
  'x-requested-with' => 'XMLHttpRequest',
  'user-agent' => 'Mozilla/5.0 (Windows NT 10.0; Win64; x64) AppleWebKit/537.36 (KHTML, like Gecko) Chrome/65.0.3325.181 Safari/537.36',
  'referer' => 'http://localhost/Index/Index/brouser.html',
  'accept-encoding' => 'gzip, deflate, br',
  'accept-language' => 'zh-CN,zh;q=0.9,en-US;q=0.8,en;q=0.7',
  'cookie' => 'PHPSESSID=njgg7i1sj6po5pptaf2cmbg847',
)
[ info ] [ PARAM ] array (
  'page' => '1',
  'limit' => '10',
)
[ info ] [ DB ] INIT mysql
[ info ] [ LOG ] INIT File
[ sql ] [ DB ] CONNECT:[ UseTime:0.001486s ] mysql:host=127.0.0.1;dbname=zk_sysdata;charset=utf8
[ sql ] [ SQL ] SHOW COLUMNS FROM `zk_user` [ RunTime:0.001769s ]
[ sql ] [ SQL ] SELECT * FROM `zk_user` WHERE (  `id` > 0 ) AND `zk_user`.`delete_time` IS NULL LIMIT 0,10 [ RunTime:0.001258s ]
[ sql ] [ SQL ] SELECT COUNT(*) AS tp_count FROM `zk_user` WHERE (  `id` > 0 ) AND `zk_user`.`delete_time` IS NULL LIMIT 1 [ RunTime:0.000739s ]
---------------------------------------------------------------
[ 2018-04-01T10:49:04+08:00 ] 0.0.0.0 GET /Index/Index/testupl.html
[ info ] localhost/Index/Index/testupl.html [运行时间：0.054563s][吞吐率：18.33req/s] [内存消耗：2,659.72kb] [文件加载：58]
[ info ] [ LANG ] D:\Dentv\wwwroot\tp5.0\thinkphp/lang/zh-cn.php
[ info ] [ ROUTE ] array (
)
[ info ] [ HEADER ] array (
  'host' => 'localhost',
  'connection' => 'keep-alive',
  'upgrade-insecure-requests' => '1',
  'user-agent' => 'Mozilla/5.0 (Windows NT 10.0; Win64; x64) AppleWebKit/537.36 (KHTML, like Gecko) Chrome/65.0.3325.181 Safari/537.36',
  'accept' => 'text/html,application/xhtml+xml,application/xml;q=0.9,image/webp,image/apng,*/*;q=0.8',
  'referer' => 'http://localhost/Index/Index/loginSuc.html',
  'accept-encoding' => 'gzip, deflate, br',
  'accept-language' => 'zh-CN,zh;q=0.9,en-US;q=0.8,en;q=0.7',
  'cookie' => 'PHPSESSID=njgg7i1sj6po5pptaf2cmbg847',
)
[ info ] [ PARAM ] array (
)
[ info ] [ VIEW ] ../application/view/index\testupl.html [ array (
) ]
[ info ] [ LOG ] INIT File
---------------------------------------------------------------
[ 2018-04-01T10:49:05+08:00 ] 0.0.0.0 GET /Index/Index/brouser.html
[ info ] localhost/Index/Index/brouser.html [运行时间：0.048189s][吞吐率：20.75req/s] [内存消耗：2,414.34kb] [文件加载：56]
[ info ] [ LANG ] D:\Dentv\wwwroot\tp5.0\thinkphp/lang/zh-cn.php
[ info ] [ ROUTE ] array (
)
[ info ] [ HEADER ] array (
  'host' => 'localhost',
  'connection' => 'keep-alive',
  'upgrade-insecure-requests' => '1',
  'user-agent' => 'Mozilla/5.0 (Windows NT 10.0; Win64; x64) AppleWebKit/537.36 (KHTML, like Gecko) Chrome/65.0.3325.181 Safari/537.36',
  'accept' => 'text/html,application/xhtml+xml,application/xml;q=0.9,image/webp,image/apng,*/*;q=0.8',
  'referer' => 'http://localhost/Index/Index/loginSuc.html',
  'accept-encoding' => 'gzip, deflate, br',
  'accept-language' => 'zh-CN,zh;q=0.9,en-US;q=0.8,en;q=0.7',
  'cookie' => 'PHPSESSID=njgg7i1sj6po5pptaf2cmbg847',
)
[ info ] [ PARAM ] array (
)
[ info ] [ VIEW ] ../application/view/index\brouser.html [ array (
) ]
[ info ] [ LOG ] INIT File
---------------------------------------------------------------
[ 2018-04-01T10:49:05+08:00 ] 0.0.0.0 GET /Index/Index/usrecho?page=1&limit=10
[ info ] localhost/Index/Index/usrecho?page=1&limit=10 [运行时间：0.081377s][吞吐率：12.29req/s] [内存消耗：4,776.13kb] [文件加载：72]
[ info ] [ LANG ] D:\Dentv\wwwroot\tp5.0\thinkphp/lang/zh-cn.php
[ info ] [ ROUTE ] array (
)
[ info ] [ HEADER ] array (
  'host' => 'localhost',
  'connection' => 'keep-alive',
  'accept' => 'application/json, text/javascript, */*; q=0.01',
  'x-requested-with' => 'XMLHttpRequest',
  'user-agent' => 'Mozilla/5.0 (Windows NT 10.0; Win64; x64) AppleWebKit/537.36 (KHTML, like Gecko) Chrome/65.0.3325.181 Safari/537.36',
  'referer' => 'http://localhost/Index/Index/brouser.html',
  'accept-encoding' => 'gzip, deflate, br',
  'accept-language' => 'zh-CN,zh;q=0.9,en-US;q=0.8,en;q=0.7',
  'cookie' => 'PHPSESSID=njgg7i1sj6po5pptaf2cmbg847',
)
[ info ] [ PARAM ] array (
  'page' => '1',
  'limit' => '10',
)
[ info ] [ DB ] INIT mysql
[ info ] [ LOG ] INIT File
[ sql ] [ DB ] CONNECT:[ UseTime:0.001212s ] mysql:host=127.0.0.1;dbname=zk_sysdata;charset=utf8
[ sql ] [ SQL ] SHOW COLUMNS FROM `zk_user` [ RunTime:0.001116s ]
[ sql ] [ SQL ] SELECT * FROM `zk_user` WHERE (  `id` > 0 ) AND `zk_user`.`delete_time` IS NULL LIMIT 0,10 [ RunTime:0.000752s ]
[ sql ] [ SQL ] SELECT COUNT(*) AS tp_count FROM `zk_user` WHERE (  `id` > 0 ) AND `zk_user`.`delete_time` IS NULL LIMIT 1 [ RunTime:0.000807s ]
---------------------------------------------------------------
[ 2018-04-01T10:49:13+08:00 ] 0.0.0.0 GET /Index/Index/usrecho?page=2&limit=10
[ info ] localhost/Index/Index/usrecho?page=2&limit=10 [运行时间：0.085266s][吞吐率：11.73req/s] [内存消耗：4,776.23kb] [文件加载：72]
[ info ] [ LANG ] D:\Dentv\wwwroot\tp5.0\thinkphp/lang/zh-cn.php
[ info ] [ ROUTE ] array (
)
[ info ] [ HEADER ] array (
  'host' => 'localhost',
  'connection' => 'keep-alive',
  'accept' => 'application/json, text/javascript, */*; q=0.01',
  'x-requested-with' => 'XMLHttpRequest',
  'user-agent' => 'Mozilla/5.0 (Windows NT 10.0; Win64; x64) AppleWebKit/537.36 (KHTML, like Gecko) Chrome/65.0.3325.181 Safari/537.36',
  'referer' => 'http://localhost/Index/Index/brouser.html',
  'accept-encoding' => 'gzip, deflate, br',
  'accept-language' => 'zh-CN,zh;q=0.9,en-US;q=0.8,en;q=0.7',
  'cookie' => 'PHPSESSID=njgg7i1sj6po5pptaf2cmbg847',
)
[ info ] [ PARAM ] array (
  'page' => '2',
  'limit' => '10',
)
[ info ] [ DB ] INIT mysql
[ info ] [ LOG ] INIT File
[ sql ] [ DB ] CONNECT:[ UseTime:0.001686s ] mysql:host=127.0.0.1;dbname=zk_sysdata;charset=utf8
[ sql ] [ SQL ] SHOW COLUMNS FROM `zk_user` [ RunTime:0.001138s ]
[ sql ] [ SQL ] SELECT * FROM `zk_user` WHERE (  `id` > 0 ) AND `zk_user`.`delete_time` IS NULL LIMIT 10,10 [ RunTime:0.000782s ]
[ sql ] [ SQL ] SELECT COUNT(*) AS tp_count FROM `zk_user` WHERE (  `id` > 0 ) AND `zk_user`.`delete_time` IS NULL LIMIT 1 [ RunTime:0.000764s ]
---------------------------------------------------------------
[ 2018-04-01T10:49:14+08:00 ] 0.0.0.0 GET /Index/Index/usrecho?page=3&limit=10
[ info ] localhost/Index/Index/usrecho?page=3&limit=10 [运行时间：0.091240s][吞吐率：10.96req/s] [内存消耗：4,776.25kb] [文件加载：72]
[ info ] [ LANG ] D:\Dentv\wwwroot\tp5.0\thinkphp/lang/zh-cn.php
[ info ] [ ROUTE ] array (
)
[ info ] [ HEADER ] array (
  'host' => 'localhost',
  'connection' => 'keep-alive',
  'accept' => 'application/json, text/javascript, */*; q=0.01',
  'x-requested-with' => 'XMLHttpRequest',
  'user-agent' => 'Mozilla/5.0 (Windows NT 10.0; Win64; x64) AppleWebKit/537.36 (KHTML, like Gecko) Chrome/65.0.3325.181 Safari/537.36',
  'referer' => 'http://localhost/Index/Index/brouser.html',
  'accept-encoding' => 'gzip, deflate, br',
  'accept-language' => 'zh-CN,zh;q=0.9,en-US;q=0.8,en;q=0.7',
  'cookie' => 'PHPSESSID=njgg7i1sj6po5pptaf2cmbg847',
)
[ info ] [ PARAM ] array (
  'page' => '3',
  'limit' => '10',
)
[ info ] [ DB ] INIT mysql
[ info ] [ LOG ] INIT File
[ sql ] [ DB ] CONNECT:[ UseTime:0.001396s ] mysql:host=127.0.0.1;dbname=zk_sysdata;charset=utf8
[ sql ] [ SQL ] SHOW COLUMNS FROM `zk_user` [ RunTime:0.001107s ]
[ sql ] [ SQL ] SELECT * FROM `zk_user` WHERE (  `id` > 0 ) AND `zk_user`.`delete_time` IS NULL LIMIT 20,10 [ RunTime:0.000740s ]
[ sql ] [ SQL ] SELECT COUNT(*) AS tp_count FROM `zk_user` WHERE (  `id` > 0 ) AND `zk_user`.`delete_time` IS NULL LIMIT 1 [ RunTime:0.000751s ]
