---------------------------------------------------------------
[ 2018-04-08T15:29:48+08:00 ] 127.0.0.1 POST /
[ info ] master.test.dphub.sandai.net:80/ [运行时间：0.074085s][吞吐率：13.50req/s] [内存消耗：2,544.38kb] [文件加载：58]
[ info ] [ LANG ] D:\Dentv\wwwroot\tp5.0\thinkphp/lang/zh-cn.php
[ info ] [ ROUTE ] array (
)
[ info ] [ HEADER ] array (
  'host' => 'master.test.dphub.sandai.net:80',
  'content-type' => 'application/octet-stream',
  'content-length' => '256',
  'connection' => 'Close',
)
[ info ] [ PARAM ] array (
)
[ info ] [ VIEW ] ../application/view/login\index.html [ array (
) ]
[ info ] [ LOG ] INIT File
---------------------------------------------------------------
[ 2018-04-08T17:10:10+08:00 ] 0.0.0.0 GET /
[ info ] localhost/ [运行时间：0.112556s][吞吐率：8.88req/s] [内存消耗：2,546.74kb] [文件加载：58]
[ info ] [ LANG ] D:\Dentv\wwwroot\tp5.0\thinkphp/lang/zh-cn.php
[ info ] [ ROUTE ] array (
)
[ info ] [ HEADER ] array (
  'host' => 'localhost',
  'connection' => 'keep-alive',
  'upgrade-insecure-requests' => '1',
  'user-agent' => 'Mozilla/5.0 (Windows NT 10.0; Win64; x64) AppleWebKit/537.36 (KHTML, like Gecko) Chrome/65.0.3325.181 Safari/537.36',
  'accept' => 'text/html,application/xhtml+xml,application/xml;q=0.9,image/webp,image/apng,*/*;q=0.8',
  'dnt' => '1',
  'accept-encoding' => 'gzip, deflate, br',
  'accept-language' => 'zh-CN,zh;q=0.9,en-US;q=0.8,en;q=0.7',
)
[ info ] [ PARAM ] array (
)
[ info ] [ VIEW ] ../application/view/login\index.html [ array (
) ]
[ info ] [ LOG ] INIT File
---------------------------------------------------------------
[ 2018-04-08T17:10:24+08:00 ] 0.0.0.0 POST /Index/Login/check.html
[ info ] localhost/Index/Login/check.html [运行时间：0.064956s][吞吐率：15.40req/s] [内存消耗：2,506.41kb] [文件加载：61]
[ info ] [ LANG ] D:\Dentv\wwwroot\tp5.0\thinkphp/lang/zh-cn.php
[ info ] [ ROUTE ] array (
)
[ info ] [ HEADER ] array (
  'host' => 'localhost',
  'connection' => 'keep-alive',
  'content-length' => '40',
  'cache-control' => 'max-age=0',
  'origin' => 'http://localhost',
  'upgrade-insecure-requests' => '1',
  'content-type' => 'application/x-www-form-urlencoded',
  'user-agent' => 'Mozilla/5.0 (Windows NT 10.0; Win64; x64) AppleWebKit/537.36 (KHTML, like Gecko) Chrome/65.0.3325.181 Safari/537.36',
  'accept' => 'text/html,application/xhtml+xml,application/xml;q=0.9,image/webp,image/apng,*/*;q=0.8',
  'dnt' => '1',
  'referer' => 'http://localhost/',
  'accept-encoding' => 'gzip, deflate, br',
  'accept-language' => 'zh-CN,zh;q=0.9,en-US;q=0.8,en;q=0.7',
)
[ info ] [ PARAM ] array (
  'name' => 'admin',
  'password' => 'admin12345',
  'code' => '6982',
)
[ info ] [ SESSION ] INIT array (
  'id' => '',
  'var_session_id' => '',
  'prefix' => 'think',
  'type' => '',
  'auto_start' => true,
  'httponly' => true,
  'secure' => false,
)
[ info ] [ VIEW ] D:\Dentv\wwwroot\tp5.0\thinkphp/tpl/dispatch_jump.tpl [ array (
  0 => 'code',
  1 => 'msg',
  2 => 'data',
  3 => 'url',
  4 => 'wait',
) ]
[ info ] [ LOG ] INIT File
---------------------------------------------------------------
[ 2018-04-08T17:10:27+08:00 ] 0.0.0.0 GET /Index/Index/loginSuc.html
[ info ] localhost/Index/Index/loginSuc.html [运行时间：0.053166s][吞吐率：18.81req/s] [内存消耗：2,547.59kb] [文件加载：58]
[ info ] [ LANG ] D:\Dentv\wwwroot\tp5.0\thinkphp/lang/zh-cn.php
[ info ] [ ROUTE ] array (
)
[ info ] [ HEADER ] array (
  'host' => 'localhost',
  'connection' => 'keep-alive',
  'upgrade-insecure-requests' => '1',
  'user-agent' => 'Mozilla/5.0 (Windows NT 10.0; Win64; x64) AppleWebKit/537.36 (KHTML, like Gecko) Chrome/65.0.3325.181 Safari/537.36',
  'accept' => 'text/html,application/xhtml+xml,application/xml;q=0.9,image/webp,image/apng,*/*;q=0.8',
  'dnt' => '1',
  'referer' => 'http://localhost/Index/Login/check.html',
  'accept-encoding' => 'gzip, deflate, br',
  'accept-language' => 'zh-CN,zh;q=0.9,en-US;q=0.8,en;q=0.7',
  'cookie' => 'PHPSESSID=n7ds9pi8lhpbe5hd6okvfo2je2',
)
[ info ] [ PARAM ] array (
)
[ info ] [ VIEW ] ../application/view/index\loginsuc.html [ array (
) ]
[ info ] [ LOG ] INIT File
---------------------------------------------------------------
[ 2018-04-08T17:10:27+08:00 ] 0.0.0.0 GET /Index/Index/info.html
[ info ] localhost/Index/Index/info.html [运行时间：0.083626s][吞吐率：11.96req/s] [内存消耗：2,698.34kb] [文件加载：58]
[ info ] [ LANG ] D:\Dentv\wwwroot\tp5.0\thinkphp/lang/zh-cn.php
[ info ] [ ROUTE ] array (
)
[ info ] [ HEADER ] array (
  'host' => 'localhost',
  'connection' => 'keep-alive',
  'upgrade-insecure-requests' => '1',
  'user-agent' => 'Mozilla/5.0 (Windows NT 10.0; Win64; x64) AppleWebKit/537.36 (KHTML, like Gecko) Chrome/65.0.3325.181 Safari/537.36',
  'accept' => 'text/html,application/xhtml+xml,application/xml;q=0.9,image/webp,image/apng,*/*;q=0.8',
  'dnt' => '1',
  'referer' => 'http://localhost/Index/Index/loginSuc.html',
  'accept-encoding' => 'gzip, deflate, br',
  'accept-language' => 'zh-CN,zh;q=0.9,en-US;q=0.8,en;q=0.7',
  'cookie' => 'PHPSESSID=n7ds9pi8lhpbe5hd6okvfo2je2',
)
[ info ] [ PARAM ] array (
)
[ info ] [ VIEW ] ../application/view/index\info.html [ array (
) ]
[ info ] [ LOG ] INIT File
---------------------------------------------------------------
[ 2018-04-08T17:17:37+08:00 ] 0.0.0.0 GET /Index/Index/loginSuc.html
[ info ] localhost/Index/Index/loginSuc.html [运行时间：0.067808s][吞吐率：14.75req/s] [内存消耗：2,547.62kb] [文件加载：58]
[ info ] [ LANG ] D:\Dentv\wwwroot\tp5.0\thinkphp/lang/zh-cn.php
[ info ] [ ROUTE ] array (
)
[ info ] [ HEADER ] array (
  'host' => 'localhost',
  'connection' => 'keep-alive',
  'upgrade-insecure-requests' => '1',
  'user-agent' => 'Mozilla/5.0 (Windows NT 10.0; Win64; x64) AppleWebKit/537.36 (KHTML, like Gecko) Chrome/65.0.3325.181 Safari/537.36',
  'accept' => 'text/html,application/xhtml+xml,application/xml;q=0.9,image/webp,image/apng,*/*;q=0.8',
  'dnt' => '1',
  'referer' => 'http://localhost/Index/Index/loginSuc.html',
  'accept-encoding' => 'gzip, deflate, br',
  'accept-language' => 'zh-CN,zh;q=0.9,en-US;q=0.8,en;q=0.7',
  'cookie' => 'PHPSESSID=n7ds9pi8lhpbe5hd6okvfo2je2',
)
[ info ] [ PARAM ] array (
)
[ info ] [ VIEW ] ../application/view/index\loginsuc.html [ array (
) ]
[ info ] [ LOG ] INIT File
---------------------------------------------------------------
[ 2018-04-08T17:17:38+08:00 ] 0.0.0.0 GET /Index/Index/info.html
[ info ] localhost/Index/Index/info.html [运行时间：0.086606s][吞吐率：11.55req/s] [内存消耗：2,698.95kb] [文件加载：58]
[ info ] [ LANG ] D:\Dentv\wwwroot\tp5.0\thinkphp/lang/zh-cn.php
[ info ] [ ROUTE ] array (
)
[ info ] [ HEADER ] array (
  'host' => 'localhost',
  'connection' => 'keep-alive',
  'upgrade-insecure-requests' => '1',
  'user-agent' => 'Mozilla/5.0 (Windows NT 10.0; Win64; x64) AppleWebKit/537.36 (KHTML, like Gecko) Chrome/65.0.3325.181 Safari/537.36',
  'accept' => 'text/html,application/xhtml+xml,application/xml;q=0.9,image/webp,image/apng,*/*;q=0.8',
  'dnt' => '1',
  'referer' => 'http://localhost/Index/Index/loginSuc.html',
  'accept-encoding' => 'gzip, deflate, br',
  'accept-language' => 'zh-CN,zh;q=0.9,en-US;q=0.8,en;q=0.7',
  'cookie' => 'PHPSESSID=n7ds9pi8lhpbe5hd6okvfo2je2',
)
[ info ] [ PARAM ] array (
)
[ info ] [ VIEW ] ../application/view/index\info.html [ array (
) ]
[ info ] [ LOG ] INIT File
---------------------------------------------------------------
[ 2018-04-08T17:18:03+08:00 ] 0.0.0.0 GET /Index/Index/adduser.html
[ info ] localhost/Index/Index/adduser.html [运行时间：0.052520s][吞吐率：19.04req/s] [内存消耗：2,437.19kb] [文件加载：56]
[ info ] [ LANG ] D:\Dentv\wwwroot\tp5.0\thinkphp/lang/zh-cn.php
[ info ] [ ROUTE ] array (
)
[ info ] [ HEADER ] array (
  'host' => 'localhost',
  'connection' => 'keep-alive',
  'upgrade-insecure-requests' => '1',
  'user-agent' => 'Mozilla/5.0 (Windows NT 10.0; Win64; x64) AppleWebKit/537.36 (KHTML, like Gecko) Chrome/65.0.3325.181 Safari/537.36',
  'accept' => 'text/html,application/xhtml+xml,application/xml;q=0.9,image/webp,image/apng,*/*;q=0.8',
  'dnt' => '1',
  'referer' => 'http://localhost/Index/Index/loginSuc.html',
  'accept-encoding' => 'gzip, deflate, br',
  'accept-language' => 'zh-CN,zh;q=0.9,en-US;q=0.8,en;q=0.7',
  'cookie' => 'PHPSESSID=n7ds9pi8lhpbe5hd6okvfo2je2',
)
[ info ] [ PARAM ] array (
)
[ info ] [ VIEW ] ../application/view/index\adduser.html [ array (
) ]
[ info ] [ LOG ] INIT File
---------------------------------------------------------------
[ 2018-04-08T17:18:14+08:00 ] 0.0.0.0 GET /Index/Login.html
[ info ] localhost/Index/Login.html [运行时间：0.064662s][吞吐率：15.46req/s] [内存消耗：2,499.87kb] [文件加载：59]
[ info ] [ LANG ] D:\Dentv\wwwroot\tp5.0\thinkphp/lang/zh-cn.php
[ info ] [ ROUTE ] array (
)
[ info ] [ HEADER ] array (
  'host' => 'localhost',
  'connection' => 'keep-alive',
  'upgrade-insecure-requests' => '1',
  'user-agent' => 'Mozilla/5.0 (Windows NT 10.0; Win64; x64) AppleWebKit/537.36 (KHTML, like Gecko) Chrome/65.0.3325.181 Safari/537.36',
  'accept' => 'text/html,application/xhtml+xml,application/xml;q=0.9,image/webp,image/apng,*/*;q=0.8',
  'dnt' => '1',
  'referer' => 'http://localhost/Index/Index/loginSuc.html',
  'accept-encoding' => 'gzip, deflate, br',
  'accept-language' => 'zh-CN,zh;q=0.9,en-US;q=0.8,en;q=0.7',
  'cookie' => 'PHPSESSID=n7ds9pi8lhpbe5hd6okvfo2je2',
)
[ info ] [ PARAM ] array (
)
[ info ] [ VIEW ] ../application/view/login\index.html [ array (
) ]
[ info ] [ LOG ] INIT File
---------------------------------------------------------------
[ 2018-04-08T17:18:21+08:00 ] 0.0.0.0 POST /Index/Login/check.html
[ info ] localhost/Index/Login/check.html [运行时间：0.061662s][吞吐率：16.22req/s] [内存消耗：2,506.52kb] [文件加载：61]
[ info ] [ LANG ] D:\Dentv\wwwroot\tp5.0\thinkphp/lang/zh-cn.php
[ info ] [ ROUTE ] array (
)
[ info ] [ HEADER ] array (
  'host' => 'localhost',
  'connection' => 'keep-alive',
  'content-length' => '40',
  'cache-control' => 'max-age=0',
  'origin' => 'http://localhost',
  'upgrade-insecure-requests' => '1',
  'content-type' => 'application/x-www-form-urlencoded',
  'user-agent' => 'Mozilla/5.0 (Windows NT 10.0; Win64; x64) AppleWebKit/537.36 (KHTML, like Gecko) Chrome/65.0.3325.181 Safari/537.36',
  'accept' => 'text/html,application/xhtml+xml,application/xml;q=0.9,image/webp,image/apng,*/*;q=0.8',
  'dnt' => '1',
  'referer' => 'http://localhost/Index/Login.html',
  'accept-encoding' => 'gzip, deflate, br',
  'accept-language' => 'zh-CN,zh;q=0.9,en-US;q=0.8,en;q=0.7',
  'cookie' => 'PHPSESSID=n7ds9pi8lhpbe5hd6okvfo2je2',
)
[ info ] [ PARAM ] array (
  'name' => 'admin',
  'password' => 'admin12345',
  'code' => '6982',
)
[ info ] [ SESSION ] INIT array (
  'id' => '',
  'var_session_id' => '',
  'prefix' => 'think',
  'type' => '',
  'auto_start' => true,
  'httponly' => true,
  'secure' => false,
)
[ info ] [ VIEW ] D:\Dentv\wwwroot\tp5.0\thinkphp/tpl/dispatch_jump.tpl [ array (
  0 => 'code',
  1 => 'msg',
  2 => 'data',
  3 => 'url',
  4 => 'wait',
) ]
[ info ] [ LOG ] INIT File
---------------------------------------------------------------
[ 2018-04-08T17:18:24+08:00 ] 0.0.0.0 GET /Index/Index/loginSuc.html
[ info ] localhost/Index/Index/loginSuc.html [运行时间：0.065423s][吞吐率：15.29req/s] [内存消耗：2,547.59kb] [文件加载：58]
[ info ] [ LANG ] D:\Dentv\wwwroot\tp5.0\thinkphp/lang/zh-cn.php
[ info ] [ ROUTE ] array (
)
[ info ] [ HEADER ] array (
  'host' => 'localhost',
  'connection' => 'keep-alive',
  'upgrade-insecure-requests' => '1',
  'user-agent' => 'Mozilla/5.0 (Windows NT 10.0; Win64; x64) AppleWebKit/537.36 (KHTML, like Gecko) Chrome/65.0.3325.181 Safari/537.36',
  'accept' => 'text/html,application/xhtml+xml,application/xml;q=0.9,image/webp,image/apng,*/*;q=0.8',
  'dnt' => '1',
  'referer' => 'http://localhost/Index/Login/check.html',
  'accept-encoding' => 'gzip, deflate, br',
  'accept-language' => 'zh-CN,zh;q=0.9,en-US;q=0.8,en;q=0.7',
  'cookie' => 'PHPSESSID=n7ds9pi8lhpbe5hd6okvfo2je2',
)
[ info ] [ PARAM ] array (
)
[ info ] [ VIEW ] ../application/view/index\loginsuc.html [ array (
) ]
[ info ] [ LOG ] INIT File
---------------------------------------------------------------
[ 2018-04-08T17:18:24+08:00 ] 0.0.0.0 GET /Index/Index/info.html
[ info ] localhost/Index/Index/info.html [运行时间：0.070409s][吞吐率：14.20req/s] [内存消耗：2,698.95kb] [文件加载：58]
[ info ] [ LANG ] D:\Dentv\wwwroot\tp5.0\thinkphp/lang/zh-cn.php
[ info ] [ ROUTE ] array (
)
[ info ] [ HEADER ] array (
  'host' => 'localhost',
  'connection' => 'keep-alive',
  'upgrade-insecure-requests' => '1',
  'user-agent' => 'Mozilla/5.0 (Windows NT 10.0; Win64; x64) AppleWebKit/537.36 (KHTML, like Gecko) Chrome/65.0.3325.181 Safari/537.36',
  'accept' => 'text/html,application/xhtml+xml,application/xml;q=0.9,image/webp,image/apng,*/*;q=0.8',
  'dnt' => '1',
  'referer' => 'http://localhost/Index/Index/loginSuc.html',
  'accept-encoding' => 'gzip, deflate, br',
  'accept-language' => 'zh-CN,zh;q=0.9,en-US;q=0.8,en;q=0.7',
  'cookie' => 'PHPSESSID=n7ds9pi8lhpbe5hd6okvfo2je2',
)
[ info ] [ PARAM ] array (
)
[ info ] [ VIEW ] ../application/view/index\info.html [ array (
) ]
[ info ] [ LOG ] INIT File
---------------------------------------------------------------
[ 2018-04-08T17:21:18+08:00 ] 0.0.0.0 GET /Index/Index/loginSuc.html
[ info ] localhost/Index/Index/loginSuc.html [运行时间：0.058709s][吞吐率：17.03req/s] [内存消耗：2,547.62kb] [文件加载：58]
[ info ] [ LANG ] D:\Dentv\wwwroot\tp5.0\thinkphp/lang/zh-cn.php
[ info ] [ ROUTE ] array (
)
[ info ] [ HEADER ] array (
  'host' => 'localhost',
  'connection' => 'keep-alive',
  'upgrade-insecure-requests' => '1',
  'user-agent' => 'Mozilla/5.0 (Windows NT 10.0; Win64; x64) AppleWebKit/537.36 (KHTML, like Gecko) Chrome/65.0.3325.181 Safari/537.36',
  'accept' => 'text/html,application/xhtml+xml,application/xml;q=0.9,image/webp,image/apng,*/*;q=0.8',
  'dnt' => '1',
  'referer' => 'http://localhost/Index/Index/loginSuc.html',
  'accept-encoding' => 'gzip, deflate, br',
  'accept-language' => 'zh-CN,zh;q=0.9,en-US;q=0.8,en;q=0.7',
  'cookie' => 'PHPSESSID=n7ds9pi8lhpbe5hd6okvfo2je2',
)
[ info ] [ PARAM ] array (
)
[ info ] [ VIEW ] ../application/view/index\loginsuc.html [ array (
) ]
[ info ] [ LOG ] INIT File
---------------------------------------------------------------
[ 2018-04-08T17:21:18+08:00 ] 0.0.0.0 GET /Index/Index/info.html
[ info ] localhost/Index/Index/info.html [运行时间：0.074892s][吞吐率：13.35req/s] [内存消耗：2,698.98kb] [文件加载：58]
[ info ] [ LANG ] D:\Dentv\wwwroot\tp5.0\thinkphp/lang/zh-cn.php
[ info ] [ ROUTE ] array (
)
[ info ] [ HEADER ] array (
  'host' => 'localhost',
  'connection' => 'keep-alive',
  'upgrade-insecure-requests' => '1',
  'user-agent' => 'Mozilla/5.0 (Windows NT 10.0; Win64; x64) AppleWebKit/537.36 (KHTML, like Gecko) Chrome/65.0.3325.181 Safari/537.36',
  'accept' => 'text/html,application/xhtml+xml,application/xml;q=0.9,image/webp,image/apng,*/*;q=0.8',
  'dnt' => '1',
  'referer' => 'http://localhost/Index/Index/loginSuc.html',
  'accept-encoding' => 'gzip, deflate, br',
  'accept-language' => 'zh-CN,zh;q=0.9,en-US;q=0.8,en;q=0.7',
  'cookie' => 'PHPSESSID=n7ds9pi8lhpbe5hd6okvfo2je2',
)
[ info ] [ PARAM ] array (
)
[ info ] [ VIEW ] ../application/view/index\info.html [ array (
) ]
[ info ] [ LOG ] INIT File
---------------------------------------------------------------
[ 2018-04-08T17:22:02+08:00 ] 0.0.0.0 GET /Index/Index/adduser.html
[ info ] localhost/Index/Index/adduser.html [运行时间：0.065807s][吞吐率：15.20req/s] [内存消耗：2,437.19kb] [文件加载：56]
[ info ] [ LANG ] D:\Dentv\wwwroot\tp5.0\thinkphp/lang/zh-cn.php
[ info ] [ ROUTE ] array (
)
[ info ] [ HEADER ] array (
  'host' => 'localhost',
  'connection' => 'keep-alive',
  'upgrade-insecure-requests' => '1',
  'user-agent' => 'Mozilla/5.0 (Windows NT 10.0; Win64; x64) AppleWebKit/537.36 (KHTML, like Gecko) Chrome/65.0.3325.181 Safari/537.36',
  'accept' => 'text/html,application/xhtml+xml,application/xml;q=0.9,image/webp,image/apng,*/*;q=0.8',
  'dnt' => '1',
  'referer' => 'http://localhost/Index/Index/loginSuc.html',
  'accept-encoding' => 'gzip, deflate, br',
  'accept-language' => 'zh-CN,zh;q=0.9,en-US;q=0.8,en;q=0.7',
  'cookie' => 'PHPSESSID=n7ds9pi8lhpbe5hd6okvfo2je2',
)
[ info ] [ PARAM ] array (
)
[ info ] [ VIEW ] ../application/view/index\adduser.html [ array (
) ]
[ info ] [ LOG ] INIT File
---------------------------------------------------------------
[ 2018-04-08T17:22:14+08:00 ] 0.0.0.0 GET /Index/Login.html
[ info ] localhost/Index/Login.html [运行时间：0.080476s][吞吐率：12.43req/s] [内存消耗：2,499.87kb] [文件加载：59]
[ info ] [ LANG ] D:\Dentv\wwwroot\tp5.0\thinkphp/lang/zh-cn.php
[ info ] [ ROUTE ] array (
)
[ info ] [ HEADER ] array (
  'host' => 'localhost',
  'connection' => 'keep-alive',
  'upgrade-insecure-requests' => '1',
  'user-agent' => 'Mozilla/5.0 (Windows NT 10.0; Win64; x64) AppleWebKit/537.36 (KHTML, like Gecko) Chrome/65.0.3325.181 Safari/537.36',
  'accept' => 'text/html,application/xhtml+xml,application/xml;q=0.9,image/webp,image/apng,*/*;q=0.8',
  'dnt' => '1',
  'referer' => 'http://localhost/Index/Index/loginSuc.html',
  'accept-encoding' => 'gzip, deflate, br',
  'accept-language' => 'zh-CN,zh;q=0.9,en-US;q=0.8,en;q=0.7',
  'cookie' => 'PHPSESSID=n7ds9pi8lhpbe5hd6okvfo2je2',
)
[ info ] [ PARAM ] array (
)
[ info ] [ VIEW ] ../application/view/login\index.html [ array (
) ]
[ info ] [ LOG ] INIT File
---------------------------------------------------------------
[ 2018-04-08T17:22:21+08:00 ] 0.0.0.0 POST /Index/Login/check.html
[ info ] localhost/Index/Login/check.html [运行时间：0.053487s][吞吐率：18.70req/s] [内存消耗：2,506.52kb] [文件加载：61]
[ info ] [ LANG ] D:\Dentv\wwwroot\tp5.0\thinkphp/lang/zh-cn.php
[ info ] [ ROUTE ] array (
)
[ info ] [ HEADER ] array (
  'host' => 'localhost',
  'connection' => 'keep-alive',
  'content-length' => '40',
  'cache-control' => 'max-age=0',
  'origin' => 'http://localhost',
  'upgrade-insecure-requests' => '1',
  'content-type' => 'application/x-www-form-urlencoded',
  'user-agent' => 'Mozilla/5.0 (Windows NT 10.0; Win64; x64) AppleWebKit/537.36 (KHTML, like Gecko) Chrome/65.0.3325.181 Safari/537.36',
  'accept' => 'text/html,application/xhtml+xml,application/xml;q=0.9,image/webp,image/apng,*/*;q=0.8',
  'dnt' => '1',
  'referer' => 'http://localhost/Index/Login.html',
  'accept-encoding' => 'gzip, deflate, br',
  'accept-language' => 'zh-CN,zh;q=0.9,en-US;q=0.8,en;q=0.7',
  'cookie' => 'PHPSESSID=n7ds9pi8lhpbe5hd6okvfo2je2',
)
[ info ] [ PARAM ] array (
  'name' => 'admin',
  'password' => 'admin12345',
  'code' => '6982',
)
[ info ] [ SESSION ] INIT array (
  'id' => '',
  'var_session_id' => '',
  'prefix' => 'think',
  'type' => '',
  'auto_start' => true,
  'httponly' => true,
  'secure' => false,
)
[ info ] [ VIEW ] D:\Dentv\wwwroot\tp5.0\thinkphp/tpl/dispatch_jump.tpl [ array (
  0 => 'code',
  1 => 'msg',
  2 => 'data',
  3 => 'url',
  4 => 'wait',
) ]
[ info ] [ LOG ] INIT File
---------------------------------------------------------------
[ 2018-04-08T17:22:24+08:00 ] 0.0.0.0 GET /Index/Index/loginSuc.html
[ info ] localhost/Index/Index/loginSuc.html [运行时间：0.056813s][吞吐率：17.60req/s] [内存消耗：2,547.59kb] [文件加载：58]
[ info ] [ LANG ] D:\Dentv\wwwroot\tp5.0\thinkphp/lang/zh-cn.php
[ info ] [ ROUTE ] array (
)
[ info ] [ HEADER ] array (
  'host' => 'localhost',
  'connection' => 'keep-alive',
  'upgrade-insecure-requests' => '1',
  'user-agent' => 'Mozilla/5.0 (Windows NT 10.0; Win64; x64) AppleWebKit/537.36 (KHTML, like Gecko) Chrome/65.0.3325.181 Safari/537.36',
  'accept' => 'text/html,application/xhtml+xml,application/xml;q=0.9,image/webp,image/apng,*/*;q=0.8',
  'dnt' => '1',
  'referer' => 'http://localhost/Index/Login/check.html',
  'accept-encoding' => 'gzip, deflate, br',
  'accept-language' => 'zh-CN,zh;q=0.9,en-US;q=0.8,en;q=0.7',
  'cookie' => 'PHPSESSID=n7ds9pi8lhpbe5hd6okvfo2je2',
)
[ info ] [ PARAM ] array (
)
[ info ] [ VIEW ] ../application/view/index\loginsuc.html [ array (
) ]
[ info ] [ LOG ] INIT File
---------------------------------------------------------------
[ 2018-04-08T17:22:24+08:00 ] 0.0.0.0 GET /Index/Index/info.html
[ info ] localhost/Index/Index/info.html [运行时间：0.068611s][吞吐率：14.57req/s] [内存消耗：2,698.95kb] [文件加载：58]
[ info ] [ LANG ] D:\Dentv\wwwroot\tp5.0\thinkphp/lang/zh-cn.php
[ info ] [ ROUTE ] array (
)
[ info ] [ HEADER ] array (
  'host' => 'localhost',
  'connection' => 'keep-alive',
  'upgrade-insecure-requests' => '1',
  'user-agent' => 'Mozilla/5.0 (Windows NT 10.0; Win64; x64) AppleWebKit/537.36 (KHTML, like Gecko) Chrome/65.0.3325.181 Safari/537.36',
  'accept' => 'text/html,application/xhtml+xml,application/xml;q=0.9,image/webp,image/apng,*/*;q=0.8',
  'dnt' => '1',
  'referer' => 'http://localhost/Index/Index/loginSuc.html',
  'accept-encoding' => 'gzip, deflate, br',
  'accept-language' => 'zh-CN,zh;q=0.9,en-US;q=0.8,en;q=0.7',
  'cookie' => 'PHPSESSID=n7ds9pi8lhpbe5hd6okvfo2je2',
)
[ info ] [ PARAM ] array (
)
[ info ] [ VIEW ] ../application/view/index\info.html [ array (
) ]
[ info ] [ LOG ] INIT File
---------------------------------------------------------------
[ 2018-04-08T17:23:33+08:00 ] 0.0.0.0 GET /Index/Index/loginSuc.html
[ info ] localhost/Index/Index/loginSuc.html [运行时间：0.060056s][吞吐率：16.65req/s] [内存消耗：2,547.62kb] [文件加载：58]
[ info ] [ LANG ] D:\Dentv\wwwroot\tp5.0\thinkphp/lang/zh-cn.php
[ info ] [ ROUTE ] array (
)
[ info ] [ HEADER ] array (
  'host' => 'localhost',
  'connection' => 'keep-alive',
  'upgrade-insecure-requests' => '1',
  'user-agent' => 'Mozilla/5.0 (Windows NT 10.0; Win64; x64) AppleWebKit/537.36 (KHTML, like Gecko) Chrome/65.0.3325.181 Safari/537.36',
  'accept' => 'text/html,application/xhtml+xml,application/xml;q=0.9,image/webp,image/apng,*/*;q=0.8',
  'dnt' => '1',
  'referer' => 'http://localhost/Index/Index/loginSuc.html',
  'accept-encoding' => 'gzip, deflate, br',
  'accept-language' => 'zh-CN,zh;q=0.9,en-US;q=0.8,en;q=0.7',
  'cookie' => 'PHPSESSID=n7ds9pi8lhpbe5hd6okvfo2je2',
)
[ info ] [ PARAM ] array (
)
[ info ] [ VIEW ] ../application/view/index\loginsuc.html [ array (
) ]
[ info ] [ LOG ] INIT File
---------------------------------------------------------------
[ 2018-04-08T17:23:33+08:00 ] 0.0.0.0 GET /Index/Index/info.html
[ info ] localhost/Index/Index/info.html [运行时间：0.077038s][吞吐率：12.98req/s] [内存消耗：2,698.95kb] [文件加载：58]
[ info ] [ LANG ] D:\Dentv\wwwroot\tp5.0\thinkphp/lang/zh-cn.php
[ info ] [ ROUTE ] array (
)
[ info ] [ HEADER ] array (
  'host' => 'localhost',
  'connection' => 'keep-alive',
  'upgrade-insecure-requests' => '1',
  'user-agent' => 'Mozilla/5.0 (Windows NT 10.0; Win64; x64) AppleWebKit/537.36 (KHTML, like Gecko) Chrome/65.0.3325.181 Safari/537.36',
  'accept' => 'text/html,application/xhtml+xml,application/xml;q=0.9,image/webp,image/apng,*/*;q=0.8',
  'dnt' => '1',
  'referer' => 'http://localhost/Index/Index/loginSuc.html',
  'accept-encoding' => 'gzip, deflate, br',
  'accept-language' => 'zh-CN,zh;q=0.9,en-US;q=0.8,en;q=0.7',
  'cookie' => 'PHPSESSID=n7ds9pi8lhpbe5hd6okvfo2je2',
)
[ info ] [ PARAM ] array (
)
[ info ] [ VIEW ] ../application/view/index\info.html [ array (
) ]
[ info ] [ LOG ] INIT File
---------------------------------------------------------------
[ 2018-04-08T17:26:32+08:00 ] 0.0.0.0 GET /Index/Login.html
[ info ] localhost/Index/Login.html [运行时间：0.064025s][吞吐率：15.62req/s] [内存消耗：2,499.87kb] [文件加载：59]
[ info ] [ LANG ] D:\Dentv\wwwroot\tp5.0\thinkphp/lang/zh-cn.php
[ info ] [ ROUTE ] array (
)
[ info ] [ HEADER ] array (
  'host' => 'localhost',
  'connection' => 'keep-alive',
  'upgrade-insecure-requests' => '1',
  'user-agent' => 'Mozilla/5.0 (Windows NT 10.0; Win64; x64) AppleWebKit/537.36 (KHTML, like Gecko) Chrome/65.0.3325.181 Safari/537.36',
  'accept' => 'text/html,application/xhtml+xml,application/xml;q=0.9,image/webp,image/apng,*/*;q=0.8',
  'dnt' => '1',
  'referer' => 'http://localhost/Index/Index/loginSuc.html',
  'accept-encoding' => 'gzip, deflate, br',
  'accept-language' => 'zh-CN,zh;q=0.9,en-US;q=0.8,en;q=0.7',
  'cookie' => 'PHPSESSID=n7ds9pi8lhpbe5hd6okvfo2je2',
)
[ info ] [ PARAM ] array (
)
[ info ] [ VIEW ] ../application/view/login\index.html [ array (
) ]
[ info ] [ LOG ] INIT File
---------------------------------------------------------------
[ 2018-04-08T17:26:40+08:00 ] 0.0.0.0 POST /Index/Login/check.html
[ info ] localhost/Index/Login/check.html [运行时间：0.059570s][吞吐率：16.79req/s] [内存消耗：2,506.52kb] [文件加载：61]
[ info ] [ LANG ] D:\Dentv\wwwroot\tp5.0\thinkphp/lang/zh-cn.php
[ info ] [ ROUTE ] array (
)
[ info ] [ HEADER ] array (
  'host' => 'localhost',
  'connection' => 'keep-alive',
  'content-length' => '40',
  'cache-control' => 'max-age=0',
  'origin' => 'http://localhost',
  'upgrade-insecure-requests' => '1',
  'content-type' => 'application/x-www-form-urlencoded',
  'user-agent' => 'Mozilla/5.0 (Windows NT 10.0; Win64; x64) AppleWebKit/537.36 (KHTML, like Gecko) Chrome/65.0.3325.181 Safari/537.36',
  'accept' => 'text/html,application/xhtml+xml,application/xml;q=0.9,image/webp,image/apng,*/*;q=0.8',
  'dnt' => '1',
  'referer' => 'http://localhost/Index/Login.html',
  'accept-encoding' => 'gzip, deflate, br',
  'accept-language' => 'zh-CN,zh;q=0.9,en-US;q=0.8,en;q=0.7',
  'cookie' => 'PHPSESSID=n7ds9pi8lhpbe5hd6okvfo2je2',
)
[ info ] [ PARAM ] array (
  'name' => 'admin',
  'password' => 'admin12345',
  'code' => '6982',
)
[ info ] [ SESSION ] INIT array (
  'id' => '',
  'var_session_id' => '',
  'prefix' => 'think',
  'type' => '',
  'auto_start' => true,
  'httponly' => true,
  'secure' => false,
)
[ info ] [ VIEW ] D:\Dentv\wwwroot\tp5.0\thinkphp/tpl/dispatch_jump.tpl [ array (
  0 => 'code',
  1 => 'msg',
  2 => 'data',
  3 => 'url',
  4 => 'wait',
) ]
[ info ] [ LOG ] INIT File
---------------------------------------------------------------
[ 2018-04-08T17:26:44+08:00 ] 0.0.0.0 GET /Index/Index/loginSuc.html
[ info ] localhost/Index/Index/loginSuc.html [运行时间：0.062018s][吞吐率：16.12req/s] [内存消耗：2,799.46kb] [文件加载：60]
[ info ] [ LANG ] D:\Dentv\wwwroot\tp5.0\thinkphp/lang/zh-cn.php
[ info ] [ ROUTE ] array (
)
[ info ] [ HEADER ] array (
  'host' => 'localhost',
  'connection' => 'keep-alive',
  'upgrade-insecure-requests' => '1',
  'user-agent' => 'Mozilla/5.0 (Windows NT 10.0; Win64; x64) AppleWebKit/537.36 (KHTML, like Gecko) Chrome/65.0.3325.181 Safari/537.36',
  'accept' => 'text/html,application/xhtml+xml,application/xml;q=0.9,image/webp,image/apng,*/*;q=0.8',
  'dnt' => '1',
  'referer' => 'http://localhost/Index/Login/check.html',
  'accept-encoding' => 'gzip, deflate, br',
  'accept-language' => 'zh-CN,zh;q=0.9,en-US;q=0.8,en;q=0.7',
  'cookie' => 'PHPSESSID=n7ds9pi8lhpbe5hd6okvfo2je2',
)
[ info ] [ PARAM ] array (
)
[ info ] [ VIEW ] ../application/view/index\loginsuc.html [ array (
) ]
[ info ] [ LOG ] INIT File
---------------------------------------------------------------
[ 2018-04-08T17:26:44+08:00 ] 0.0.0.0 GET /Index/Index/info.html
[ info ] localhost/Index/Index/info.html [运行时间：0.064927s][吞吐率：15.40req/s] [内存消耗：2,437.46kb] [文件加载：56]
[ info ] [ LANG ] D:\Dentv\wwwroot\tp5.0\thinkphp/lang/zh-cn.php
[ info ] [ ROUTE ] array (
)
[ info ] [ HEADER ] array (
  'host' => 'localhost',
  'connection' => 'keep-alive',
  'upgrade-insecure-requests' => '1',
  'user-agent' => 'Mozilla/5.0 (Windows NT 10.0; Win64; x64) AppleWebKit/537.36 (KHTML, like Gecko) Chrome/65.0.3325.181 Safari/537.36',
  'accept' => 'text/html,application/xhtml+xml,application/xml;q=0.9,image/webp,image/apng,*/*;q=0.8',
  'dnt' => '1',
  'referer' => 'http://localhost/Index/Index/loginSuc.html',
  'accept-encoding' => 'gzip, deflate, br',
  'accept-language' => 'zh-CN,zh;q=0.9,en-US;q=0.8,en;q=0.7',
  'cookie' => 'PHPSESSID=n7ds9pi8lhpbe5hd6okvfo2je2',
)
[ info ] [ PARAM ] array (
)
[ info ] [ VIEW ] ../application/view/index\info.html [ array (
) ]
[ info ] [ LOG ] INIT File
---------------------------------------------------------------
[ 2018-04-08T17:56:15+08:00 ] 0.0.0.0 GET /Index/Index/loginSuc.html
[ info ] localhost/Index/Index/loginSuc.html [运行时间：0.066592s][吞吐率：15.02req/s] [内存消耗：1,920.13kb] [文件加载：50]
[ info ] [ LANG ] D:\Dentv\wwwroot\tp5.0\thinkphp/lang/zh-cn.php
[ info ] [ ROUTE ] array (
)
[ info ] [ HEADER ] array (
  'host' => 'localhost',
  'connection' => 'keep-alive',
  'upgrade-insecure-requests' => '1',
  'user-agent' => 'Mozilla/5.0 (Windows NT 10.0; Win64; x64) AppleWebKit/537.36 (KHTML, like Gecko) Chrome/65.0.3325.181 Safari/537.36',
  'accept' => 'text/html,application/xhtml+xml,application/xml;q=0.9,image/webp,image/apng,*/*;q=0.8',
  'dnt' => '1',
  'referer' => 'http://localhost/Index/Index/loginSuc.html',
  'accept-encoding' => 'gzip, deflate, br',
  'accept-language' => 'zh-CN,zh;q=0.9,en-US;q=0.8,en;q=0.7',
  'cookie' => 'PHPSESSID=n7ds9pi8lhpbe5hd6okvfo2je2',
)
[ info ] [ PARAM ] array (
)
[ info ] [ LOG ] INIT File
[ error ] [4]语法错误: unexpected ')'[D:\Dentv\wwwroot\tp5.0\application\index\controller\Index.php:39]
---------------------------------------------------------------
[ 2018-04-08T17:56:35+08:00 ] 0.0.0.0 GET /
[ info ] localhost/ [运行时间：0.064400s][吞吐率：15.53req/s] [内存消耗：2,550.15kb] [文件加载：58]
[ info ] [ LANG ] D:\Dentv\wwwroot\tp5.0\thinkphp/lang/zh-cn.php
[ info ] [ ROUTE ] array (
)
[ info ] [ HEADER ] array (
  'host' => 'localhost',
  'connection' => 'keep-alive',
  'upgrade-insecure-requests' => '1',
  'user-agent' => 'Mozilla/5.0 (Windows NT 10.0; Win64; x64) AppleWebKit/537.36 (KHTML, like Gecko) Chrome/65.0.3325.181 Safari/537.36',
  'accept' => 'text/html,application/xhtml+xml,application/xml;q=0.9,image/webp,image/apng,*/*;q=0.8',
  'dnt' => '1',
  'accept-encoding' => 'gzip, deflate, br',
  'accept-language' => 'zh-CN,zh;q=0.9,en-US;q=0.8,en;q=0.7',
  'cookie' => 'PHPSESSID=n7ds9pi8lhpbe5hd6okvfo2je2',
)
[ info ] [ PARAM ] array (
)
[ info ] [ VIEW ] ../application/view/login\index.html [ array (
) ]
[ info ] [ LOG ] INIT File
---------------------------------------------------------------
[ 2018-04-08T17:56:43+08:00 ] 0.0.0.0 POST /Index/Login/check.html
[ info ] localhost/Index/Login/check.html [运行时间：0.059764s][吞吐率：16.73req/s] [内存消耗：2,506.51kb] [文件加载：61]
[ info ] [ LANG ] D:\Dentv\wwwroot\tp5.0\thinkphp/lang/zh-cn.php
[ info ] [ ROUTE ] array (
)
[ info ] [ HEADER ] array (
  'host' => 'localhost',
  'connection' => 'keep-alive',
  'content-length' => '40',
  'cache-control' => 'max-age=0',
  'origin' => 'http://localhost',
  'upgrade-insecure-requests' => '1',
  'content-type' => 'application/x-www-form-urlencoded',
  'user-agent' => 'Mozilla/5.0 (Windows NT 10.0; Win64; x64) AppleWebKit/537.36 (KHTML, like Gecko) Chrome/65.0.3325.181 Safari/537.36',
  'accept' => 'text/html,application/xhtml+xml,application/xml;q=0.9,image/webp,image/apng,*/*;q=0.8',
  'dnt' => '1',
  'referer' => 'http://localhost/',
  'accept-encoding' => 'gzip, deflate, br',
  'accept-language' => 'zh-CN,zh;q=0.9,en-US;q=0.8,en;q=0.7',
  'cookie' => 'PHPSESSID=n7ds9pi8lhpbe5hd6okvfo2je2',
)
[ info ] [ PARAM ] array (
  'name' => 'admin',
  'password' => 'admin12345',
  'code' => '6982',
)
[ info ] [ SESSION ] INIT array (
  'id' => '',
  'var_session_id' => '',
  'prefix' => 'think',
  'type' => '',
  'auto_start' => true,
  'httponly' => true,
  'secure' => false,
)
[ info ] [ VIEW ] D:\Dentv\wwwroot\tp5.0\thinkphp/tpl/dispatch_jump.tpl [ array (
  0 => 'code',
  1 => 'msg',
  2 => 'data',
  3 => 'url',
  4 => 'wait',
) ]
[ info ] [ LOG ] INIT File
---------------------------------------------------------------
[ 2018-04-08T17:56:47+08:00 ] 0.0.0.0 GET /Index/Index/loginSuc.html
[ info ] localhost/Index/Index/loginSuc.html [运行时间：0.058304s][吞吐率：17.15req/s] [内存消耗：2,550.51kb] [文件加载：58]
[ info ] [ LANG ] D:\Dentv\wwwroot\tp5.0\thinkphp/lang/zh-cn.php
[ info ] [ ROUTE ] array (
)
[ info ] [ HEADER ] array (
  'host' => 'localhost',
  'connection' => 'keep-alive',
  'upgrade-insecure-requests' => '1',
  'user-agent' => 'Mozilla/5.0 (Windows NT 10.0; Win64; x64) AppleWebKit/537.36 (KHTML, like Gecko) Chrome/65.0.3325.181 Safari/537.36',
  'accept' => 'text/html,application/xhtml+xml,application/xml;q=0.9,image/webp,image/apng,*/*;q=0.8',
  'dnt' => '1',
  'referer' => 'http://localhost/Index/Login/check.html',
  'accept-encoding' => 'gzip, deflate, br',
  'accept-language' => 'zh-CN,zh;q=0.9,en-US;q=0.8,en;q=0.7',
  'cookie' => 'PHPSESSID=n7ds9pi8lhpbe5hd6okvfo2je2',
)
[ info ] [ PARAM ] array (
)
[ info ] [ VIEW ] ../application/view/index\loginsuc.html [ array (
) ]
[ info ] [ LOG ] INIT File
---------------------------------------------------------------
[ 2018-04-08T17:56:47+08:00 ] 0.0.0.0 GET /Index/Index/info.html
[ info ] localhost/Index/Index/info.html [运行时间：0.135707s][吞吐率：7.37req/s] [内存消耗：5,174.70kb] [文件加载：76]
[ info ] [ LANG ] D:\Dentv\wwwroot\tp5.0\thinkphp/lang/zh-cn.php
[ info ] [ ROUTE ] array (
)
[ info ] [ HEADER ] array (
  'host' => 'localhost',
  'connection' => 'keep-alive',
  'upgrade-insecure-requests' => '1',
  'user-agent' => 'Mozilla/5.0 (Windows NT 10.0; Win64; x64) AppleWebKit/537.36 (KHTML, like Gecko) Chrome/65.0.3325.181 Safari/537.36',
  'accept' => 'text/html,application/xhtml+xml,application/xml;q=0.9,image/webp,image/apng,*/*;q=0.8',
  'dnt' => '1',
  'referer' => 'http://localhost/Index/Index/loginSuc.html',
  'accept-encoding' => 'gzip, deflate, br',
  'accept-language' => 'zh-CN,zh;q=0.9,en-US;q=0.8,en;q=0.7',
  'cookie' => 'PHPSESSID=n7ds9pi8lhpbe5hd6okvfo2je2',
)
[ info ] [ PARAM ] array (
)
[ info ] [ DB ] INIT mysql
[ info ] [ VIEW ] ../application/view/index\info.html [ array (
  0 => 'list',
) ]
[ info ] [ LOG ] INIT File
[ sql ] [ DB ] CONNECT:[ UseTime:0.001209s ] mysql:host=127.0.0.1;dbname=zk_sysdata;charset=utf8
[ sql ] [ SQL ] SHOW COLUMNS FROM `zk_webinfo` [ RunTime:0.003129s ]
[ sql ] [ SQL ] SELECT MAX(`id`) AS tp_max FROM `zk_webinfo` LIMIT 1 [ RunTime:0.000629s ]
[ sql ] [ SQL ] SELECT * FROM `zk_webinfo` WHERE  `id` = '0' [ RunTime:0.000626s ]
[ error ] [4]语法错误: unexpected '" />' (T_CONSTANT_ENCAPSED_STRING)[D:\Dentv\wwwroot\tp5.0\runtime\temp\7b3155e7b4d2708da8ead732ab1e52c5.php:125]
---------------------------------------------------------------
[ 2018-04-08T17:57:25+08:00 ] 0.0.0.0 GET /Index/Index/loginSuc.html
[ info ] localhost/Index/Index/loginSuc.html [运行时间：0.087404s][吞吐率：11.44req/s] [内存消耗：2,550.47kb] [文件加载：58]
[ info ] [ LANG ] D:\Dentv\wwwroot\tp5.0\thinkphp/lang/zh-cn.php
[ info ] [ ROUTE ] array (
)
[ info ] [ HEADER ] array (
  'host' => 'localhost',
  'connection' => 'keep-alive',
  'upgrade-insecure-requests' => '1',
  'user-agent' => 'Mozilla/5.0 (Windows NT 10.0; Win64; x64) AppleWebKit/537.36 (KHTML, like Gecko) Chrome/65.0.3325.181 Safari/537.36',
  'accept' => 'text/html,application/xhtml+xml,application/xml;q=0.9,image/webp,image/apng,*/*;q=0.8',
  'dnt' => '1',
  'referer' => 'http://localhost/Index/Index/loginSuc.html',
  'accept-encoding' => 'gzip, deflate, br',
  'accept-language' => 'zh-CN,zh;q=0.9,en-US;q=0.8,en;q=0.7',
  'cookie' => 'PHPSESSID=n7ds9pi8lhpbe5hd6okvfo2je2',
)
[ info ] [ PARAM ] array (
)
[ info ] [ VIEW ] ../application/view/index\loginsuc.html [ array (
) ]
[ info ] [ LOG ] INIT File
---------------------------------------------------------------
[ 2018-04-08T17:57:25+08:00 ] 0.0.0.0 GET /Index/Index/info.html
[ info ] localhost/Index/Index/info.html [运行时间：0.134797s][吞吐率：7.42req/s] [内存消耗：5,176.05kb] [文件加载：76]
[ info ] [ LANG ] D:\Dentv\wwwroot\tp5.0\thinkphp/lang/zh-cn.php
[ info ] [ ROUTE ] array (
)
[ info ] [ HEADER ] array (
  'host' => 'localhost',
  'connection' => 'keep-alive',
  'upgrade-insecure-requests' => '1',
  'user-agent' => 'Mozilla/5.0 (Windows NT 10.0; Win64; x64) AppleWebKit/537.36 (KHTML, like Gecko) Chrome/65.0.3325.181 Safari/537.36',
  'accept' => 'text/html,application/xhtml+xml,application/xml;q=0.9,image/webp,image/apng,*/*;q=0.8',
  'dnt' => '1',
  'referer' => 'http://localhost/Index/Index/loginSuc.html',
  'accept-encoding' => 'gzip, deflate, br',
  'accept-language' => 'zh-CN,zh;q=0.9,en-US;q=0.8,en;q=0.7',
  'cookie' => 'PHPSESSID=n7ds9pi8lhpbe5hd6okvfo2je2',
)
[ info ] [ PARAM ] array (
)
[ info ] [ DB ] INIT mysql
[ info ] [ VIEW ] ../application/view/index\info.html [ array (
  0 => 'list',
) ]
[ info ] [ LOG ] INIT File
[ sql ] [ DB ] CONNECT:[ UseTime:0.001068s ] mysql:host=127.0.0.1;dbname=zk_sysdata;charset=utf8
[ sql ] [ SQL ] SHOW COLUMNS FROM `zk_webinfo` [ RunTime:0.004507s ]
[ sql ] [ SQL ] SELECT MAX(`id`) AS tp_max FROM `zk_webinfo` LIMIT 1 [ RunTime:0.000425s ]
[ sql ] [ SQL ] SELECT * FROM `zk_webinfo` WHERE  `id` = '0' [ RunTime:0.000523s ]
[ error ] [4]语法错误: unexpected '" />' (T_CONSTANT_ENCAPSED_STRING)[D:\Dentv\wwwroot\tp5.0\runtime\temp\7b3155e7b4d2708da8ead732ab1e52c5.php:144]
---------------------------------------------------------------
[ 2018-04-08T17:57:40+08:00 ] 0.0.0.0 GET /Index/Index/loginSuc.html
[ info ] localhost/Index/Index/loginSuc.html [运行时间：0.061155s][吞吐率：16.35req/s] [内存消耗：2,550.47kb] [文件加载：58]
[ info ] [ LANG ] D:\Dentv\wwwroot\tp5.0\thinkphp/lang/zh-cn.php
[ info ] [ ROUTE ] array (
)
[ info ] [ HEADER ] array (
  'host' => 'localhost',
  'connection' => 'keep-alive',
  'upgrade-insecure-requests' => '1',
  'user-agent' => 'Mozilla/5.0 (Windows NT 10.0; Win64; x64) AppleWebKit/537.36 (KHTML, like Gecko) Chrome/65.0.3325.181 Safari/537.36',
  'accept' => 'text/html,application/xhtml+xml,application/xml;q=0.9,image/webp,image/apng,*/*;q=0.8',
  'dnt' => '1',
  'referer' => 'http://localhost/Index/Index/loginSuc.html',
  'accept-encoding' => 'gzip, deflate, br',
  'accept-language' => 'zh-CN,zh;q=0.9,en-US;q=0.8,en;q=0.7',
  'cookie' => 'PHPSESSID=n7ds9pi8lhpbe5hd6okvfo2je2',
)
[ info ] [ PARAM ] array (
)
[ info ] [ VIEW ] ../application/view/index\loginsuc.html [ array (
) ]
[ info ] [ LOG ] INIT File
---------------------------------------------------------------
[ 2018-04-08T17:57:40+08:00 ] 0.0.0.0 GET /Index/Index/info.html
[ info ] localhost/Index/Index/info.html [运行时间：0.159623s][吞吐率：6.26req/s] [内存消耗：5,176.19kb] [文件加载：76]
[ info ] [ LANG ] D:\Dentv\wwwroot\tp5.0\thinkphp/lang/zh-cn.php
[ info ] [ ROUTE ] array (
)
[ info ] [ HEADER ] array (
  'host' => 'localhost',
  'connection' => 'keep-alive',
  'upgrade-insecure-requests' => '1',
  'user-agent' => 'Mozilla/5.0 (Windows NT 10.0; Win64; x64) AppleWebKit/537.36 (KHTML, like Gecko) Chrome/65.0.3325.181 Safari/537.36',
  'accept' => 'text/html,application/xhtml+xml,application/xml;q=0.9,image/webp,image/apng,*/*;q=0.8',
  'dnt' => '1',
  'referer' => 'http://localhost/Index/Index/loginSuc.html',
  'accept-encoding' => 'gzip, deflate, br',
  'accept-language' => 'zh-CN,zh;q=0.9,en-US;q=0.8,en;q=0.7',
  'cookie' => 'PHPSESSID=n7ds9pi8lhpbe5hd6okvfo2je2',
)
[ info ] [ PARAM ] array (
)
[ info ] [ DB ] INIT mysql
[ info ] [ VIEW ] ../application/view/index\info.html [ array (
  0 => 'list',
) ]
[ info ] [ LOG ] INIT File
[ sql ] [ DB ] CONNECT:[ UseTime:0.001167s ] mysql:host=127.0.0.1;dbname=zk_sysdata;charset=utf8
[ sql ] [ SQL ] SHOW COLUMNS FROM `zk_webinfo` [ RunTime:0.003430s ]
[ sql ] [ SQL ] SELECT MAX(`id`) AS tp_max FROM `zk_webinfo` LIMIT 1 [ RunTime:0.000427s ]
[ sql ] [ SQL ] SELECT * FROM `zk_webinfo` WHERE  `id` = '0' [ RunTime:0.000597s ]
[ error ] [4]语法错误: unexpected '" />' (T_CONSTANT_ENCAPSED_STRING)[D:\Dentv\wwwroot\tp5.0\runtime\temp\7b3155e7b4d2708da8ead732ab1e52c5.php:153]
---------------------------------------------------------------
[ 2018-04-08T17:57:54+08:00 ] 0.0.0.0 GET /Index/Index/loginSuc.html
[ info ] localhost/Index/Index/loginSuc.html [运行时间：0.058537s][吞吐率：17.08req/s] [内存消耗：2,550.47kb] [文件加载：58]
[ info ] [ LANG ] D:\Dentv\wwwroot\tp5.0\thinkphp/lang/zh-cn.php
[ info ] [ ROUTE ] array (
)
[ info ] [ HEADER ] array (
  'host' => 'localhost',
  'connection' => 'keep-alive',
  'upgrade-insecure-requests' => '1',
  'user-agent' => 'Mozilla/5.0 (Windows NT 10.0; Win64; x64) AppleWebKit/537.36 (KHTML, like Gecko) Chrome/65.0.3325.181 Safari/537.36',
  'accept' => 'text/html,application/xhtml+xml,application/xml;q=0.9,image/webp,image/apng,*/*;q=0.8',
  'dnt' => '1',
  'referer' => 'http://localhost/Index/Index/loginSuc.html',
  'accept-encoding' => 'gzip, deflate, br',
  'accept-language' => 'zh-CN,zh;q=0.9,en-US;q=0.8,en;q=0.7',
  'cookie' => 'PHPSESSID=n7ds9pi8lhpbe5hd6okvfo2je2',
)
[ info ] [ PARAM ] array (
)
[ info ] [ VIEW ] ../application/view/index\loginsuc.html [ array (
) ]
[ info ] [ LOG ] INIT File
---------------------------------------------------------------
[ 2018-04-08T17:57:54+08:00 ] 0.0.0.0 GET /Index/Index/info.html
[ info ] localhost/Index/Index/info.html [运行时间：0.129609s][吞吐率：7.72req/s] [内存消耗：5,136.82kb] [文件加载：77]
[ info ] [ LANG ] D:\Dentv\wwwroot\tp5.0\thinkphp/lang/zh-cn.php
[ info ] [ ROUTE ] array (
)
[ info ] [ HEADER ] array (
  'host' => 'localhost',
  'connection' => 'keep-alive',
  'upgrade-insecure-requests' => '1',
  'user-agent' => 'Mozilla/5.0 (Windows NT 10.0; Win64; x64) AppleWebKit/537.36 (KHTML, like Gecko) Chrome/65.0.3325.181 Safari/537.36',
  'accept' => 'text/html,application/xhtml+xml,application/xml;q=0.9,image/webp,image/apng,*/*;q=0.8',
  'dnt' => '1',
  'referer' => 'http://localhost/Index/Index/loginSuc.html',
  'accept-encoding' => 'gzip, deflate, br',
  'accept-language' => 'zh-CN,zh;q=0.9,en-US;q=0.8,en;q=0.7',
  'cookie' => 'PHPSESSID=n7ds9pi8lhpbe5hd6okvfo2je2',
)
[ info ] [ PARAM ] array (
)
[ info ] [ DB ] INIT mysql
[ info ] [ VIEW ] ../application/view/index\info.html [ array (
  0 => 'list',
) ]
[ info ] [ LOG ] INIT File
[ sql ] [ DB ] CONNECT:[ UseTime:0.001296s ] mysql:host=127.0.0.1;dbname=zk_sysdata;charset=utf8
[ sql ] [ SQL ] SHOW COLUMNS FROM `zk_webinfo` [ RunTime:0.004452s ]
[ sql ] [ SQL ] SELECT MAX(`id`) AS tp_max FROM `zk_webinfo` LIMIT 1 [ RunTime:0.000533s ]
[ sql ] [ SQL ] SELECT * FROM `zk_webinfo` WHERE  `id` = '0' [ RunTime:0.000610s ]
[ error ] [8]未定义数组下标: 0[D:\Dentv\wwwroot\tp5.0\thinkphp\library\think\Collection.php:322]
---------------------------------------------------------------
[ 2018-04-08T17:58:36+08:00 ] 0.0.0.0 GET /Index/Index/loginSuc.html
[ info ] localhost/Index/Index/loginSuc.html [运行时间：0.063397s][吞吐率：15.77req/s] [内存消耗：2,551.30kb] [文件加载：58]
[ info ] [ LANG ] D:\Dentv\wwwroot\tp5.0\thinkphp/lang/zh-cn.php
[ info ] [ ROUTE ] array (
)
[ info ] [ HEADER ] array (
  'host' => 'localhost',
  'connection' => 'keep-alive',
  'upgrade-insecure-requests' => '1',
  'user-agent' => 'Mozilla/5.0 (Windows NT 10.0; Win64; x64) AppleWebKit/537.36 (KHTML, like Gecko) Chrome/65.0.3325.181 Safari/537.36',
  'accept' => 'text/html,application/xhtml+xml,application/xml;q=0.9,image/webp,image/apng,*/*;q=0.8',
  'dnt' => '1',
  'referer' => 'http://localhost/Index/Index/loginSuc.html',
  'accept-encoding' => 'gzip, deflate, br',
  'accept-language' => 'zh-CN,zh;q=0.9,en-US;q=0.8,en;q=0.7',
  'cookie' => 'PHPSESSID=n7ds9pi8lhpbe5hd6okvfo2je2',
)
[ info ] [ PARAM ] array (
)
[ info ] [ VIEW ] ../application/view/index\loginsuc.html [ array (
) ]
[ info ] [ LOG ] INIT File
---------------------------------------------------------------
[ 2018-04-08T17:58:36+08:00 ] 0.0.0.0 GET /Index/Index/info.html
[ info ] localhost/Index/Index/info.html [运行时间：0.097847s][吞吐率：10.22req/s] [内存消耗：4,561.38kb] [文件加载：67]
[ info ] [ LANG ] D:\Dentv\wwwroot\tp5.0\thinkphp/lang/zh-cn.php
[ info ] [ ROUTE ] array (
)
[ info ] [ HEADER ] array (
  'host' => 'localhost',
  'connection' => 'keep-alive',
  'upgrade-insecure-requests' => '1',
  'user-agent' => 'Mozilla/5.0 (Windows NT 10.0; Win64; x64) AppleWebKit/537.36 (KHTML, like Gecko) Chrome/65.0.3325.181 Safari/537.36',
  'accept' => 'text/html,application/xhtml+xml,application/xml;q=0.9,image/webp,image/apng,*/*;q=0.8',
  'dnt' => '1',
  'referer' => 'http://localhost/Index/Index/loginSuc.html',
  'accept-encoding' => 'gzip, deflate, br',
  'accept-language' => 'zh-CN,zh;q=0.9,en-US;q=0.8,en;q=0.7',
  'cookie' => 'PHPSESSID=n7ds9pi8lhpbe5hd6okvfo2je2',
)
[ info ] [ PARAM ] array (
)
[ info ] [ DB ] INIT mysql
[ info ] [ LOG ] INIT File
[ sql ] [ DB ] CONNECT:[ UseTime:0.001138s ] mysql:host=127.0.0.1;dbname=zk_sysdata;charset=utf8
[ sql ] [ SQL ] SHOW COLUMNS FROM `zk_webinfo` [ RunTime:0.002921s ]
[ sql ] [ SQL ] SELECT MAX(`id`) AS tp_max FROM `zk_webinfo` LIMIT 1 [ RunTime:0.000532s ]
[ sql ] [ SQL ] SELECT * FROM `zk_webinfo` WHERE  `id` = '0' [ RunTime:0.000527s ]
---------------------------------------------------------------
[ 2018-04-08T18:01:13+08:00 ] 0.0.0.0 GET /Index/Index/loginSuc.html
[ info ] localhost/Index/Index/loginSuc.html [运行时间：0.074306s][吞吐率：13.46req/s] [内存消耗：2,550.47kb] [文件加载：58]
[ info ] [ LANG ] D:\Dentv\wwwroot\tp5.0\thinkphp/lang/zh-cn.php
[ info ] [ ROUTE ] array (
)
[ info ] [ HEADER ] array (
  'host' => 'localhost',
  'connection' => 'keep-alive',
  'upgrade-insecure-requests' => '1',
  'user-agent' => 'Mozilla/5.0 (Windows NT 10.0; Win64; x64) AppleWebKit/537.36 (KHTML, like Gecko) Chrome/65.0.3325.181 Safari/537.36',
  'accept' => 'text/html,application/xhtml+xml,application/xml;q=0.9,image/webp,image/apng,*/*;q=0.8',
  'dnt' => '1',
  'referer' => 'http://localhost/Index/Index/loginSuc.html',
  'accept-encoding' => 'gzip, deflate, br',
  'accept-language' => 'zh-CN,zh;q=0.9,en-US;q=0.8,en;q=0.7',
  'cookie' => 'PHPSESSID=n7ds9pi8lhpbe5hd6okvfo2je2',
)
[ info ] [ PARAM ] array (
)
[ info ] [ VIEW ] ../application/view/index\loginsuc.html [ array (
) ]
[ info ] [ LOG ] INIT File
---------------------------------------------------------------
[ 2018-04-08T18:01:14+08:00 ] 0.0.0.0 GET /Index/Index/info.html
[ info ] localhost/Index/Index/info.html [运行时间：0.114572s][吞吐率：8.73req/s] [内存消耗：4,867.95kb] [文件加载：75]
[ info ] [ LANG ] D:\Dentv\wwwroot\tp5.0\thinkphp/lang/zh-cn.php
[ info ] [ ROUTE ] array (
)
[ info ] [ HEADER ] array (
  'host' => 'localhost',
  'connection' => 'keep-alive',
  'upgrade-insecure-requests' => '1',
  'user-agent' => 'Mozilla/5.0 (Windows NT 10.0; Win64; x64) AppleWebKit/537.36 (KHTML, like Gecko) Chrome/65.0.3325.181 Safari/537.36',
  'accept' => 'text/html,application/xhtml+xml,application/xml;q=0.9,image/webp,image/apng,*/*;q=0.8',
  'dnt' => '1',
  'referer' => 'http://localhost/Index/Index/loginSuc.html',
  'accept-encoding' => 'gzip, deflate, br',
  'accept-language' => 'zh-CN,zh;q=0.9,en-US;q=0.8,en;q=0.7',
  'cookie' => 'PHPSESSID=n7ds9pi8lhpbe5hd6okvfo2je2',
)
[ info ] [ PARAM ] array (
)
[ info ] [ DB ] INIT mysql
[ info ] [ VIEW ] ../application/view/index\info.html [ array (
  0 => 'list',
) ]
[ info ] [ LOG ] INIT File
[ sql ] [ DB ] CONNECT:[ UseTime:0.001073s ] mysql:host=127.0.0.1;dbname=zk_sysdata;charset=utf8
[ sql ] [ SQL ] SHOW COLUMNS FROM `zk_webinfo` [ RunTime:0.001069s ]
[ sql ] [ SQL ] SELECT MAX(`id`) AS tp_max FROM `zk_webinfo` LIMIT 1 [ RunTime:0.000433s ]
[ sql ] [ SQL ] SELECT * FROM `zk_webinfo` WHERE  `id` = '0' [ RunTime:0.000510s ]
[ error ] [8]未定义数组下标: 0[D:\Dentv\wwwroot\tp5.0\thinkphp\library\think\Collection.php:322]
---------------------------------------------------------------
[ 2018-04-08T18:01:35+08:00 ] 0.0.0.0 GET /Index/Index/loginSuc.html
[ info ] localhost/Index/Index/loginSuc.html [运行时间：0.086507s][吞吐率：11.56req/s] [内存消耗：2,551.30kb] [文件加载：58]
[ info ] [ LANG ] D:\Dentv\wwwroot\tp5.0\thinkphp/lang/zh-cn.php
[ info ] [ ROUTE ] array (
)
[ info ] [ HEADER ] array (
  'host' => 'localhost',
  'connection' => 'keep-alive',
  'upgrade-insecure-requests' => '1',
  'user-agent' => 'Mozilla/5.0 (Windows NT 10.0; Win64; x64) AppleWebKit/537.36 (KHTML, like Gecko) Chrome/65.0.3325.181 Safari/537.36',
  'accept' => 'text/html,application/xhtml+xml,application/xml;q=0.9,image/webp,image/apng,*/*;q=0.8',
  'dnt' => '1',
  'referer' => 'http://localhost/Index/Index/loginSuc.html',
  'accept-encoding' => 'gzip, deflate, br',
  'accept-language' => 'zh-CN,zh;q=0.9,en-US;q=0.8,en;q=0.7',
  'cookie' => 'PHPSESSID=n7ds9pi8lhpbe5hd6okvfo2je2',
)
[ info ] [ PARAM ] array (
)
[ info ] [ VIEW ] ../application/view/index\loginsuc.html [ array (
) ]
[ info ] [ LOG ] INIT File
---------------------------------------------------------------
[ 2018-04-08T18:01:35+08:00 ] 0.0.0.0 GET /Index/Index/info.html
[ info ] localhost/Index/Index/info.html [运行时间：0.126575s][吞吐率：7.90req/s] [内存消耗：4,561.38kb] [文件加载：67]
[ info ] [ LANG ] D:\Dentv\wwwroot\tp5.0\thinkphp/lang/zh-cn.php
[ info ] [ ROUTE ] array (
)
[ info ] [ HEADER ] array (
  'host' => 'localhost',
  'connection' => 'keep-alive',
  'upgrade-insecure-requests' => '1',
  'user-agent' => 'Mozilla/5.0 (Windows NT 10.0; Win64; x64) AppleWebKit/537.36 (KHTML, like Gecko) Chrome/65.0.3325.181 Safari/537.36',
  'accept' => 'text/html,application/xhtml+xml,application/xml;q=0.9,image/webp,image/apng,*/*;q=0.8',
  'dnt' => '1',
  'referer' => 'http://localhost/Index/Index/loginSuc.html',
  'accept-encoding' => 'gzip, deflate, br',
  'accept-language' => 'zh-CN,zh;q=0.9,en-US;q=0.8,en;q=0.7',
  'cookie' => 'PHPSESSID=n7ds9pi8lhpbe5hd6okvfo2je2',
)
[ info ] [ PARAM ] array (
)
[ info ] [ DB ] INIT mysql
[ info ] [ LOG ] INIT File
[ sql ] [ DB ] CONNECT:[ UseTime:0.001158s ] mysql:host=127.0.0.1;dbname=zk_sysdata;charset=utf8
[ sql ] [ SQL ] SHOW COLUMNS FROM `zk_webinfo` [ RunTime:0.001917s ]
[ sql ] [ SQL ] SELECT MAX(`id`) AS tp_max FROM `zk_webinfo` LIMIT 1 [ RunTime:0.000923s ]
[ sql ] [ SQL ] SELECT * FROM `zk_webinfo` WHERE  `id` = '0' [ RunTime:0.001781s ]
---------------------------------------------------------------
[ 2018-04-08T18:01:39+08:00 ] 0.0.0.0 GET /Index/Index/loginSuc.html
[ info ] localhost/Index/Index/loginSuc.html [运行时间：0.060225s][吞吐率：16.60req/s] [内存消耗：2,551.30kb] [文件加载：58]
[ info ] [ LANG ] D:\Dentv\wwwroot\tp5.0\thinkphp/lang/zh-cn.php
[ info ] [ ROUTE ] array (
)
[ info ] [ HEADER ] array (
  'host' => 'localhost',
  'connection' => 'keep-alive',
  'upgrade-insecure-requests' => '1',
  'user-agent' => 'Mozilla/5.0 (Windows NT 10.0; Win64; x64) AppleWebKit/537.36 (KHTML, like Gecko) Chrome/65.0.3325.181 Safari/537.36',
  'accept' => 'text/html,application/xhtml+xml,application/xml;q=0.9,image/webp,image/apng,*/*;q=0.8',
  'dnt' => '1',
  'referer' => 'http://localhost/Index/Index/loginSuc.html',
  'accept-encoding' => 'gzip, deflate, br',
  'accept-language' => 'zh-CN,zh;q=0.9,en-US;q=0.8,en;q=0.7',
  'cookie' => 'PHPSESSID=n7ds9pi8lhpbe5hd6okvfo2je2',
)
[ info ] [ PARAM ] array (
)
[ info ] [ VIEW ] ../application/view/index\loginsuc.html [ array (
) ]
[ info ] [ LOG ] INIT File
---------------------------------------------------------------
[ 2018-04-08T18:01:39+08:00 ] 0.0.0.0 GET /Index/Index/info.html
[ info ] localhost/Index/Index/info.html [运行时间：0.090746s][吞吐率：11.02req/s] [内存消耗：4,561.38kb] [文件加载：67]
[ info ] [ LANG ] D:\Dentv\wwwroot\tp5.0\thinkphp/lang/zh-cn.php
[ info ] [ ROUTE ] array (
)
[ info ] [ HEADER ] array (
  'host' => 'localhost',
  'connection' => 'keep-alive',
  'upgrade-insecure-requests' => '1',
  'user-agent' => 'Mozilla/5.0 (Windows NT 10.0; Win64; x64) AppleWebKit/537.36 (KHTML, like Gecko) Chrome/65.0.3325.181 Safari/537.36',
  'accept' => 'text/html,application/xhtml+xml,application/xml;q=0.9,image/webp,image/apng,*/*;q=0.8',
  'dnt' => '1',
  'referer' => 'http://localhost/Index/Index/loginSuc.html',
  'accept-encoding' => 'gzip, deflate, br',
  'accept-language' => 'zh-CN,zh;q=0.9,en-US;q=0.8,en;q=0.7',
  'cookie' => 'PHPSESSID=n7ds9pi8lhpbe5hd6okvfo2je2',
)
[ info ] [ PARAM ] array (
)
[ info ] [ DB ] INIT mysql
[ info ] [ LOG ] INIT File
[ sql ] [ DB ] CONNECT:[ UseTime:0.001228s ] mysql:host=127.0.0.1;dbname=zk_sysdata;charset=utf8
[ sql ] [ SQL ] SHOW COLUMNS FROM `zk_webinfo` [ RunTime:0.001224s ]
[ sql ] [ SQL ] SELECT MAX(`id`) AS tp_max FROM `zk_webinfo` LIMIT 1 [ RunTime:0.000590s ]
[ sql ] [ SQL ] SELECT * FROM `zk_webinfo` WHERE  `id` = '0' [ RunTime:0.000633s ]
---------------------------------------------------------------
[ 2018-04-08T18:03:23+08:00 ] 0.0.0.0 GET /Index/Index/adduser.html
[ info ] localhost/Index/Index/adduser.html [运行时间：0.086842s][吞吐率：11.52req/s] [内存消耗：2,440.84kb] [文件加载：56]
[ info ] [ LANG ] D:\Dentv\wwwroot\tp5.0\thinkphp/lang/zh-cn.php
[ info ] [ ROUTE ] array (
)
[ info ] [ HEADER ] array (
  'host' => 'localhost',
  'connection' => 'keep-alive',
  'upgrade-insecure-requests' => '1',
  'user-agent' => 'Mozilla/5.0 (Windows NT 10.0; Win64; x64) AppleWebKit/537.36 (KHTML, like Gecko) Chrome/65.0.3325.181 Safari/537.36',
  'accept' => 'text/html,application/xhtml+xml,application/xml;q=0.9,image/webp,image/apng,*/*;q=0.8',
  'dnt' => '1',
  'referer' => 'http://localhost/Index/Index/loginSuc.html',
  'accept-encoding' => 'gzip, deflate, br',
  'accept-language' => 'zh-CN,zh;q=0.9,en-US;q=0.8,en;q=0.7',
  'cookie' => 'PHPSESSID=n7ds9pi8lhpbe5hd6okvfo2je2',
)
[ info ] [ PARAM ] array (
)
[ info ] [ VIEW ] ../application/view/index\adduser.html [ array (
) ]
[ info ] [ LOG ] INIT File
---------------------------------------------------------------
[ 2018-04-08T18:03:24+08:00 ] 0.0.0.0 GET /Index/Index/adminpass.html
[ info ] localhost/Index/Index/adminpass.html [运行时间：0.057000s][吞吐率：17.54req/s] [内存消耗：2,551.23kb] [文件加载：58]
[ info ] [ LANG ] D:\Dentv\wwwroot\tp5.0\thinkphp/lang/zh-cn.php
[ info ] [ ROUTE ] array (
)
[ info ] [ HEADER ] array (
  'host' => 'localhost',
  'connection' => 'keep-alive',
  'upgrade-insecure-requests' => '1',
  'user-agent' => 'Mozilla/5.0 (Windows NT 10.0; Win64; x64) AppleWebKit/537.36 (KHTML, like Gecko) Chrome/65.0.3325.181 Safari/537.36',
  'accept' => 'text/html,application/xhtml+xml,application/xml;q=0.9,image/webp,image/apng,*/*;q=0.8',
  'dnt' => '1',
  'referer' => 'http://localhost/Index/Index/loginSuc.html',
  'accept-encoding' => 'gzip, deflate, br',
  'accept-language' => 'zh-CN,zh;q=0.9,en-US;q=0.8,en;q=0.7',
  'cookie' => 'PHPSESSID=n7ds9pi8lhpbe5hd6okvfo2je2',
)
[ info ] [ PARAM ] array (
)
[ info ] [ VIEW ] ../application/view/index\adminpass.html [ array (
) ]
[ info ] [ LOG ] INIT File
---------------------------------------------------------------
[ 2018-04-08T18:03:26+08:00 ] 0.0.0.0 GET /Index/Index/loginSuc.html
[ info ] localhost/Index/Index/loginSuc.html [运行时间：0.080165s][吞吐率：12.47req/s] [内存消耗：2,551.30kb] [文件加载：58]
[ info ] [ LANG ] D:\Dentv\wwwroot\tp5.0\thinkphp/lang/zh-cn.php
[ info ] [ ROUTE ] array (
)
[ info ] [ HEADER ] array (
  'host' => 'localhost',
  'connection' => 'keep-alive',
  'upgrade-insecure-requests' => '1',
  'user-agent' => 'Mozilla/5.0 (Windows NT 10.0; Win64; x64) AppleWebKit/537.36 (KHTML, like Gecko) Chrome/65.0.3325.181 Safari/537.36',
  'accept' => 'text/html,application/xhtml+xml,application/xml;q=0.9,image/webp,image/apng,*/*;q=0.8',
  'dnt' => '1',
  'referer' => 'http://localhost/Index/Index/loginSuc.html',
  'accept-encoding' => 'gzip, deflate, br',
  'accept-language' => 'zh-CN,zh;q=0.9,en-US;q=0.8,en;q=0.7',
  'cookie' => 'PHPSESSID=n7ds9pi8lhpbe5hd6okvfo2je2',
)
[ info ] [ PARAM ] array (
)
[ info ] [ VIEW ] ../application/view/index\loginsuc.html [ array (
) ]
[ info ] [ LOG ] INIT File
---------------------------------------------------------------
[ 2018-04-08T18:03:26+08:00 ] 0.0.0.0 GET /Index/Index/info.html
[ info ] localhost/Index/Index/info.html [运行时间：0.094524s][吞吐率：10.58req/s] [内存消耗：4,561.31kb] [文件加载：67]
[ info ] [ LANG ] D:\Dentv\wwwroot\tp5.0\thinkphp/lang/zh-cn.php
[ info ] [ ROUTE ] array (
)
[ info ] [ HEADER ] array (
  'host' => 'localhost',
  'connection' => 'keep-alive',
  'upgrade-insecure-requests' => '1',
  'user-agent' => 'Mozilla/5.0 (Windows NT 10.0; Win64; x64) AppleWebKit/537.36 (KHTML, like Gecko) Chrome/65.0.3325.181 Safari/537.36',
  'accept' => 'text/html,application/xhtml+xml,application/xml;q=0.9,image/webp,image/apng,*/*;q=0.8',
  'dnt' => '1',
  'referer' => 'http://localhost/Index/Index/loginSuc.html',
  'accept-encoding' => 'gzip, deflate, br',
  'accept-language' => 'zh-CN,zh;q=0.9,en-US;q=0.8,en;q=0.7',
  'cookie' => 'PHPSESSID=n7ds9pi8lhpbe5hd6okvfo2je2',
)
[ info ] [ PARAM ] array (
)
[ info ] [ DB ] INIT mysql
[ info ] [ LOG ] INIT File
[ sql ] [ DB ] CONNECT:[ UseTime:0.001129s ] mysql:host=127.0.0.1;dbname=zk_sysdata;charset=utf8
[ sql ] [ SQL ] SHOW COLUMNS FROM `zk_webinfo` [ RunTime:0.003224s ]
[ sql ] [ SQL ] SELECT MAX(`id`) AS tp_max FROM `zk_webinfo` LIMIT 1 [ RunTime:0.000388s ]
[ sql ] [ SQL ] SELECT * FROM `zk_webinfo` WHERE  `id` = 0 [ RunTime:0.000500s ]
---------------------------------------------------------------
[ 2018-04-08T18:03:41+08:00 ] 0.0.0.0 GET /Index/Index/adminpass.html
[ info ] localhost/Index/Index/adminpass.html [运行时间：0.053499s][吞吐率：18.69req/s] [内存消耗：2,550.45kb] [文件加载：58]
[ info ] [ LANG ] D:\Dentv\wwwroot\tp5.0\thinkphp/lang/zh-cn.php
[ info ] [ ROUTE ] array (
)
[ info ] [ HEADER ] array (
  'host' => 'localhost',
  'connection' => 'keep-alive',
  'upgrade-insecure-requests' => '1',
  'user-agent' => 'Mozilla/5.0 (Windows NT 10.0; Win64; x64) AppleWebKit/537.36 (KHTML, like Gecko) Chrome/65.0.3325.181 Safari/537.36',
  'accept' => 'text/html,application/xhtml+xml,application/xml;q=0.9,image/webp,image/apng,*/*;q=0.8',
  'dnt' => '1',
  'referer' => 'http://localhost/Index/Index/loginSuc.html',
  'accept-encoding' => 'gzip, deflate, br',
  'accept-language' => 'zh-CN,zh;q=0.9,en-US;q=0.8,en;q=0.7',
  'cookie' => 'PHPSESSID=n7ds9pi8lhpbe5hd6okvfo2je2',
)
[ info ] [ PARAM ] array (
)
[ info ] [ VIEW ] ../application/view/index\adminpass.html [ array (
) ]
[ info ] [ LOG ] INIT File
---------------------------------------------------------------
[ 2018-04-08T18:03:41+08:00 ] 0.0.0.0 GET /Index/Index/adduser.html
[ info ] localhost/Index/Index/adduser.html [运行时间：0.052353s][吞吐率：19.10req/s] [内存消耗：2,440.22kb] [文件加载：56]
[ info ] [ LANG ] D:\Dentv\wwwroot\tp5.0\thinkphp/lang/zh-cn.php
[ info ] [ ROUTE ] array (
)
[ info ] [ HEADER ] array (
  'host' => 'localhost',
  'connection' => 'keep-alive',
  'upgrade-insecure-requests' => '1',
  'user-agent' => 'Mozilla/5.0 (Windows NT 10.0; Win64; x64) AppleWebKit/537.36 (KHTML, like Gecko) Chrome/65.0.3325.181 Safari/537.36',
  'accept' => 'text/html,application/xhtml+xml,application/xml;q=0.9,image/webp,image/apng,*/*;q=0.8',
  'dnt' => '1',
  'referer' => 'http://localhost/Index/Index/loginSuc.html',
  'accept-encoding' => 'gzip, deflate, br',
  'accept-language' => 'zh-CN,zh;q=0.9,en-US;q=0.8,en;q=0.7',
  'cookie' => 'PHPSESSID=n7ds9pi8lhpbe5hd6okvfo2je2',
)
[ info ] [ PARAM ] array (
)
[ info ] [ VIEW ] ../application/view/index\adduser.html [ array (
) ]
[ info ] [ LOG ] INIT File
---------------------------------------------------------------
[ 2018-04-08T18:03:42+08:00 ] 0.0.0.0 GET /Index/Index/loginSuc.html
[ info ] localhost/Index/Index/loginSuc.html [运行时间：0.057157s][吞吐率：17.50req/s] [内存消耗：2,550.47kb] [文件加载：58]
[ info ] [ LANG ] D:\Dentv\wwwroot\tp5.0\thinkphp/lang/zh-cn.php
[ info ] [ ROUTE ] array (
)
[ info ] [ HEADER ] array (
  'host' => 'localhost',
  'connection' => 'keep-alive',
  'upgrade-insecure-requests' => '1',
  'user-agent' => 'Mozilla/5.0 (Windows NT 10.0; Win64; x64) AppleWebKit/537.36 (KHTML, like Gecko) Chrome/65.0.3325.181 Safari/537.36',
  'accept' => 'text/html,application/xhtml+xml,application/xml;q=0.9,image/webp,image/apng,*/*;q=0.8',
  'dnt' => '1',
  'referer' => 'http://localhost/Index/Index/loginSuc.html',
  'accept-encoding' => 'gzip, deflate, br',
  'accept-language' => 'zh-CN,zh;q=0.9,en-US;q=0.8,en;q=0.7',
  'cookie' => 'PHPSESSID=n7ds9pi8lhpbe5hd6okvfo2je2',
)
[ info ] [ PARAM ] array (
)
[ info ] [ VIEW ] ../application/view/index\loginsuc.html [ array (
) ]
[ info ] [ LOG ] INIT File
---------------------------------------------------------------
[ 2018-04-08T18:03:42+08:00 ] 0.0.0.0 GET /Index/Index/info.html
[ info ] localhost/Index/Index/info.html [运行时间：0.146930s][吞吐率：6.81req/s] [内存消耗：4,867.92kb] [文件加载：75]
[ info ] [ LANG ] D:\Dentv\wwwroot\tp5.0\thinkphp/lang/zh-cn.php
[ info ] [ ROUTE ] array (
)
[ info ] [ HEADER ] array (
  'host' => 'localhost',
  'connection' => 'keep-alive',
  'upgrade-insecure-requests' => '1',
  'user-agent' => 'Mozilla/5.0 (Windows NT 10.0; Win64; x64) AppleWebKit/537.36 (KHTML, like Gecko) Chrome/65.0.3325.181 Safari/537.36',
  'accept' => 'text/html,application/xhtml+xml,application/xml;q=0.9,image/webp,image/apng,*/*;q=0.8',
  'dnt' => '1',
  'referer' => 'http://localhost/Index/Index/loginSuc.html',
  'accept-encoding' => 'gzip, deflate, br',
  'accept-language' => 'zh-CN,zh;q=0.9,en-US;q=0.8,en;q=0.7',
  'cookie' => 'PHPSESSID=n7ds9pi8lhpbe5hd6okvfo2je2',
)
[ info ] [ PARAM ] array (
)
[ info ] [ DB ] INIT mysql
[ info ] [ VIEW ] ../application/view/index\info.html [ array (
  0 => 'list',
) ]
[ info ] [ LOG ] INIT File
[ sql ] [ DB ] CONNECT:[ UseTime:0.001549s ] mysql:host=127.0.0.1;dbname=zk_sysdata;charset=utf8
[ sql ] [ SQL ] SHOW COLUMNS FROM `zk_webinfo` [ RunTime:0.003225s ]
[ sql ] [ SQL ] SELECT MAX(`id`) AS tp_max FROM `zk_webinfo` LIMIT 1 [ RunTime:0.000530s ]
[ sql ] [ SQL ] SELECT * FROM `zk_webinfo` WHERE  `id` = 0 [ RunTime:0.000669s ]
[ error ] [8]未定义数组下标: 0[D:\Dentv\wwwroot\tp5.0\thinkphp\library\think\Collection.php:322]
---------------------------------------------------------------
[ 2018-04-08T18:05:39+08:00 ] 0.0.0.0 GET /Index/Index/loginSuc.html
[ info ] localhost/Index/Index/loginSuc.html [运行时间：0.056877s][吞吐率：17.58req/s] [内存消耗：2,550.47kb] [文件加载：58]
[ info ] [ LANG ] D:\Dentv\wwwroot\tp5.0\thinkphp/lang/zh-cn.php
[ info ] [ ROUTE ] array (
)
[ info ] [ HEADER ] array (
  'host' => 'localhost',
  'connection' => 'keep-alive',
  'upgrade-insecure-requests' => '1',
  'user-agent' => 'Mozilla/5.0 (Windows NT 10.0; Win64; x64) AppleWebKit/537.36 (KHTML, like Gecko) Chrome/65.0.3325.181 Safari/537.36',
  'accept' => 'text/html,application/xhtml+xml,application/xml;q=0.9,image/webp,image/apng,*/*;q=0.8',
  'dnt' => '1',
  'referer' => 'http://localhost/Index/Index/loginSuc.html',
  'accept-encoding' => 'gzip, deflate, br',
  'accept-language' => 'zh-CN,zh;q=0.9,en-US;q=0.8,en;q=0.7',
  'cookie' => 'PHPSESSID=n7ds9pi8lhpbe5hd6okvfo2je2',
)
[ info ] [ PARAM ] array (
)
[ info ] [ VIEW ] ../application/view/index\loginsuc.html [ array (
) ]
[ info ] [ LOG ] INIT File
---------------------------------------------------------------
[ 2018-04-08T18:05:39+08:00 ] 0.0.0.0 GET /Index/Index/info.html
[ info ] localhost/Index/Index/info.html [运行时间：0.103513s][吞吐率：9.66req/s] [内存消耗：4,788.37kb] [文件加载：72]
[ info ] [ LANG ] D:\Dentv\wwwroot\tp5.0\thinkphp/lang/zh-cn.php
[ info ] [ ROUTE ] array (
)
[ info ] [ HEADER ] array (
  'host' => 'localhost',
  'connection' => 'keep-alive',
  'upgrade-insecure-requests' => '1',
  'user-agent' => 'Mozilla/5.0 (Windows NT 10.0; Win64; x64) AppleWebKit/537.36 (KHTML, like Gecko) Chrome/65.0.3325.181 Safari/537.36',
  'accept' => 'text/html,application/xhtml+xml,application/xml;q=0.9,image/webp,image/apng,*/*;q=0.8',
  'dnt' => '1',
  'referer' => 'http://localhost/Index/Index/loginSuc.html',
  'accept-encoding' => 'gzip, deflate, br',
  'accept-language' => 'zh-CN,zh;q=0.9,en-US;q=0.8,en;q=0.7',
  'cookie' => 'PHPSESSID=n7ds9pi8lhpbe5hd6okvfo2je2',
)
[ info ] [ PARAM ] array (
)
[ info ] [ DB ] INIT mysql
[ info ] [ VIEW ] ../application/view/index\info.html [ array (
  0 => 'list',
) ]
[ info ] [ LOG ] INIT File
[ sql ] [ DB ] CONNECT:[ UseTime:0.001028s ] mysql:host=127.0.0.1;dbname=zk_sysdata;charset=utf8
[ sql ] [ SQL ] SHOW COLUMNS FROM `zk_webinfo` [ RunTime:0.001009s ]
[ sql ] [ SQL ] SELECT MAX(`id`) AS tp_max FROM `zk_webinfo` LIMIT 1 [ RunTime:0.000759s ]
[ sql ] [ SQL ] SELECT * FROM `zk_webinfo` WHERE  `id` = 1 [ RunTime:0.001577s ]
---------------------------------------------------------------
[ 2018-04-08T18:05:41+08:00 ] 0.0.0.0 GET /Index/Index/loginSuc.html
[ info ] localhost/Index/Index/loginSuc.html [运行时间：0.060748s][吞吐率：16.46req/s] [内存消耗：2,550.47kb] [文件加载：58]
[ info ] [ LANG ] D:\Dentv\wwwroot\tp5.0\thinkphp/lang/zh-cn.php
[ info ] [ ROUTE ] array (
)
[ info ] [ HEADER ] array (
  'host' => 'localhost',
  'connection' => 'keep-alive',
  'upgrade-insecure-requests' => '1',
  'user-agent' => 'Mozilla/5.0 (Windows NT 10.0; Win64; x64) AppleWebKit/537.36 (KHTML, like Gecko) Chrome/65.0.3325.181 Safari/537.36',
  'accept' => 'text/html,application/xhtml+xml,application/xml;q=0.9,image/webp,image/apng,*/*;q=0.8',
  'dnt' => '1',
  'referer' => 'http://localhost/Index/Index/loginSuc.html',
  'accept-encoding' => 'gzip, deflate, br',
  'accept-language' => 'zh-CN,zh;q=0.9,en-US;q=0.8,en;q=0.7',
  'cookie' => 'PHPSESSID=n7ds9pi8lhpbe5hd6okvfo2je2',
)
[ info ] [ PARAM ] array (
)
[ info ] [ VIEW ] ../application/view/index\loginsuc.html [ array (
) ]
[ info ] [ LOG ] INIT File
---------------------------------------------------------------
[ 2018-04-08T18:05:42+08:00 ] 0.0.0.0 GET /Index/Index/info.html
[ info ] localhost/Index/Index/info.html [运行时间：0.101469s][吞吐率：9.86req/s] [内存消耗：4,788.37kb] [文件加载：72]
[ info ] [ LANG ] D:\Dentv\wwwroot\tp5.0\thinkphp/lang/zh-cn.php
[ info ] [ ROUTE ] array (
)
[ info ] [ HEADER ] array (
  'host' => 'localhost',
  'connection' => 'keep-alive',
  'upgrade-insecure-requests' => '1',
  'user-agent' => 'Mozilla/5.0 (Windows NT 10.0; Win64; x64) AppleWebKit/537.36 (KHTML, like Gecko) Chrome/65.0.3325.181 Safari/537.36',
  'accept' => 'text/html,application/xhtml+xml,application/xml;q=0.9,image/webp,image/apng,*/*;q=0.8',
  'dnt' => '1',
  'referer' => 'http://localhost/Index/Index/loginSuc.html',
  'accept-encoding' => 'gzip, deflate, br',
  'accept-language' => 'zh-CN,zh;q=0.9,en-US;q=0.8,en;q=0.7',
  'cookie' => 'PHPSESSID=n7ds9pi8lhpbe5hd6okvfo2je2',
)
[ info ] [ PARAM ] array (
)
[ info ] [ DB ] INIT mysql
[ info ] [ VIEW ] ../application/view/index\info.html [ array (
  0 => 'list',
) ]
[ info ] [ LOG ] INIT File
[ sql ] [ DB ] CONNECT:[ UseTime:0.001195s ] mysql:host=127.0.0.1;dbname=zk_sysdata;charset=utf8
[ sql ] [ SQL ] SHOW COLUMNS FROM `zk_webinfo` [ RunTime:0.001206s ]
[ sql ] [ SQL ] SELECT MAX(`id`) AS tp_max FROM `zk_webinfo` LIMIT 1 [ RunTime:0.000542s ]
[ sql ] [ SQL ] SELECT * FROM `zk_webinfo` WHERE  `id` = 1 [ RunTime:0.000625s ]
---------------------------------------------------------------
[ 2018-04-08T18:07:20+08:00 ] 0.0.0.0 GET /Index/Index/loginSuc.html
[ info ] localhost/Index/Index/loginSuc.html [运行时间：0.077278s][吞吐率：12.94req/s] [内存消耗：2,550.47kb] [文件加载：58]
[ info ] [ LANG ] D:\Dentv\wwwroot\tp5.0\thinkphp/lang/zh-cn.php
[ info ] [ ROUTE ] array (
)
[ info ] [ HEADER ] array (
  'host' => 'localhost',
  'connection' => 'keep-alive',
  'upgrade-insecure-requests' => '1',
  'user-agent' => 'Mozilla/5.0 (Windows NT 10.0; Win64; x64) AppleWebKit/537.36 (KHTML, like Gecko) Chrome/65.0.3325.181 Safari/537.36',
  'accept' => 'text/html,application/xhtml+xml,application/xml;q=0.9,image/webp,image/apng,*/*;q=0.8',
  'dnt' => '1',
  'referer' => 'http://localhost/Index/Index/loginSuc.html',
  'accept-encoding' => 'gzip, deflate, br',
  'accept-language' => 'zh-CN,zh;q=0.9,en-US;q=0.8,en;q=0.7',
  'cookie' => 'PHPSESSID=n7ds9pi8lhpbe5hd6okvfo2je2',
)
[ info ] [ PARAM ] array (
)
[ info ] [ VIEW ] ../application/view/index\loginsuc.html [ array (
) ]
[ info ] [ LOG ] INIT File
---------------------------------------------------------------
[ 2018-04-08T18:07:21+08:00 ] 0.0.0.0 GET /Index/Index/info.html
[ info ] localhost/Index/Index/info.html [运行时间：0.126913s][吞吐率：7.88req/s] [内存消耗：4,788.37kb] [文件加载：72]
[ info ] [ LANG ] D:\Dentv\wwwroot\tp5.0\thinkphp/lang/zh-cn.php
[ info ] [ ROUTE ] array (
)
[ info ] [ HEADER ] array (
  'host' => 'localhost',
  'connection' => 'keep-alive',
  'upgrade-insecure-requests' => '1',
  'user-agent' => 'Mozilla/5.0 (Windows NT 10.0; Win64; x64) AppleWebKit/537.36 (KHTML, like Gecko) Chrome/65.0.3325.181 Safari/537.36',
  'accept' => 'text/html,application/xhtml+xml,application/xml;q=0.9,image/webp,image/apng,*/*;q=0.8',
  'dnt' => '1',
  'referer' => 'http://localhost/Index/Index/loginSuc.html',
  'accept-encoding' => 'gzip, deflate, br',
  'accept-language' => 'zh-CN,zh;q=0.9,en-US;q=0.8,en;q=0.7',
  'cookie' => 'PHPSESSID=n7ds9pi8lhpbe5hd6okvfo2je2',
)
[ info ] [ PARAM ] array (
)
[ info ] [ DB ] INIT mysql
[ info ] [ VIEW ] ../application/view/index\info.html [ array (
  0 => 'list',
) ]
[ info ] [ LOG ] INIT File
[ sql ] [ DB ] CONNECT:[ UseTime:0.001717s ] mysql:host=127.0.0.1;dbname=zk_sysdata;charset=utf8
[ sql ] [ SQL ] SHOW COLUMNS FROM `zk_webinfo` [ RunTime:0.001294s ]
[ sql ] [ SQL ] SELECT MAX(`id`) AS tp_max FROM `zk_webinfo` LIMIT 1 [ RunTime:0.000663s ]
[ sql ] [ SQL ] SELECT * FROM `zk_webinfo` WHERE  `id` = 1 [ RunTime:0.000510s ]
---------------------------------------------------------------
[ 2018-04-08T18:09:28+08:00 ] 0.0.0.0 GET /Index/Index/loginSuc.html
[ info ] localhost/Index/Index/loginSuc.html [运行时间：0.064007s][吞吐率：15.62req/s] [内存消耗：2,550.47kb] [文件加载：58]
[ info ] [ LANG ] D:\Dentv\wwwroot\tp5.0\thinkphp/lang/zh-cn.php
[ info ] [ ROUTE ] array (
)
[ info ] [ HEADER ] array (
  'host' => 'localhost',
  'connection' => 'keep-alive',
  'upgrade-insecure-requests' => '1',
  'user-agent' => 'Mozilla/5.0 (Windows NT 10.0; Win64; x64) AppleWebKit/537.36 (KHTML, like Gecko) Chrome/65.0.3325.181 Safari/537.36',
  'accept' => 'text/html,application/xhtml+xml,application/xml;q=0.9,image/webp,image/apng,*/*;q=0.8',
  'dnt' => '1',
  'referer' => 'http://localhost/Index/Index/loginSuc.html',
  'accept-encoding' => 'gzip, deflate, br',
  'accept-language' => 'zh-CN,zh;q=0.9,en-US;q=0.8,en;q=0.7',
  'cookie' => 'PHPSESSID=n7ds9pi8lhpbe5hd6okvfo2je2',
)
[ info ] [ PARAM ] array (
)
[ info ] [ VIEW ] ../application/view/index\loginsuc.html [ array (
) ]
[ info ] [ LOG ] INIT File
---------------------------------------------------------------
[ 2018-04-08T18:09:28+08:00 ] 0.0.0.0 GET /Index/Index/info.html
[ info ] localhost/Index/Index/info.html [运行时间：0.110725s][吞吐率：9.03req/s] [内存消耗：5,057.19kb] [文件加载：74]
[ info ] [ LANG ] D:\Dentv\wwwroot\tp5.0\thinkphp/lang/zh-cn.php
[ info ] [ ROUTE ] array (
)
[ info ] [ HEADER ] array (
  'host' => 'localhost',
  'connection' => 'keep-alive',
  'upgrade-insecure-requests' => '1',
  'user-agent' => 'Mozilla/5.0 (Windows NT 10.0; Win64; x64) AppleWebKit/537.36 (KHTML, like Gecko) Chrome/65.0.3325.181 Safari/537.36',
  'accept' => 'text/html,application/xhtml+xml,application/xml;q=0.9,image/webp,image/apng,*/*;q=0.8',
  'dnt' => '1',
  'referer' => 'http://localhost/Index/Index/loginSuc.html',
  'accept-encoding' => 'gzip, deflate, br',
  'accept-language' => 'zh-CN,zh;q=0.9,en-US;q=0.8,en;q=0.7',
  'cookie' => 'PHPSESSID=n7ds9pi8lhpbe5hd6okvfo2je2',
)
[ info ] [ PARAM ] array (
)
[ info ] [ DB ] INIT mysql
[ info ] [ VIEW ] ../application/view/index\info.html [ array (
  0 => 'list',
) ]
[ info ] [ LOG ] INIT File
[ sql ] [ DB ] CONNECT:[ UseTime:0.001190s ] mysql:host=127.0.0.1;dbname=zk_sysdata;charset=utf8
[ sql ] [ SQL ] SHOW COLUMNS FROM `zk_webinfo` [ RunTime:0.004410s ]
[ sql ] [ SQL ] SELECT MAX(`id`) AS tp_max FROM `zk_webinfo` LIMIT 1 [ RunTime:0.000614s ]
[ sql ] [ SQL ] SELECT * FROM `zk_webinfo` WHERE  `id` = 1 [ RunTime:0.000625s ]
