---------------------------------------------------------------
[ 2018-03-04T12:11:28+08:00 ] 0.0.0.0 GET /
[ error ] [1]Call to undefined method app\index\controller\Index::view()
---------------------------------------------------------------
[ 2018-03-04T12:22:05+08:00 ] 0.0.0.0 GET /
[ error ] [1]Call to undefined method app\index\controller\Index::fetch()
---------------------------------------------------------------
[ 2018-03-04T12:22:47+08:00 ] 0.0.0.0 GET /
[ error ] [1]Call to undefined method app\index\controller\Index::fetch()
---------------------------------------------------------------
[ 2018-03-04T12:22:49+08:00 ] 0.0.0.0 GET /
[ error ] [1]Call to undefined method app\index\controller\Index::fetch()
---------------------------------------------------------------
[ 2018-03-04T12:24:40+08:00 ] 0.0.0.0 GET /
[ error ] [1]Call to undefined method app\index\controller\Index::fetch()
---------------------------------------------------------------
[ 2018-03-04T12:24:41+08:00 ] 0.0.0.0 GET /
[ error ] [1]Call to undefined method app\index\controller\Index::fetch()
---------------------------------------------------------------
[ 2018-03-04T12:26:48+08:00 ] 0.0.0.0 GET /
[ error ] [4]语法错误: unexpected 'extend' (T_STRING), expecting '{'
---------------------------------------------------------------
[ 2018-03-04T12:26:50+08:00 ] 0.0.0.0 GET /
[ error ] [4]语法错误: unexpected 'extend' (T_STRING), expecting '{'
---------------------------------------------------------------
[ 2018-03-04T12:29:20+08:00 ] 0.0.0.0 GET /index/index/hello
[ error ] [4]语法错误: unexpected 'extend' (T_STRING), expecting '{'
---------------------------------------------------------------
[ 2018-03-04T12:29:29+08:00 ] 0.0.0.0 GET /index/Index/hello
[ error ] [4]语法错误: unexpected 'extend' (T_STRING), expecting '{'
---------------------------------------------------------------
[ 2018-03-04T12:29:34+08:00 ] 0.0.0.0 GET /
[ error ] [4]语法错误: unexpected 'extend' (T_STRING), expecting '{'
---------------------------------------------------------------
[ 2018-03-04T12:30:04+08:00 ] 0.0.0.0 GET /
[ info ] localhost/ [运行时间：0.045472s][吞吐率：21.99req/s] [内存消耗：1,910.16kb] [文件加载：50]
[ info ] [ LANG ] D:\Dentv\wwwroot\tp5.0\thinkphp/lang/zh-cn.php
[ info ] [ ROUTE ] array (
)
[ info ] [ HEADER ] array (
  'host' => 'localhost',
  'connection' => 'keep-alive',
  'cache-control' => 'max-age=0',
  'upgrade-insecure-requests' => '1',
  'user-agent' => 'Mozilla/5.0 (Windows NT 10.0; Win64; x64) AppleWebKit/537.36 (KHTML, like Gecko) Chrome/64.0.3282.186 Safari/537.36',
  'accept' => 'text/html,application/xhtml+xml,application/xml;q=0.9,image/webp,image/apng,*/*;q=0.8',
  'accept-encoding' => 'gzip, deflate, br',
  'accept-language' => 'zh-CN,zh;q=0.9',
  'cookie' => 'Phpstorm-55d13785=13a17134-6ec1-4245-80c8-158dcbe027d4; pgv_pvi=6731070464; pgv_si=s6100112384',
)
[ info ] [ PARAM ] array (
)
[ info ] [ LOG ] INIT File
[ error ] [4]语法错误: unexpected 'extend' (T_STRING), expecting '{'[D:\Dentv\wwwroot\tp5.0\application\index\controller\Index.php:6]
---------------------------------------------------------------
[ 2018-03-04T12:30:24+08:00 ] 0.0.0.0 GET /
[ info ] localhost/ [运行时间：0.056014s][吞吐率：17.85req/s] [内存消耗：2,402.21kb] [文件加载：56]
[ info ] [ LANG ] D:\Dentv\wwwroot\tp5.0\thinkphp/lang/zh-cn.php
[ info ] [ ROUTE ] array (
)
[ info ] [ HEADER ] array (
  'host' => 'localhost',
  'connection' => 'keep-alive',
  'cache-control' => 'max-age=0',
  'upgrade-insecure-requests' => '1',
  'user-agent' => 'Mozilla/5.0 (Windows NT 10.0; Win64; x64) AppleWebKit/537.36 (KHTML, like Gecko) Chrome/64.0.3282.186 Safari/537.36',
  'accept' => 'text/html,application/xhtml+xml,application/xml;q=0.9,image/webp,image/apng,*/*;q=0.8',
  'accept-encoding' => 'gzip, deflate, br',
  'accept-language' => 'zh-CN,zh;q=0.9',
  'cookie' => 'Phpstorm-55d13785=13a17134-6ec1-4245-80c8-158dcbe027d4; pgv_pvi=6731070464; pgv_si=s6100112384',
)
[ info ] [ PARAM ] array (
)
[ info ] [ LOG ] INIT File
[ error ] [0]模板文件不存在:D:\Dentv\wwwroot\tp5.0\application/index/view\index\index.html[D:\Dentv\wwwroot\tp5.0\thinkphp\library\think\view\driver\Think.php:80]
---------------------------------------------------------------
[ 2018-03-04T12:35:42+08:00 ] 0.0.0.0 GET /
[ info ] localhost/ [运行时间：0.048802s][吞吐率：20.49req/s] [内存消耗：1,905.01kb] [文件加载：51]
[ info ] [ LANG ] D:\Dentv\wwwroot\tp5.0\thinkphp/lang/zh-cn.php
[ info ] [ ROUTE ] array (
)
[ info ] [ HEADER ] array (
  'host' => 'localhost',
  'connection' => 'keep-alive',
  'cache-control' => 'max-age=0',
  'upgrade-insecure-requests' => '1',
  'user-agent' => 'Mozilla/5.0 (Windows NT 10.0; Win64; x64) AppleWebKit/537.36 (KHTML, like Gecko) Chrome/64.0.3282.186 Safari/537.36',
  'accept' => 'text/html,application/xhtml+xml,application/xml;q=0.9,image/webp,image/apng,*/*;q=0.8',
  'accept-encoding' => 'gzip, deflate, br',
  'accept-language' => 'zh-CN,zh;q=0.9',
  'cookie' => 'Phpstorm-55d13785=13a17134-6ec1-4245-80c8-158dcbe027d4; pgv_pvi=6731070464; pgv_si=s6100112384',
)
[ info ] [ PARAM ] array (
)
[ info ] [ LOG ] INIT File
[ error ] [1]Call to undefined method app\index\controller\Index::fetch()[D:\Dentv\wwwroot\tp5.0\application\index\controller\Index.php:10]
---------------------------------------------------------------
[ 2018-03-04T12:36:07+08:00 ] 0.0.0.0 GET /
[ info ] localhost/ [运行时间：0.043125s][吞吐率：23.19req/s] [内存消耗：1,905.04kb] [文件加载：51]
[ info ] [ LANG ] D:\Dentv\wwwroot\tp5.0\thinkphp/lang/zh-cn.php
[ info ] [ ROUTE ] array (
)
[ info ] [ HEADER ] array (
  'host' => 'localhost',
  'connection' => 'keep-alive',
  'cache-control' => 'max-age=0',
  'upgrade-insecure-requests' => '1',
  'user-agent' => 'Mozilla/5.0 (Windows NT 10.0; Win64; x64) AppleWebKit/537.36 (KHTML, like Gecko) Chrome/64.0.3282.186 Safari/537.36',
  'accept' => 'text/html,application/xhtml+xml,application/xml;q=0.9,image/webp,image/apng,*/*;q=0.8',
  'accept-encoding' => 'gzip, deflate, br',
  'accept-language' => 'zh-CN,zh;q=0.9',
  'cookie' => 'Phpstorm-55d13785=13a17134-6ec1-4245-80c8-158dcbe027d4; pgv_pvi=6731070464; pgv_si=s6100112384',
)
[ info ] [ PARAM ] array (
)
[ info ] [ LOG ] INIT File
[ error ] [1]Call to undefined method app\index\controller\Index::fetch()[D:\Dentv\wwwroot\tp5.0\application\index\controller\Index.php:11]
---------------------------------------------------------------
[ 2018-03-04T12:36:11+08:00 ] 0.0.0.0 GET /
[ info ] localhost/ [运行时间：0.044970s][吞吐率：22.24req/s] [内存消耗：1,905.04kb] [文件加载：51]
[ info ] [ LANG ] D:\Dentv\wwwroot\tp5.0\thinkphp/lang/zh-cn.php
[ info ] [ ROUTE ] array (
)
[ info ] [ HEADER ] array (
  'host' => 'localhost',
  'connection' => 'keep-alive',
  'cache-control' => 'max-age=0',
  'upgrade-insecure-requests' => '1',
  'user-agent' => 'Mozilla/5.0 (Windows NT 10.0; Win64; x64) AppleWebKit/537.36 (KHTML, like Gecko) Chrome/64.0.3282.186 Safari/537.36',
  'accept' => 'text/html,application/xhtml+xml,application/xml;q=0.9,image/webp,image/apng,*/*;q=0.8',
  'accept-encoding' => 'gzip, deflate, br',
  'accept-language' => 'zh-CN,zh;q=0.9',
  'cookie' => 'Phpstorm-55d13785=13a17134-6ec1-4245-80c8-158dcbe027d4; pgv_pvi=6731070464; pgv_si=s6100112384',
)
[ info ] [ PARAM ] array (
)
[ info ] [ LOG ] INIT File
[ error ] [1]Call to undefined method app\index\controller\Index::fetch()[D:\Dentv\wwwroot\tp5.0\application\index\controller\Index.php:11]
---------------------------------------------------------------
[ 2018-03-04T12:36:25+08:00 ] 0.0.0.0 GET /
[ info ] localhost/ [运行时间：0.046106s][吞吐率：21.69req/s] [内存消耗：1,905.04kb] [文件加载：51]
[ info ] [ LANG ] D:\Dentv\wwwroot\tp5.0\thinkphp/lang/zh-cn.php
[ info ] [ ROUTE ] array (
)
[ info ] [ HEADER ] array (
  'host' => 'localhost',
  'connection' => 'keep-alive',
  'cache-control' => 'max-age=0',
  'upgrade-insecure-requests' => '1',
  'user-agent' => 'Mozilla/5.0 (Windows NT 10.0; Win64; x64) AppleWebKit/537.36 (KHTML, like Gecko) Chrome/64.0.3282.186 Safari/537.36',
  'accept' => 'text/html,application/xhtml+xml,application/xml;q=0.9,image/webp,image/apng,*/*;q=0.8',
  'accept-encoding' => 'gzip, deflate, br',
  'accept-language' => 'zh-CN,zh;q=0.9',
  'cookie' => 'Phpstorm-55d13785=13a17134-6ec1-4245-80c8-158dcbe027d4; pgv_pvi=6731070464; pgv_si=s6100112384',
)
[ info ] [ PARAM ] array (
)
[ info ] [ LOG ] INIT File
[ error ] [1]Call to undefined method app\index\controller\Index::fetch()[D:\Dentv\wwwroot\tp5.0\application\index\controller\Index.php:11]
---------------------------------------------------------------
[ 2018-03-04T12:36:55+08:00 ] 0.0.0.0 GET /
[ info ] localhost/ [运行时间：0.048894s][吞吐率：20.45req/s] [内存消耗：2,402.21kb] [文件加载：56]
[ info ] [ LANG ] D:\Dentv\wwwroot\tp5.0\thinkphp/lang/zh-cn.php
[ info ] [ ROUTE ] array (
)
[ info ] [ HEADER ] array (
  'host' => 'localhost',
  'connection' => 'keep-alive',
  'cache-control' => 'max-age=0',
  'upgrade-insecure-requests' => '1',
  'user-agent' => 'Mozilla/5.0 (Windows NT 10.0; Win64; x64) AppleWebKit/537.36 (KHTML, like Gecko) Chrome/64.0.3282.186 Safari/537.36',
  'accept' => 'text/html,application/xhtml+xml,application/xml;q=0.9,image/webp,image/apng,*/*;q=0.8',
  'accept-encoding' => 'gzip, deflate, br',
  'accept-language' => 'zh-CN,zh;q=0.9',
  'cookie' => 'Phpstorm-55d13785=13a17134-6ec1-4245-80c8-158dcbe027d4; pgv_pvi=6731070464; pgv_si=s6100112384',
)
[ info ] [ PARAM ] array (
)
[ info ] [ LOG ] INIT File
[ error ] [0]模板文件不存在:D:\Dentv\wwwroot\tp5.0\application/index/view\index\index.html[D:\Dentv\wwwroot\tp5.0\thinkphp\library\think\view\driver\Think.php:80]
---------------------------------------------------------------
[ 2018-03-04T04:45:48+00:00 ] 0.0.0.0 GET /
[ info ] localhost/ [运行时间：0.022127s][吞吐率：45.19req/s] [内存消耗：654.28kb] [文件加载：29]
[ error ] [4]syntax error, unexpected 'https_agent_name' (T_STRING), expecting ']'[D:\Dentv\wwwroot\tp5.0\config\app.php:90]
[ info ] [ LOG ] INIT File
---------------------------------------------------------------
[ 2018-03-04T12:46:44+08:00 ] 0.0.0.0 GET /
[ info ] localhost/ [运行时间：0.055315s][吞吐率：18.08req/s] [内存消耗：2,402.36kb] [文件加载：56]
[ info ] [ LANG ] D:\Dentv\wwwroot\tp5.0\thinkphp/lang/zh-cn.php
[ info ] [ ROUTE ] array (
)
[ info ] [ HEADER ] array (
  'host' => 'localhost',
  'connection' => 'keep-alive',
  'cache-control' => 'max-age=0',
  'upgrade-insecure-requests' => '1',
  'user-agent' => 'Mozilla/5.0 (Windows NT 10.0; Win64; x64) AppleWebKit/537.36 (KHTML, like Gecko) Chrome/64.0.3282.186 Safari/537.36',
  'accept' => 'text/html,application/xhtml+xml,application/xml;q=0.9,image/webp,image/apng,*/*;q=0.8',
  'accept-encoding' => 'gzip, deflate, br',
  'accept-language' => 'zh-CN,zh;q=0.9',
  'cookie' => 'Phpstorm-55d13785=13a17134-6ec1-4245-80c8-158dcbe027d4; pgv_pvi=6731070464; pgv_si=s6100112384',
)
[ info ] [ PARAM ] array (
)
[ info ] [ LOG ] INIT File
[ error ] [0]模板文件不存在:D:\Dentv\wwwroot\tp5.0\application/index/view\index\index.html[D:\Dentv\wwwroot\tp5.0\thinkphp\library\think\view\driver\Think.php:80]
---------------------------------------------------------------
[ 2018-03-04T12:52:13+08:00 ] 0.0.0.0 GET /
[ info ] localhost/ [运行时间：0.054139s][吞吐率：18.47req/s] [内存消耗：2,402.22kb] [文件加载：56]
[ info ] [ LANG ] D:\Dentv\wwwroot\tp5.0\thinkphp/lang/zh-cn.php
[ info ] [ ROUTE ] array (
)
[ info ] [ HEADER ] array (
  'host' => 'localhost',
  'connection' => 'keep-alive',
  'cache-control' => 'max-age=0',
  'upgrade-insecure-requests' => '1',
  'user-agent' => 'Mozilla/5.0 (Windows NT 10.0; Win64; x64) AppleWebKit/537.36 (KHTML, like Gecko) Chrome/64.0.3282.186 Safari/537.36',
  'accept' => 'text/html,application/xhtml+xml,application/xml;q=0.9,image/webp,image/apng,*/*;q=0.8',
  'accept-encoding' => 'gzip, deflate, br',
  'accept-language' => 'zh-CN,zh;q=0.9',
  'cookie' => 'Phpstorm-55d13785=13a17134-6ec1-4245-80c8-158dcbe027d4; pgv_pvi=6731070464; pgv_si=s6100112384',
)
[ info ] [ PARAM ] array (
)
[ info ] [ LOG ] INIT File
[ error ] [0]模板文件不存在:D:\Dentv\wwwroot\tp5.0\application/index/view\index\index.html[D:\Dentv\wwwroot\tp5.0\thinkphp\library\think\view\driver\Think.php:80]
---------------------------------------------------------------
[ 2018-03-04T12:52:15+08:00 ] 0.0.0.0 GET /
[ info ] localhost/ [运行时间：0.053111s][吞吐率：18.83req/s] [内存消耗：2,402.22kb] [文件加载：56]
[ info ] [ LANG ] D:\Dentv\wwwroot\tp5.0\thinkphp/lang/zh-cn.php
[ info ] [ ROUTE ] array (
)
[ info ] [ HEADER ] array (
  'host' => 'localhost',
  'connection' => 'keep-alive',
  'cache-control' => 'max-age=0',
  'upgrade-insecure-requests' => '1',
  'user-agent' => 'Mozilla/5.0 (Windows NT 10.0; Win64; x64) AppleWebKit/537.36 (KHTML, like Gecko) Chrome/64.0.3282.186 Safari/537.36',
  'accept' => 'text/html,application/xhtml+xml,application/xml;q=0.9,image/webp,image/apng,*/*;q=0.8',
  'accept-encoding' => 'gzip, deflate, br',
  'accept-language' => 'zh-CN,zh;q=0.9',
  'cookie' => 'Phpstorm-55d13785=13a17134-6ec1-4245-80c8-158dcbe027d4; pgv_pvi=6731070464; pgv_si=s6100112384',
)
[ info ] [ PARAM ] array (
)
[ info ] [ LOG ] INIT File
[ error ] [0]模板文件不存在:D:\Dentv\wwwroot\tp5.0\application/index/view\index\index.html[D:\Dentv\wwwroot\tp5.0\thinkphp\library\think\view\driver\Think.php:80]
---------------------------------------------------------------
[ 2018-03-04T12:56:29+08:00 ] 0.0.0.0 GET /
[ info ] localhost/ [运行时间：0.055052s][吞吐率：18.16req/s] [内存消耗：2,402.36kb] [文件加载：56]
[ info ] [ LANG ] D:\Dentv\wwwroot\tp5.0\thinkphp/lang/zh-cn.php
[ info ] [ ROUTE ] array (
)
[ info ] [ HEADER ] array (
  'host' => 'localhost',
  'connection' => 'keep-alive',
  'cache-control' => 'max-age=0',
  'upgrade-insecure-requests' => '1',
  'user-agent' => 'Mozilla/5.0 (Windows NT 10.0; Win64; x64) AppleWebKit/537.36 (KHTML, like Gecko) Chrome/64.0.3282.186 Safari/537.36',
  'accept' => 'text/html,application/xhtml+xml,application/xml;q=0.9,image/webp,image/apng,*/*;q=0.8',
  'accept-encoding' => 'gzip, deflate, br',
  'accept-language' => 'zh-CN,zh;q=0.9',
  'cookie' => 'Phpstorm-55d13785=13a17134-6ec1-4245-80c8-158dcbe027d4; pgv_pvi=6731070464; pgv_si=s6100112384',
)
[ info ] [ PARAM ] array (
)
[ info ] [ LOG ] INIT File
[ error ] [0]模板文件不存在:D:\Dentv\wwwroot\tp5.0\application/index/view\index\index.html[D:\Dentv\wwwroot\tp5.0\thinkphp\library\think\view\driver\Think.php:80]
---------------------------------------------------------------
[ 2018-03-04T12:56:44+08:00 ] 0.0.0.0 GET /index/index/indel.php
[ info ] localhost/index/index/indel.php [运行时间：0.051109s][吞吐率：19.57req/s] [内存消耗：2,403.05kb] [文件加载：56]
[ info ] [ LANG ] D:\Dentv\wwwroot\tp5.0\thinkphp/lang/zh-cn.php
[ info ] [ ROUTE ] array (
)
[ info ] [ HEADER ] array (
  'host' => 'localhost',
  'connection' => 'keep-alive',
  'upgrade-insecure-requests' => '1',
  'user-agent' => 'Mozilla/5.0 (Windows NT 10.0; Win64; x64) AppleWebKit/537.36 (KHTML, like Gecko) Chrome/64.0.3282.186 Safari/537.36',
  'accept' => 'text/html,application/xhtml+xml,application/xml;q=0.9,image/webp,image/apng,*/*;q=0.8',
  'accept-encoding' => 'gzip, deflate, br',
  'accept-language' => 'zh-CN,zh;q=0.9',
  'cookie' => 'Phpstorm-55d13785=13a17134-6ec1-4245-80c8-158dcbe027d4; pgv_pvi=6731070464; pgv_si=s6100112384',
)
[ info ] [ PARAM ] array (
)
[ info ] [ LOG ] INIT File
---------------------------------------------------------------
[ 2018-03-04T12:56:53+08:00 ] 0.0.0.0 GET /index/index/index.php
[ info ] localhost/index/index/index.php [运行时间：0.045159s][吞吐率：22.14req/s] [内存消耗：2,403.05kb] [文件加载：56]
[ info ] [ LANG ] D:\Dentv\wwwroot\tp5.0\thinkphp/lang/zh-cn.php
[ info ] [ ROUTE ] array (
)
[ info ] [ HEADER ] array (
  'host' => 'localhost',
  'connection' => 'keep-alive',
  'upgrade-insecure-requests' => '1',
  'user-agent' => 'Mozilla/5.0 (Windows NT 10.0; Win64; x64) AppleWebKit/537.36 (KHTML, like Gecko) Chrome/64.0.3282.186 Safari/537.36',
  'accept' => 'text/html,application/xhtml+xml,application/xml;q=0.9,image/webp,image/apng,*/*;q=0.8',
  'accept-encoding' => 'gzip, deflate, br',
  'accept-language' => 'zh-CN,zh;q=0.9',
  'cookie' => 'Phpstorm-55d13785=13a17134-6ec1-4245-80c8-158dcbe027d4; pgv_pvi=6731070464; pgv_si=s6100112384',
)
[ info ] [ PARAM ] array (
)
[ info ] [ LOG ] INIT File
---------------------------------------------------------------
[ 2018-03-04T12:57:14+08:00 ] 0.0.0.0 GET /index/index.php
[ info ] localhost/index/index.php [运行时间：0.041128s][吞吐率：24.31req/s] [内存消耗：1,893.13kb] [文件加载：50]
[ info ] [ LANG ] D:\Dentv\wwwroot\tp5.0\thinkphp/lang/zh-cn.php
[ info ] [ ROUTE ] array (
)
[ info ] [ HEADER ] array (
  'host' => 'localhost',
  'connection' => 'keep-alive',
  'upgrade-insecure-requests' => '1',
  'user-agent' => 'Mozilla/5.0 (Windows NT 10.0; Win64; x64) AppleWebKit/537.36 (KHTML, like Gecko) Chrome/64.0.3282.186 Safari/537.36',
  'accept' => 'text/html,application/xhtml+xml,application/xml;q=0.9,image/webp,image/apng,*/*;q=0.8',
  'accept-encoding' => 'gzip, deflate, br',
  'accept-language' => 'zh-CN,zh;q=0.9',
  'cookie' => 'Phpstorm-55d13785=13a17134-6ec1-4245-80c8-158dcbe027d4; pgv_pvi=6731070464; pgv_si=s6100112384',
)
[ info ] [ PARAM ] array (
)
[ info ] [ LOG ] INIT File
---------------------------------------------------------------
[ 2018-03-04T12:57:29+08:00 ] 0.0.0.0 GET /index/index/index.php
[ info ] localhost/index/index/index.php [运行时间：0.045553s][吞吐率：21.95req/s] [内存消耗：2,403.00kb] [文件加载：56]
[ info ] [ LANG ] D:\Dentv\wwwroot\tp5.0\thinkphp/lang/zh-cn.php
[ info ] [ ROUTE ] array (
)
[ info ] [ HEADER ] array (
  'host' => 'localhost',
  'connection' => 'keep-alive',
  'upgrade-insecure-requests' => '1',
  'user-agent' => 'Mozilla/5.0 (Windows NT 10.0; Win64; x64) AppleWebKit/537.36 (KHTML, like Gecko) Chrome/64.0.3282.186 Safari/537.36',
  'accept' => 'text/html,application/xhtml+xml,application/xml;q=0.9,image/webp,image/apng,*/*;q=0.8',
  'accept-encoding' => 'gzip, deflate, br',
  'accept-language' => 'zh-CN,zh;q=0.9',
  'cookie' => 'Phpstorm-55d13785=13a17134-6ec1-4245-80c8-158dcbe027d4; pgv_pvi=6731070464; pgv_si=s6100112384',
)
[ info ] [ PARAM ] array (
)
[ info ] [ LOG ] INIT File
---------------------------------------------------------------
[ 2018-03-04T12:57:36+08:00 ] 0.0.0.0 GET /index/Index/index.php
[ info ] localhost/index/Index/index.php [运行时间：0.043849s][吞吐率：22.81req/s] [内存消耗：2,403.05kb] [文件加载：56]
[ info ] [ LANG ] D:\Dentv\wwwroot\tp5.0\thinkphp/lang/zh-cn.php
[ info ] [ ROUTE ] array (
)
[ info ] [ HEADER ] array (
  'host' => 'localhost',
  'connection' => 'keep-alive',
  'upgrade-insecure-requests' => '1',
  'user-agent' => 'Mozilla/5.0 (Windows NT 10.0; Win64; x64) AppleWebKit/537.36 (KHTML, like Gecko) Chrome/64.0.3282.186 Safari/537.36',
  'accept' => 'text/html,application/xhtml+xml,application/xml;q=0.9,image/webp,image/apng,*/*;q=0.8',
  'accept-encoding' => 'gzip, deflate, br',
  'accept-language' => 'zh-CN,zh;q=0.9',
  'cookie' => 'Phpstorm-55d13785=13a17134-6ec1-4245-80c8-158dcbe027d4; pgv_pvi=6731070464; pgv_si=s6100112384',
)
[ info ] [ PARAM ] array (
)
[ info ] [ LOG ] INIT File
---------------------------------------------------------------
[ 2018-03-04T12:57:44+08:00 ] 0.0.0.0 GET /
[ info ] localhost/ [运行时间：0.046019s][吞吐率：21.73req/s] [内存消耗：2,401.70kb] [文件加载：56]
[ info ] [ LANG ] D:\Dentv\wwwroot\tp5.0\thinkphp/lang/zh-cn.php
[ info ] [ ROUTE ] array (
)
[ info ] [ HEADER ] array (
  'host' => 'localhost',
  'connection' => 'keep-alive',
  'upgrade-insecure-requests' => '1',
  'user-agent' => 'Mozilla/5.0 (Windows NT 10.0; Win64; x64) AppleWebKit/537.36 (KHTML, like Gecko) Chrome/64.0.3282.186 Safari/537.36',
  'accept' => 'text/html,application/xhtml+xml,application/xml;q=0.9,image/webp,image/apng,*/*;q=0.8',
  'accept-encoding' => 'gzip, deflate, br',
  'accept-language' => 'zh-CN,zh;q=0.9',
  'cookie' => 'Phpstorm-55d13785=13a17134-6ec1-4245-80c8-158dcbe027d4; pgv_pvi=6731070464; pgv_si=s6100112384',
)
[ info ] [ PARAM ] array (
)
[ info ] [ LOG ] INIT File
[ error ] [0]模板文件不存在:D:\Dentv\wwwroot\tp5.0\application/index/view\index\index.html[D:\Dentv\wwwroot\tp5.0\thinkphp\library\think\view\driver\Think.php:80]
---------------------------------------------------------------
[ 2018-03-04T13:08:56+08:00 ] 0.0.0.0 GET /index/index/hello
[ info ] localhost/index/index/hello [运行时间：0.051720s][吞吐率：19.33req/s] [内存消耗：2,401.62kb] [文件加载：56]
[ info ] [ LANG ] D:\Dentv\wwwroot\tp5.0\thinkphp/lang/zh-cn.php
[ info ] [ ROUTE ] array (
)
[ info ] [ HEADER ] array (
  'host' => 'localhost',
  'connection' => 'keep-alive',
  'upgrade-insecure-requests' => '1',
  'user-agent' => 'Mozilla/5.0 (Windows NT 10.0; Win64; x64) AppleWebKit/537.36 (KHTML, like Gecko) Chrome/64.0.3282.186 Safari/537.36',
  'accept' => 'text/html,application/xhtml+xml,application/xml;q=0.9,image/webp,image/apng,*/*;q=0.8',
  'accept-encoding' => 'gzip, deflate, br',
  'accept-language' => 'zh-CN,zh;q=0.9',
  'cookie' => 'Phpstorm-55d13785=13a17134-6ec1-4245-80c8-158dcbe027d4; pgv_pvi=6731070464; pgv_si=s6100112384',
)
[ info ] [ PARAM ] array (
)
[ info ] [ LOG ] INIT File
[ error ] [0]模板文件不存在:D:\Dentv\wwwroot\tp5.0\application/index/view\index\index.html[D:\Dentv\wwwroot\tp5.0\thinkphp\library\think\view\driver\Think.php:80]
---------------------------------------------------------------
[ 2018-03-04T13:09:01+08:00 ] 0.0.0.0 GET /index/index/hello
[ info ] localhost/index/index/hello [运行时间：0.046397s][吞吐率：21.55req/s] [内存消耗：2,402.10kb] [文件加载：56]
[ info ] [ LANG ] D:\Dentv\wwwroot\tp5.0\thinkphp/lang/zh-cn.php
[ info ] [ ROUTE ] array (
)
[ info ] [ HEADER ] array (
  'host' => 'localhost',
  'connection' => 'keep-alive',
  'cache-control' => 'max-age=0',
  'upgrade-insecure-requests' => '1',
  'user-agent' => 'Mozilla/5.0 (Windows NT 10.0; Win64; x64) AppleWebKit/537.36 (KHTML, like Gecko) Chrome/64.0.3282.186 Safari/537.36',
  'accept' => 'text/html,application/xhtml+xml,application/xml;q=0.9,image/webp,image/apng,*/*;q=0.8',
  'accept-encoding' => 'gzip, deflate, br',
  'accept-language' => 'zh-CN,zh;q=0.9',
  'cookie' => 'Phpstorm-55d13785=13a17134-6ec1-4245-80c8-158dcbe027d4; pgv_pvi=6731070464; pgv_si=s6100112384',
)
[ info ] [ PARAM ] array (
)
[ info ] [ LOG ] INIT File
[ error ] [0]模板文件不存在:D:\Dentv\wwwroot\tp5.0\application/index/view\index\index.html[D:\Dentv\wwwroot\tp5.0\thinkphp\library\think\view\driver\Think.php:80]
---------------------------------------------------------------
[ 2018-03-04T13:09:12+08:00 ] 0.0.0.0 GET /index/Index/hello
[ info ] localhost/index/Index/hello [运行时间：0.045639s][吞吐率：21.91req/s] [内存消耗：2,401.62kb] [文件加载：56]
[ info ] [ LANG ] D:\Dentv\wwwroot\tp5.0\thinkphp/lang/zh-cn.php
[ info ] [ ROUTE ] array (
)
[ info ] [ HEADER ] array (
  'host' => 'localhost',
  'connection' => 'keep-alive',
  'upgrade-insecure-requests' => '1',
  'user-agent' => 'Mozilla/5.0 (Windows NT 10.0; Win64; x64) AppleWebKit/537.36 (KHTML, like Gecko) Chrome/64.0.3282.186 Safari/537.36',
  'accept' => 'text/html,application/xhtml+xml,application/xml;q=0.9,image/webp,image/apng,*/*;q=0.8',
  'accept-encoding' => 'gzip, deflate, br',
  'accept-language' => 'zh-CN,zh;q=0.9',
  'cookie' => 'Phpstorm-55d13785=13a17134-6ec1-4245-80c8-158dcbe027d4; pgv_pvi=6731070464; pgv_si=s6100112384',
)
[ info ] [ PARAM ] array (
)
[ info ] [ LOG ] INIT File
[ error ] [0]模板文件不存在:D:\Dentv\wwwroot\tp5.0\application/index/view\index\index.html[D:\Dentv\wwwroot\tp5.0\thinkphp\library\think\view\driver\Think.php:80]
---------------------------------------------------------------
[ 2018-03-04T13:09:14+08:00 ] 0.0.0.0 GET /index/Index/hello
[ info ] localhost/index/Index/hello [运行时间：0.047879s][吞吐率：20.89req/s] [内存消耗：2,402.10kb] [文件加载：56]
[ info ] [ LANG ] D:\Dentv\wwwroot\tp5.0\thinkphp/lang/zh-cn.php
[ info ] [ ROUTE ] array (
)
[ info ] [ HEADER ] array (
  'host' => 'localhost',
  'connection' => 'keep-alive',
  'cache-control' => 'max-age=0',
  'upgrade-insecure-requests' => '1',
  'user-agent' => 'Mozilla/5.0 (Windows NT 10.0; Win64; x64) AppleWebKit/537.36 (KHTML, like Gecko) Chrome/64.0.3282.186 Safari/537.36',
  'accept' => 'text/html,application/xhtml+xml,application/xml;q=0.9,image/webp,image/apng,*/*;q=0.8',
  'accept-encoding' => 'gzip, deflate, br',
  'accept-language' => 'zh-CN,zh;q=0.9',
  'cookie' => 'Phpstorm-55d13785=13a17134-6ec1-4245-80c8-158dcbe027d4; pgv_pvi=6731070464; pgv_si=s6100112384',
)
[ info ] [ PARAM ] array (
)
[ info ] [ LOG ] INIT File
[ error ] [0]模板文件不存在:D:\Dentv\wwwroot\tp5.0\application/index/view\index\index.html[D:\Dentv\wwwroot\tp5.0\thinkphp\library\think\view\driver\Think.php:80]
---------------------------------------------------------------
[ 2018-03-04T13:09:41+08:00 ] 0.0.0.0 GET /index/Index/hello
[ info ] localhost/index/Index/hello [运行时间：0.048861s][吞吐率：20.47req/s] [内存消耗：2,401.83kb] [文件加载：56]
[ info ] [ LANG ] D:\Dentv\wwwroot\tp5.0\thinkphp/lang/zh-cn.php
[ info ] [ ROUTE ] array (
)
[ info ] [ HEADER ] array (
  'host' => 'localhost',
  'connection' => 'keep-alive',
  'cache-control' => 'max-age=0',
  'upgrade-insecure-requests' => '1',
  'user-agent' => 'Mozilla/5.0 (Windows NT 10.0; Win64; x64) AppleWebKit/537.36 (KHTML, like Gecko) Chrome/64.0.3282.186 Safari/537.36',
  'accept' => 'text/html,application/xhtml+xml,application/xml;q=0.9,image/webp,image/apng,*/*;q=0.8',
  'accept-encoding' => 'gzip, deflate, br',
  'accept-language' => 'zh-CN,zh;q=0.9',
)
[ info ] [ PARAM ] array (
)
[ info ] [ LOG ] INIT File
[ error ] [0]模板文件不存在:D:\Dentv\wwwroot\tp5.0\application/index/view\index\index.html[D:\Dentv\wwwroot\tp5.0\thinkphp\library\think\view\driver\Think.php:80]
---------------------------------------------------------------
[ 2018-03-04T13:12:13+08:00 ] 0.0.0.0 GET /index/Index/hello
[ info ] localhost/index/Index/hello [运行时间：0.049431s][吞吐率：20.23req/s] [内存消耗：2,401.83kb] [文件加载：56]
[ info ] [ LANG ] D:\Dentv\wwwroot\tp5.0\thinkphp/lang/zh-cn.php
[ info ] [ ROUTE ] array (
)
[ info ] [ HEADER ] array (
  'host' => 'localhost',
  'connection' => 'keep-alive',
  'cache-control' => 'max-age=0',
  'upgrade-insecure-requests' => '1',
  'user-agent' => 'Mozilla/5.0 (Windows NT 10.0; Win64; x64) AppleWebKit/537.36 (KHTML, like Gecko) Chrome/64.0.3282.186 Safari/537.36',
  'accept' => 'text/html,application/xhtml+xml,application/xml;q=0.9,image/webp,image/apng,*/*;q=0.8',
  'accept-encoding' => 'gzip, deflate, br',
  'accept-language' => 'zh-CN,zh;q=0.9',
)
[ info ] [ PARAM ] array (
)
[ info ] [ LOG ] INIT File
[ error ] [0]模板文件不存在:D:\Dentv\wwwroot\tp5.0\application/index/view\index\index.html[D:\Dentv\wwwroot\tp5.0\thinkphp\library\think\view\driver\Think.php:80]
---------------------------------------------------------------
[ 2018-03-04T13:12:14+08:00 ] 0.0.0.0 GET /index/Index/hello
[ info ] localhost/index/Index/hello [运行时间：0.048319s][吞吐率：20.70req/s] [内存消耗：2,401.83kb] [文件加载：56]
[ info ] [ LANG ] D:\Dentv\wwwroot\tp5.0\thinkphp/lang/zh-cn.php
[ info ] [ ROUTE ] array (
)
[ info ] [ HEADER ] array (
  'host' => 'localhost',
  'connection' => 'keep-alive',
  'cache-control' => 'max-age=0',
  'upgrade-insecure-requests' => '1',
  'user-agent' => 'Mozilla/5.0 (Windows NT 10.0; Win64; x64) AppleWebKit/537.36 (KHTML, like Gecko) Chrome/64.0.3282.186 Safari/537.36',
  'accept' => 'text/html,application/xhtml+xml,application/xml;q=0.9,image/webp,image/apng,*/*;q=0.8',
  'accept-encoding' => 'gzip, deflate, br',
  'accept-language' => 'zh-CN,zh;q=0.9',
)
[ info ] [ PARAM ] array (
)
[ info ] [ LOG ] INIT File
[ error ] [0]模板文件不存在:D:\Dentv\wwwroot\tp5.0\application/index/view\index\index.html[D:\Dentv\wwwroot\tp5.0\thinkphp\library\think\view\driver\Think.php:80]
---------------------------------------------------------------
[ 2018-03-04T13:12:15+08:00 ] 0.0.0.0 GET /index/Index/hello
[ info ] localhost/index/Index/hello [运行时间：0.048833s][吞吐率：20.48req/s] [内存消耗：2,401.83kb] [文件加载：56]
[ info ] [ LANG ] D:\Dentv\wwwroot\tp5.0\thinkphp/lang/zh-cn.php
[ info ] [ ROUTE ] array (
)
[ info ] [ HEADER ] array (
  'host' => 'localhost',
  'connection' => 'keep-alive',
  'cache-control' => 'max-age=0',
  'upgrade-insecure-requests' => '1',
  'user-agent' => 'Mozilla/5.0 (Windows NT 10.0; Win64; x64) AppleWebKit/537.36 (KHTML, like Gecko) Chrome/64.0.3282.186 Safari/537.36',
  'accept' => 'text/html,application/xhtml+xml,application/xml;q=0.9,image/webp,image/apng,*/*;q=0.8',
  'accept-encoding' => 'gzip, deflate, br',
  'accept-language' => 'zh-CN,zh;q=0.9',
)
[ info ] [ PARAM ] array (
)
[ info ] [ LOG ] INIT File
[ error ] [0]模板文件不存在:D:\Dentv\wwwroot\tp5.0\application/index/view\index\index.html[D:\Dentv\wwwroot\tp5.0\thinkphp\library\think\view\driver\Think.php:80]
---------------------------------------------------------------
[ 2018-03-04T13:12:15+08:00 ] 0.0.0.0 GET /index/Index/hello
[ info ] localhost/index/Index/hello [运行时间：0.050161s][吞吐率：19.94req/s] [内存消耗：2,401.83kb] [文件加载：56]
[ info ] [ LANG ] D:\Dentv\wwwroot\tp5.0\thinkphp/lang/zh-cn.php
[ info ] [ ROUTE ] array (
)
[ info ] [ HEADER ] array (
  'host' => 'localhost',
  'connection' => 'keep-alive',
  'cache-control' => 'max-age=0',
  'upgrade-insecure-requests' => '1',
  'user-agent' => 'Mozilla/5.0 (Windows NT 10.0; Win64; x64) AppleWebKit/537.36 (KHTML, like Gecko) Chrome/64.0.3282.186 Safari/537.36',
  'accept' => 'text/html,application/xhtml+xml,application/xml;q=0.9,image/webp,image/apng,*/*;q=0.8',
  'accept-encoding' => 'gzip, deflate, br',
  'accept-language' => 'zh-CN,zh;q=0.9',
)
[ info ] [ PARAM ] array (
)
[ info ] [ LOG ] INIT File
[ error ] [0]模板文件不存在:D:\Dentv\wwwroot\tp5.0\application/index/view\index\index.html[D:\Dentv\wwwroot\tp5.0\thinkphp\library\think\view\driver\Think.php:80]
---------------------------------------------------------------
[ 2018-03-04T13:16:36+08:00 ] 0.0.0.0 GET /index/Index/hello
[ info ] localhost/index/Index/hello [运行时间：0.053127s][吞吐率：18.82req/s] [内存消耗：2,401.81kb] [文件加载：56]
[ info ] [ LANG ] D:\Dentv\wwwroot\tp5.0\thinkphp/lang/zh-cn.php
[ info ] [ ROUTE ] array (
)
[ info ] [ HEADER ] array (
  'host' => 'localhost',
  'connection' => 'keep-alive',
  'cache-control' => 'max-age=0',
  'upgrade-insecure-requests' => '1',
  'user-agent' => 'Mozilla/5.0 (Windows NT 10.0; Win64; x64) AppleWebKit/537.36 (KHTML, like Gecko) Chrome/64.0.3282.186 Safari/537.36',
  'accept' => 'text/html,application/xhtml+xml,application/xml;q=0.9,image/webp,image/apng,*/*;q=0.8',
  'accept-encoding' => 'gzip, deflate, br',
  'accept-language' => 'zh-CN,zh;q=0.9',
)
[ info ] [ PARAM ] array (
)
[ info ] [ LOG ] INIT File
[ error ] [0]模板文件不存在:D:\Dentv\wwwroot\tp5.0\application/index/view\index\index.html[D:\Dentv\wwwroot\tp5.0\thinkphp\library\think\view\driver\Think.php:80]
---------------------------------------------------------------
[ 2018-03-04T13:22:31+08:00 ] 0.0.0.0 GET /index/Index/hello
[ info ] localhost/index/Index/hello [运行时间：0.054901s][吞吐率：18.21req/s] [内存消耗：2,401.91kb] [文件加载：56]
[ info ] [ LANG ] D:\Dentv\wwwroot\tp5.0\thinkphp/lang/zh-cn.php
[ info ] [ ROUTE ] array (
)
[ info ] [ HEADER ] array (
  'host' => 'localhost',
  'connection' => 'keep-alive',
  'cache-control' => 'max-age=0',
  'upgrade-insecure-requests' => '1',
  'user-agent' => 'Mozilla/5.0 (Windows NT 10.0; Win64; x64) AppleWebKit/537.36 (KHTML, like Gecko) Chrome/64.0.3282.186 Safari/537.36',
  'accept' => 'text/html,application/xhtml+xml,application/xml;q=0.9,image/webp,image/apng,*/*;q=0.8',
  'accept-encoding' => 'gzip, deflate, br',
  'accept-language' => 'zh-CN,zh;q=0.9',
)
[ info ] [ PARAM ] array (
)
[ info ] [ LOG ] INIT File
[ error ] [0]模板文件不存在:D:\Dentv\wwwroot\tp5.0\application/index/view\index\index.html[D:\Dentv\wwwroot\tp5.0\thinkphp\library\think\view\driver\Think.php:80]
