---------------------------------------------------------------
[ 2018-03-16T00:00:51+08:00 ] 0.0.0.0 GET /Index/Index/brouser
[ info ] localhost/Index/Index/brouser [运行时间：0.066163s][吞吐率：15.11req/s] [内存消耗：2,393.55kb] [文件加载：56]
[ info ] [ LANG ] D:\Dentv\wwwroot\tp5.0\thinkphp/lang/zh-cn.php
[ info ] [ ROUTE ] array (
)
[ info ] [ HEADER ] array (
  'host' => 'localhost',
  'connection' => 'keep-alive',
  'cache-control' => 'max-age=0',
  'upgrade-insecure-requests' => '1',
  'user-agent' => 'Mozilla/5.0 (Windows NT 10.0; Win64; x64) AppleWebKit/537.36 (KHTML, like Gecko) Chrome/64.0.3282.186 Safari/537.36',
  'accept' => 'text/html,application/xhtml+xml,application/xml;q=0.9,image/webp,image/apng,*/*;q=0.8',
  'accept-encoding' => 'gzip, deflate, br',
  'accept-language' => 'zh-CN,zh;q=0.9',
)
[ info ] [ PARAM ] array (
)
[ info ] [ VIEW ] ../application/view/index\brouser.html [ array (
) ]
[ info ] [ LOG ] INIT File
---------------------------------------------------------------
[ 2018-03-16T00:00:52+08:00 ] 0.0.0.0 POST /Index/Index/usrecho
[ info ] localhost/Index/Index/usrecho [运行时间：0.092620s][吞吐率：10.80req/s] [内存消耗：4,735.63kb] [文件加载：73]
[ info ] [ LANG ] D:\Dentv\wwwroot\tp5.0\thinkphp/lang/zh-cn.php
[ info ] [ ROUTE ] array (
)
[ info ] [ HEADER ] array (
  'host' => 'localhost',
  'connection' => 'keep-alive',
  'content-length' => '15',
  'accept' => 'application/json, text/javascript, */*; q=0.01',
  'origin' => 'http://localhost',
  'x-requested-with' => 'XMLHttpRequest',
  'user-agent' => 'Mozilla/5.0 (Windows NT 10.0; Win64; x64) AppleWebKit/537.36 (KHTML, like Gecko) Chrome/64.0.3282.186 Safari/537.36',
  'content-type' => 'application/x-www-form-urlencoded; charset=UTF-8',
  'referer' => 'http://localhost/Index/Index/brouser',
  'accept-encoding' => 'gzip, deflate, br',
  'accept-language' => 'zh-CN,zh;q=0.9',
)
[ info ] [ PARAM ] array (
  'page' => '1',
  'limit' => '10',
)
[ info ] [ DB ] INIT mysql
[ info ] [ VIEW ] ../application/view/index\usrecho.html [ array (
  0 => 'res',
) ]
[ info ] [ LOG ] INIT File
[ sql ] [ DB ] CONNECT:[ UseTime:0.001337s ] mysql:host=127.0.0.1;dbname=zk_sysdata;charset=utf8
[ sql ] [ SQL ] SHOW COLUMNS FROM `zk_user` [ RunTime:0.001194s ]
[ sql ] [ SQL ] SELECT `id`,`name`,`department`,`email`,`tel`,`qq`,`address`,`note` FROM `zk_user` WHERE  `id` > 0 [ RunTime:0.000683s ]
[ sql ] [ SQL ] SELECT COUNT(*) AS tp_count FROM `zk_user` WHERE  `id` > 0 LIMIT 1 [ RunTime:0.000659s ]
---------------------------------------------------------------
[ 2018-03-16T00:01:41+08:00 ] 0.0.0.0 GET /Index/Index/brouser
[ info ] localhost/Index/Index/brouser [运行时间：0.056416s][吞吐率：17.73req/s] [内存消耗：2,393.03kb] [文件加载：56]
[ info ] [ LANG ] D:\Dentv\wwwroot\tp5.0\thinkphp/lang/zh-cn.php
[ info ] [ ROUTE ] array (
)
[ info ] [ HEADER ] array (
  'host' => 'localhost',
  'connection' => 'keep-alive',
  'upgrade-insecure-requests' => '1',
  'user-agent' => 'Mozilla/5.0 (Windows NT 10.0; Win64; x64) AppleWebKit/537.36 (KHTML, like Gecko) Chrome/64.0.3282.186 Safari/537.36',
  'accept' => 'text/html,application/xhtml+xml,application/xml;q=0.9,image/webp,image/apng,*/*;q=0.8',
  'accept-encoding' => 'gzip, deflate, br',
  'accept-language' => 'zh-CN,zh;q=0.9',
)
[ info ] [ PARAM ] array (
)
[ info ] [ VIEW ] ../application/view/index\brouser.html [ array (
) ]
[ info ] [ LOG ] INIT File
---------------------------------------------------------------
[ 2018-03-16T00:01:42+08:00 ] 0.0.0.0 GET /Index/Index/usrecho?page=1&limit=10
[ info ] localhost/Index/Index/usrecho?page=1&limit=10 [运行时间：0.079119s][吞吐率：12.64req/s] [内存消耗：4,736.83kb] [文件加载：73]
[ info ] [ LANG ] D:\Dentv\wwwroot\tp5.0\thinkphp/lang/zh-cn.php
[ info ] [ ROUTE ] array (
)
[ info ] [ HEADER ] array (
  'host' => 'localhost',
  'connection' => 'keep-alive',
  'accept' => 'application/json, text/javascript, */*; q=0.01',
  'x-requested-with' => 'XMLHttpRequest',
  'user-agent' => 'Mozilla/5.0 (Windows NT 10.0; Win64; x64) AppleWebKit/537.36 (KHTML, like Gecko) Chrome/64.0.3282.186 Safari/537.36',
  'referer' => 'http://localhost/Index/Index/brouser',
  'accept-encoding' => 'gzip, deflate, br',
  'accept-language' => 'zh-CN,zh;q=0.9',
)
[ info ] [ PARAM ] array (
  'page' => '1',
  'limit' => '10',
)
[ info ] [ DB ] INIT mysql
[ info ] [ VIEW ] ../application/view/index\usrecho.html [ array (
  0 => 'res',
) ]
[ info ] [ LOG ] INIT File
[ sql ] [ DB ] CONNECT:[ UseTime:0.001104s ] mysql:host=127.0.0.1;dbname=zk_sysdata;charset=utf8
[ sql ] [ SQL ] SHOW COLUMNS FROM `zk_user` [ RunTime:0.001086s ]
[ sql ] [ SQL ] SELECT `id`,`name`,`department`,`email`,`tel`,`qq`,`address`,`note` FROM `zk_user` WHERE  `id` > 0 [ RunTime:0.000498s ]
[ sql ] [ SQL ] SELECT COUNT(*) AS tp_count FROM `zk_user` WHERE  `id` > 0 LIMIT 1 [ RunTime:0.000534s ]
---------------------------------------------------------------
[ 2018-03-16T00:01:59+08:00 ] 0.0.0.0 GET /Index/Index/brouser
[ info ] localhost/Index/Index/brouser [运行时间：0.055174s][吞吐率：18.12req/s] [内存消耗：2,393.56kb] [文件加载：56]
[ info ] [ LANG ] D:\Dentv\wwwroot\tp5.0\thinkphp/lang/zh-cn.php
[ info ] [ ROUTE ] array (
)
[ info ] [ HEADER ] array (
  'host' => 'localhost',
  'connection' => 'keep-alive',
  'cache-control' => 'max-age=0',
  'upgrade-insecure-requests' => '1',
  'user-agent' => 'Mozilla/5.0 (Windows NT 10.0; Win64; x64) AppleWebKit/537.36 (KHTML, like Gecko) Chrome/64.0.3282.186 Safari/537.36',
  'accept' => 'text/html,application/xhtml+xml,application/xml;q=0.9,image/webp,image/apng,*/*;q=0.8',
  'accept-encoding' => 'gzip, deflate, br',
  'accept-language' => 'zh-CN,zh;q=0.9',
)
[ info ] [ PARAM ] array (
)
[ info ] [ VIEW ] ../application/view/index\brouser.html [ array (
) ]
[ info ] [ LOG ] INIT File
---------------------------------------------------------------
[ 2018-03-16T00:02:00+08:00 ] 0.0.0.0 GET /Index/Index/usrecho?page=1&limit=10
[ info ] localhost/Index/Index/usrecho?page=1&limit=10 [运行时间：0.093538s][吞吐率：10.69req/s] [内存消耗：4,736.83kb] [文件加载：73]
[ info ] [ LANG ] D:\Dentv\wwwroot\tp5.0\thinkphp/lang/zh-cn.php
[ info ] [ ROUTE ] array (
)
[ info ] [ HEADER ] array (
  'host' => 'localhost',
  'connection' => 'keep-alive',
  'accept' => 'application/json, text/javascript, */*; q=0.01',
  'x-requested-with' => 'XMLHttpRequest',
  'user-agent' => 'Mozilla/5.0 (Windows NT 10.0; Win64; x64) AppleWebKit/537.36 (KHTML, like Gecko) Chrome/64.0.3282.186 Safari/537.36',
  'referer' => 'http://localhost/Index/Index/brouser',
  'accept-encoding' => 'gzip, deflate, br',
  'accept-language' => 'zh-CN,zh;q=0.9',
)
[ info ] [ PARAM ] array (
  'page' => '1',
  'limit' => '10',
)
[ info ] [ DB ] INIT mysql
[ info ] [ VIEW ] ../application/view/index\usrecho.html [ array (
  0 => 'res',
) ]
[ info ] [ LOG ] INIT File
[ sql ] [ DB ] CONNECT:[ UseTime:0.001727s ] mysql:host=127.0.0.1;dbname=zk_sysdata;charset=utf8
[ sql ] [ SQL ] SHOW COLUMNS FROM `zk_user` [ RunTime:0.001317s ]
[ sql ] [ SQL ] SELECT `id`,`name`,`department`,`email`,`tel`,`qq`,`address`,`note` FROM `zk_user` WHERE  `id` > 0 [ RunTime:0.000753s ]
[ sql ] [ SQL ] SELECT COUNT(*) AS tp_count FROM `zk_user` WHERE  `id` > 0 LIMIT 1 [ RunTime:0.000696s ]
---------------------------------------------------------------
[ 2018-03-16T00:02:03+08:00 ] 0.0.0.0 GET /
[ info ] localhost/ [运行时间：0.062340s][吞吐率：16.04req/s] [内存消耗：2,754.48kb] [文件加载：60]
[ info ] [ LANG ] D:\Dentv\wwwroot\tp5.0\thinkphp/lang/zh-cn.php
[ info ] [ ROUTE ] array (
)
[ info ] [ HEADER ] array (
  'host' => 'localhost',
  'connection' => 'keep-alive',
  'upgrade-insecure-requests' => '1',
  'user-agent' => 'Mozilla/5.0 (Windows NT 10.0; Win64; x64) AppleWebKit/537.36 (KHTML, like Gecko) Chrome/64.0.3282.186 Safari/537.36',
  'accept' => 'text/html,application/xhtml+xml,application/xml;q=0.9,image/webp,image/apng,*/*;q=0.8',
  'accept-encoding' => 'gzip, deflate, br',
  'accept-language' => 'zh-CN,zh;q=0.9',
)
[ info ] [ PARAM ] array (
)
[ info ] [ VIEW ] ../application/view/login\index.html [ array (
) ]
[ info ] [ LOG ] INIT File
---------------------------------------------------------------
[ 2018-03-16T00:02:12+08:00 ] 0.0.0.0 POST /Index/Login/check.html
[ info ] localhost/Index/Login/check.html [运行时间：0.068025s][吞吐率：14.70req/s] [内存消耗：2,754.48kb] [文件加载：63]
[ info ] [ LANG ] D:\Dentv\wwwroot\tp5.0\thinkphp/lang/zh-cn.php
[ info ] [ ROUTE ] array (
)
[ info ] [ HEADER ] array (
  'host' => 'localhost',
  'connection' => 'keep-alive',
  'content-length' => '40',
  'cache-control' => 'max-age=0',
  'origin' => 'http://localhost',
  'upgrade-insecure-requests' => '1',
  'content-type' => 'application/x-www-form-urlencoded',
  'user-agent' => 'Mozilla/5.0 (Windows NT 10.0; Win64; x64) AppleWebKit/537.36 (KHTML, like Gecko) Chrome/64.0.3282.186 Safari/537.36',
  'accept' => 'text/html,application/xhtml+xml,application/xml;q=0.9,image/webp,image/apng,*/*;q=0.8',
  'referer' => 'http://localhost/',
  'accept-encoding' => 'gzip, deflate, br',
  'accept-language' => 'zh-CN,zh;q=0.9',
)
[ info ] [ PARAM ] array (
  'name' => 'admin',
  'password' => 'admin12345',
  'code' => '6982',
)
[ info ] [ SESSION ] INIT array (
  'id' => '',
  'var_session_id' => '',
  'prefix' => 'think',
  'type' => '',
  'auto_start' => true,
  'httponly' => true,
  'secure' => false,
)
[ info ] [ VIEW ] D:\Dentv\wwwroot\tp5.0\thinkphp/tpl/dispatch_jump.tpl [ array (
  0 => 'code',
  1 => 'msg',
  2 => 'data',
  3 => 'url',
  4 => 'wait',
) ]
[ info ] [ LOG ] INIT File
---------------------------------------------------------------
[ 2018-03-16T00:02:15+08:00 ] 0.0.0.0 GET /Index/Index/loginSuc.html
[ info ] localhost/Index/Index/loginSuc.html [运行时间：0.067368s][吞吐率：14.84req/s] [内存消耗：2,754.90kb] [文件加载：60]
[ info ] [ LANG ] D:\Dentv\wwwroot\tp5.0\thinkphp/lang/zh-cn.php
[ info ] [ ROUTE ] array (
)
[ info ] [ HEADER ] array (
  'host' => 'localhost',
  'connection' => 'keep-alive',
  'upgrade-insecure-requests' => '1',
  'user-agent' => 'Mozilla/5.0 (Windows NT 10.0; Win64; x64) AppleWebKit/537.36 (KHTML, like Gecko) Chrome/64.0.3282.186 Safari/537.36',
  'accept' => 'text/html,application/xhtml+xml,application/xml;q=0.9,image/webp,image/apng,*/*;q=0.8',
  'referer' => 'http://localhost/Index/Login/check.html',
  'accept-encoding' => 'gzip, deflate, br',
  'accept-language' => 'zh-CN,zh;q=0.9',
  'cookie' => 'PHPSESSID=5mi3d0g38r0bcdn1ttf083b493',
)
[ info ] [ PARAM ] array (
)
[ info ] [ VIEW ] ../application/view/index\loginsuc.html [ array (
) ]
[ info ] [ LOG ] INIT File
---------------------------------------------------------------
[ 2018-03-16T00:02:15+08:00 ] 0.0.0.0 GET /index/index/adduser.html
[ info ] localhost/index/index/adduser.html [运行时间：0.063593s][吞吐率：15.73req/s] [内存消耗：2,758.38kb] [文件加载：60]
[ info ] [ LANG ] D:\Dentv\wwwroot\tp5.0\thinkphp/lang/zh-cn.php
[ info ] [ ROUTE ] array (
)
[ info ] [ HEADER ] array (
  'host' => 'localhost',
  'connection' => 'keep-alive',
  'upgrade-insecure-requests' => '1',
  'user-agent' => 'Mozilla/5.0 (Windows NT 10.0; Win64; x64) AppleWebKit/537.36 (KHTML, like Gecko) Chrome/64.0.3282.186 Safari/537.36',
  'accept' => 'text/html,application/xhtml+xml,application/xml;q=0.9,image/webp,image/apng,*/*;q=0.8',
  'referer' => 'http://localhost/Index/Index/loginSuc.html',
  'accept-encoding' => 'gzip, deflate, br',
  'accept-language' => 'zh-CN,zh;q=0.9',
  'cookie' => 'PHPSESSID=5mi3d0g38r0bcdn1ttf083b493',
)
[ info ] [ PARAM ] array (
)
[ info ] [ VIEW ] ../application/view/index\adduser.html [ array (
) ]
[ info ] [ LOG ] INIT File
---------------------------------------------------------------
[ 2018-03-16T00:02:17+08:00 ] 0.0.0.0 GET /Index/Index/brouser.html
[ info ] localhost/Index/Index/brouser.html [运行时间：0.053284s][吞吐率：18.77req/s] [内存消耗：2,393.92kb] [文件加载：56]
[ info ] [ LANG ] D:\Dentv\wwwroot\tp5.0\thinkphp/lang/zh-cn.php
[ info ] [ ROUTE ] array (
)
[ info ] [ HEADER ] array (
  'host' => 'localhost',
  'connection' => 'keep-alive',
  'upgrade-insecure-requests' => '1',
  'user-agent' => 'Mozilla/5.0 (Windows NT 10.0; Win64; x64) AppleWebKit/537.36 (KHTML, like Gecko) Chrome/64.0.3282.186 Safari/537.36',
  'accept' => 'text/html,application/xhtml+xml,application/xml;q=0.9,image/webp,image/apng,*/*;q=0.8',
  'referer' => 'http://localhost/Index/Index/loginSuc.html',
  'accept-encoding' => 'gzip, deflate, br',
  'accept-language' => 'zh-CN,zh;q=0.9',
  'cookie' => 'PHPSESSID=5mi3d0g38r0bcdn1ttf083b493',
)
[ info ] [ PARAM ] array (
)
[ info ] [ VIEW ] ../application/view/index\brouser.html [ array (
) ]
[ info ] [ LOG ] INIT File
---------------------------------------------------------------
[ 2018-03-16T00:02:17+08:00 ] 0.0.0.0 GET /Index/Index/usrecho?page=1&limit=10
[ info ] localhost/Index/Index/usrecho?page=1&limit=10 [运行时间：0.079915s][吞吐率：12.51req/s] [内存消耗：4,737.13kb] [文件加载：73]
[ info ] [ LANG ] D:\Dentv\wwwroot\tp5.0\thinkphp/lang/zh-cn.php
[ info ] [ ROUTE ] array (
)
[ info ] [ HEADER ] array (
  'host' => 'localhost',
  'connection' => 'keep-alive',
  'accept' => 'application/json, text/javascript, */*; q=0.01',
  'x-requested-with' => 'XMLHttpRequest',
  'user-agent' => 'Mozilla/5.0 (Windows NT 10.0; Win64; x64) AppleWebKit/537.36 (KHTML, like Gecko) Chrome/64.0.3282.186 Safari/537.36',
  'referer' => 'http://localhost/Index/Index/brouser.html',
  'accept-encoding' => 'gzip, deflate, br',
  'accept-language' => 'zh-CN,zh;q=0.9',
  'cookie' => 'PHPSESSID=5mi3d0g38r0bcdn1ttf083b493',
)
[ info ] [ PARAM ] array (
  'page' => '1',
  'limit' => '10',
)
[ info ] [ DB ] INIT mysql
[ info ] [ VIEW ] ../application/view/index\usrecho.html [ array (
  0 => 'res',
) ]
[ info ] [ LOG ] INIT File
[ sql ] [ DB ] CONNECT:[ UseTime:0.001310s ] mysql:host=127.0.0.1;dbname=zk_sysdata;charset=utf8
[ sql ] [ SQL ] SHOW COLUMNS FROM `zk_user` [ RunTime:0.001117s ]
[ sql ] [ SQL ] SELECT `id`,`name`,`department`,`email`,`tel`,`qq`,`address`,`note` FROM `zk_user` WHERE  `id` > 0 [ RunTime:0.000624s ]
[ sql ] [ SQL ] SELECT COUNT(*) AS tp_count FROM `zk_user` WHERE  `id` > 0 LIMIT 1 [ RunTime:0.000617s ]
---------------------------------------------------------------
[ 2018-03-16T00:02:18+08:00 ] 0.0.0.0 GET /Index/Index/brouser.html
[ info ] localhost/Index/Index/brouser.html [运行时间：0.055651s][吞吐率：17.97req/s] [内存消耗：2,393.92kb] [文件加载：56]
[ info ] [ LANG ] D:\Dentv\wwwroot\tp5.0\thinkphp/lang/zh-cn.php
[ info ] [ ROUTE ] array (
)
[ info ] [ HEADER ] array (
  'host' => 'localhost',
  'connection' => 'keep-alive',
  'upgrade-insecure-requests' => '1',
  'user-agent' => 'Mozilla/5.0 (Windows NT 10.0; Win64; x64) AppleWebKit/537.36 (KHTML, like Gecko) Chrome/64.0.3282.186 Safari/537.36',
  'accept' => 'text/html,application/xhtml+xml,application/xml;q=0.9,image/webp,image/apng,*/*;q=0.8',
  'referer' => 'http://localhost/Index/Index/loginSuc.html',
  'accept-encoding' => 'gzip, deflate, br',
  'accept-language' => 'zh-CN,zh;q=0.9',
  'cookie' => 'PHPSESSID=5mi3d0g38r0bcdn1ttf083b493',
)
[ info ] [ PARAM ] array (
)
[ info ] [ VIEW ] ../application/view/index\brouser.html [ array (
) ]
[ info ] [ LOG ] INIT File
---------------------------------------------------------------
[ 2018-03-16T00:02:18+08:00 ] 0.0.0.0 GET /Index/Index/usrecho?page=1&limit=10
[ info ] localhost/Index/Index/usrecho?page=1&limit=10 [运行时间：0.158206s][吞吐率：6.32req/s] [内存消耗：4,737.13kb] [文件加载：73]
[ info ] [ LANG ] D:\Dentv\wwwroot\tp5.0\thinkphp/lang/zh-cn.php
[ info ] [ ROUTE ] array (
)
[ info ] [ HEADER ] array (
  'host' => 'localhost',
  'connection' => 'keep-alive',
  'accept' => 'application/json, text/javascript, */*; q=0.01',
  'x-requested-with' => 'XMLHttpRequest',
  'user-agent' => 'Mozilla/5.0 (Windows NT 10.0; Win64; x64) AppleWebKit/537.36 (KHTML, like Gecko) Chrome/64.0.3282.186 Safari/537.36',
  'referer' => 'http://localhost/Index/Index/brouser.html',
  'accept-encoding' => 'gzip, deflate, br',
  'accept-language' => 'zh-CN,zh;q=0.9',
  'cookie' => 'PHPSESSID=5mi3d0g38r0bcdn1ttf083b493',
)
[ info ] [ PARAM ] array (
  'page' => '1',
  'limit' => '10',
)
[ info ] [ DB ] INIT mysql
[ info ] [ VIEW ] ../application/view/index\usrecho.html [ array (
  0 => 'res',
) ]
[ info ] [ LOG ] INIT File
[ sql ] [ DB ] CONNECT:[ UseTime:0.001615s ] mysql:host=127.0.0.1;dbname=zk_sysdata;charset=utf8
[ sql ] [ SQL ] SHOW COLUMNS FROM `zk_user` [ RunTime:0.001431s ]
[ sql ] [ SQL ] SELECT `id`,`name`,`department`,`email`,`tel`,`qq`,`address`,`note` FROM `zk_user` WHERE  `id` > 0 [ RunTime:0.000821s ]
[ sql ] [ SQL ] SELECT COUNT(*) AS tp_count FROM `zk_user` WHERE  `id` > 0 LIMIT 1 [ RunTime:0.000839s ]
---------------------------------------------------------------
[ 2018-03-16T09:47:48+08:00 ] 0.0.0.0 GET /
[ info ] localhost/ [运行时间：0.065053s][吞吐率：15.37req/s] [内存消耗：2,503.37kb] [文件加载：58]
[ info ] [ LANG ] D:\Dentv\wwwroot\tp5.0\thinkphp/lang/zh-cn.php
[ info ] [ ROUTE ] array (
)
[ info ] [ HEADER ] array (
  'host' => 'localhost',
  'connection' => 'keep-alive',
  'upgrade-insecure-requests' => '1',
  'user-agent' => 'Mozilla/5.0 (Windows NT 10.0; Win64; x64) AppleWebKit/537.36 (KHTML, like Gecko) Chrome/64.0.3282.186 Safari/537.36',
  'accept' => 'text/html,application/xhtml+xml,application/xml;q=0.9,image/webp,image/apng,*/*;q=0.8',
  'accept-encoding' => 'gzip, deflate, br',
  'accept-language' => 'zh-CN,zh;q=0.9',
)
[ info ] [ PARAM ] array (
)
[ info ] [ VIEW ] ../application/view/login\index.html [ array (
) ]
[ info ] [ LOG ] INIT File
---------------------------------------------------------------
[ 2018-03-16T09:47:56+08:00 ] 0.0.0.0 POST /Index/Login/check.html
[ info ] localhost/Index/Login/check.html [运行时间：0.059377s][吞吐率：16.84req/s] [内存消耗：2,505.62kb] [文件加载：61]
[ info ] [ LANG ] D:\Dentv\wwwroot\tp5.0\thinkphp/lang/zh-cn.php
[ info ] [ ROUTE ] array (
)
[ info ] [ HEADER ] array (
  'host' => 'localhost',
  'connection' => 'keep-alive',
  'content-length' => '40',
  'cache-control' => 'max-age=0',
  'origin' => 'http://localhost',
  'upgrade-insecure-requests' => '1',
  'content-type' => 'application/x-www-form-urlencoded',
  'user-agent' => 'Mozilla/5.0 (Windows NT 10.0; Win64; x64) AppleWebKit/537.36 (KHTML, like Gecko) Chrome/64.0.3282.186 Safari/537.36',
  'accept' => 'text/html,application/xhtml+xml,application/xml;q=0.9,image/webp,image/apng,*/*;q=0.8',
  'referer' => 'http://localhost/',
  'accept-encoding' => 'gzip, deflate, br',
  'accept-language' => 'zh-CN,zh;q=0.9',
)
[ info ] [ PARAM ] array (
  'name' => 'admin',
  'password' => 'admin12345',
  'code' => '6982',
)
[ info ] [ SESSION ] INIT array (
  'id' => '',
  'var_session_id' => '',
  'prefix' => 'think',
  'type' => '',
  'auto_start' => true,
  'httponly' => true,
  'secure' => false,
)
[ info ] [ VIEW ] D:\Dentv\wwwroot\tp5.0\thinkphp/tpl/dispatch_jump.tpl [ array (
  0 => 'code',
  1 => 'msg',
  2 => 'data',
  3 => 'url',
  4 => 'wait',
) ]
[ info ] [ LOG ] INIT File
---------------------------------------------------------------
[ 2018-03-16T09:47:59+08:00 ] 0.0.0.0 GET /Index/Index/loginSuc.html
[ info ] localhost/Index/Index/loginSuc.html [运行时间：0.077835s][吞吐率：12.85req/s] [内存消耗：2,504.02kb] [文件加载：58]
[ info ] [ LANG ] D:\Dentv\wwwroot\tp5.0\thinkphp/lang/zh-cn.php
[ info ] [ ROUTE ] array (
)
[ info ] [ HEADER ] array (
  'host' => 'localhost',
  'connection' => 'keep-alive',
  'upgrade-insecure-requests' => '1',
  'user-agent' => 'Mozilla/5.0 (Windows NT 10.0; Win64; x64) AppleWebKit/537.36 (KHTML, like Gecko) Chrome/64.0.3282.186 Safari/537.36',
  'accept' => 'text/html,application/xhtml+xml,application/xml;q=0.9,image/webp,image/apng,*/*;q=0.8',
  'referer' => 'http://localhost/Index/Login/check.html',
  'accept-encoding' => 'gzip, deflate, br',
  'accept-language' => 'zh-CN,zh;q=0.9',
  'cookie' => 'PHPSESSID=p3ncgbge5f4c8kbefpcmaata13',
)
[ info ] [ PARAM ] array (
)
[ info ] [ VIEW ] ../application/view/index\loginsuc.html [ array (
) ]
[ info ] [ LOG ] INIT File
---------------------------------------------------------------
[ 2018-03-16T09:47:59+08:00 ] 0.0.0.0 GET /index/index/adduser.html
[ info ] localhost/index/index/adduser.html [运行时间：0.084372s][吞吐率：11.85req/s] [内存消耗：2,504.20kb] [文件加载：58]
[ info ] [ LANG ] D:\Dentv\wwwroot\tp5.0\thinkphp/lang/zh-cn.php
[ info ] [ ROUTE ] array (
)
[ info ] [ HEADER ] array (
  'host' => 'localhost',
  'connection' => 'keep-alive',
  'upgrade-insecure-requests' => '1',
  'user-agent' => 'Mozilla/5.0 (Windows NT 10.0; Win64; x64) AppleWebKit/537.36 (KHTML, like Gecko) Chrome/64.0.3282.186 Safari/537.36',
  'accept' => 'text/html,application/xhtml+xml,application/xml;q=0.9,image/webp,image/apng,*/*;q=0.8',
  'referer' => 'http://localhost/Index/Index/loginSuc.html',
  'accept-encoding' => 'gzip, deflate, br',
  'accept-language' => 'zh-CN,zh;q=0.9',
  'cookie' => 'PHPSESSID=p3ncgbge5f4c8kbefpcmaata13',
)
[ info ] [ PARAM ] array (
)
[ info ] [ VIEW ] ../application/view/index\adduser.html [ array (
) ]
[ info ] [ LOG ] INIT File
---------------------------------------------------------------
[ 2018-03-16T09:48:01+08:00 ] 0.0.0.0 GET /Index/Index/brouser.html
[ info ] localhost/Index/Index/brouser.html [运行时间：0.051150s][吞吐率：19.55req/s] [内存消耗：2,393.92kb] [文件加载：56]
[ info ] [ LANG ] D:\Dentv\wwwroot\tp5.0\thinkphp/lang/zh-cn.php
[ info ] [ ROUTE ] array (
)
[ info ] [ HEADER ] array (
  'host' => 'localhost',
  'connection' => 'keep-alive',
  'upgrade-insecure-requests' => '1',
  'user-agent' => 'Mozilla/5.0 (Windows NT 10.0; Win64; x64) AppleWebKit/537.36 (KHTML, like Gecko) Chrome/64.0.3282.186 Safari/537.36',
  'accept' => 'text/html,application/xhtml+xml,application/xml;q=0.9,image/webp,image/apng,*/*;q=0.8',
  'referer' => 'http://localhost/Index/Index/loginSuc.html',
  'accept-encoding' => 'gzip, deflate, br',
  'accept-language' => 'zh-CN,zh;q=0.9',
  'cookie' => 'PHPSESSID=p3ncgbge5f4c8kbefpcmaata13',
)
[ info ] [ PARAM ] array (
)
[ info ] [ VIEW ] ../application/view/index\brouser.html [ array (
) ]
[ info ] [ LOG ] INIT File
---------------------------------------------------------------
[ 2018-03-16T09:48:01+08:00 ] 0.0.0.0 GET /Index/Index/usrecho?page=1&limit=10
[ info ] localhost/Index/Index/usrecho?page=1&limit=10 [运行时间：0.094003s][吞吐率：10.64req/s] [内存消耗：4,737.13kb] [文件加载：73]
[ info ] [ LANG ] D:\Dentv\wwwroot\tp5.0\thinkphp/lang/zh-cn.php
[ info ] [ ROUTE ] array (
)
[ info ] [ HEADER ] array (
  'host' => 'localhost',
  'connection' => 'keep-alive',
  'accept' => 'application/json, text/javascript, */*; q=0.01',
  'x-requested-with' => 'XMLHttpRequest',
  'user-agent' => 'Mozilla/5.0 (Windows NT 10.0; Win64; x64) AppleWebKit/537.36 (KHTML, like Gecko) Chrome/64.0.3282.186 Safari/537.36',
  'referer' => 'http://localhost/Index/Index/brouser.html',
  'accept-encoding' => 'gzip, deflate, br',
  'accept-language' => 'zh-CN,zh;q=0.9',
  'cookie' => 'PHPSESSID=p3ncgbge5f4c8kbefpcmaata13',
)
[ info ] [ PARAM ] array (
  'page' => '1',
  'limit' => '10',
)
[ info ] [ DB ] INIT mysql
[ info ] [ VIEW ] ../application/view/index\usrecho.html [ array (
  0 => 'res',
) ]
[ info ] [ LOG ] INIT File
[ sql ] [ DB ] CONNECT:[ UseTime:0.001527s ] mysql:host=127.0.0.1;dbname=zk_sysdata;charset=utf8
[ sql ] [ SQL ] SHOW COLUMNS FROM `zk_user` [ RunTime:0.001263s ]
[ sql ] [ SQL ] SELECT `id`,`name`,`department`,`email`,`tel`,`qq`,`address`,`note` FROM `zk_user` WHERE  `id` > 0 [ RunTime:0.000632s ]
[ sql ] [ SQL ] SELECT COUNT(*) AS tp_count FROM `zk_user` WHERE  `id` > 0 LIMIT 1 [ RunTime:0.000659s ]
---------------------------------------------------------------
[ 2018-03-16T09:52:43+08:00 ] 0.0.0.0 GET /Index/Index/usrecho
[ info ] localhost/Index/Index/usrecho [运行时间：0.085336s][吞吐率：11.72req/s] [内存消耗：4,721.13kb] [文件加载：72]
[ info ] [ LANG ] D:\Dentv\wwwroot\tp5.0\thinkphp/lang/zh-cn.php
[ info ] [ ROUTE ] array (
)
[ info ] [ HEADER ] array (
  'host' => 'localhost',
  'connection' => 'keep-alive',
  'upgrade-insecure-requests' => '1',
  'user-agent' => 'Mozilla/5.0 (Windows NT 10.0; Win64; x64) AppleWebKit/537.36 (KHTML, like Gecko) Chrome/64.0.3282.186 Safari/537.36',
  'accept' => 'text/html,application/xhtml+xml,application/xml;q=0.9,image/webp,image/apng,*/*;q=0.8',
  'accept-encoding' => 'gzip, deflate, br',
  'accept-language' => 'zh-CN,zh;q=0.9',
  'cookie' => 'PHPSESSID=p3ncgbge5f4c8kbefpcmaata13',
)
[ info ] [ PARAM ] array (
)
[ info ] [ DB ] INIT mysql
[ info ] [ VIEW ] ../application/view/index\usrecho.html [ array (
  0 => 'res',
) ]
[ info ] [ LOG ] INIT File
[ sql ] [ DB ] CONNECT:[ UseTime:0.001157s ] mysql:host=127.0.0.1;dbname=zk_sysdata;charset=utf8
[ sql ] [ SQL ] SHOW COLUMNS FROM `zk_user` [ RunTime:0.001218s ]
[ sql ] [ SQL ] SELECT `id`,`name`,`department`,`email`,`tel`,`qq`,`address`,`note` FROM `zk_user` WHERE  `id` > 0 [ RunTime:0.000758s ]
[ sql ] [ SQL ] SELECT COUNT(*) AS tp_count FROM `zk_user` WHERE  `id` > 0 LIMIT 1 [ RunTime:0.000586s ]
---------------------------------------------------------------
[ 2018-03-16T09:55:21+08:00 ] 0.0.0.0 GET /Index/Index/adminpass.html
[ info ] localhost/Index/Index/adminpass.html [运行时间：0.053901s][吞吐率：18.55req/s] [内存消耗：2,504.08kb] [文件加载：58]
[ info ] [ LANG ] D:\Dentv\wwwroot\tp5.0\thinkphp/lang/zh-cn.php
[ info ] [ ROUTE ] array (
)
[ info ] [ HEADER ] array (
  'host' => 'localhost',
  'connection' => 'keep-alive',
  'upgrade-insecure-requests' => '1',
  'user-agent' => 'Mozilla/5.0 (Windows NT 10.0; Win64; x64) AppleWebKit/537.36 (KHTML, like Gecko) Chrome/64.0.3282.186 Safari/537.36',
  'accept' => 'text/html,application/xhtml+xml,application/xml;q=0.9,image/webp,image/apng,*/*;q=0.8',
  'referer' => 'http://localhost/Index/Index/loginSuc.html',
  'accept-encoding' => 'gzip, deflate, br',
  'accept-language' => 'zh-CN,zh;q=0.9',
  'cookie' => 'PHPSESSID=p3ncgbge5f4c8kbefpcmaata13',
)
[ info ] [ PARAM ] array (
)
[ info ] [ VIEW ] ../application/view/index\adminpass.html [ array (
) ]
[ info ] [ LOG ] INIT File
---------------------------------------------------------------
[ 2018-03-16T09:55:22+08:00 ] 0.0.0.0 GET /Index/Index/brouser.html
[ info ] localhost/Index/Index/brouser.html [运行时间：0.051769s][吞吐率：19.32req/s] [内存消耗：2,393.92kb] [文件加载：56]
[ info ] [ LANG ] D:\Dentv\wwwroot\tp5.0\thinkphp/lang/zh-cn.php
[ info ] [ ROUTE ] array (
)
[ info ] [ HEADER ] array (
  'host' => 'localhost',
  'connection' => 'keep-alive',
  'upgrade-insecure-requests' => '1',
  'user-agent' => 'Mozilla/5.0 (Windows NT 10.0; Win64; x64) AppleWebKit/537.36 (KHTML, like Gecko) Chrome/64.0.3282.186 Safari/537.36',
  'accept' => 'text/html,application/xhtml+xml,application/xml;q=0.9,image/webp,image/apng,*/*;q=0.8',
  'referer' => 'http://localhost/Index/Index/loginSuc.html',
  'accept-encoding' => 'gzip, deflate, br',
  'accept-language' => 'zh-CN,zh;q=0.9',
  'cookie' => 'PHPSESSID=p3ncgbge5f4c8kbefpcmaata13',
)
[ info ] [ PARAM ] array (
)
[ info ] [ VIEW ] ../application/view/index\brouser.html [ array (
) ]
[ info ] [ LOG ] INIT File
---------------------------------------------------------------
[ 2018-03-16T09:55:22+08:00 ] 0.0.0.0 GET /Index/Index/usrecho?page=1&limit=10
[ info ] localhost/Index/Index/usrecho?page=1&limit=10 [运行时间：0.079061s][吞吐率：12.65req/s] [内存消耗：4,737.13kb] [文件加载：73]
[ info ] [ LANG ] D:\Dentv\wwwroot\tp5.0\thinkphp/lang/zh-cn.php
[ info ] [ ROUTE ] array (
)
[ info ] [ HEADER ] array (
  'host' => 'localhost',
  'connection' => 'keep-alive',
  'accept' => 'application/json, text/javascript, */*; q=0.01',
  'x-requested-with' => 'XMLHttpRequest',
  'user-agent' => 'Mozilla/5.0 (Windows NT 10.0; Win64; x64) AppleWebKit/537.36 (KHTML, like Gecko) Chrome/64.0.3282.186 Safari/537.36',
  'referer' => 'http://localhost/Index/Index/brouser.html',
  'accept-encoding' => 'gzip, deflate, br',
  'accept-language' => 'zh-CN,zh;q=0.9',
  'cookie' => 'PHPSESSID=p3ncgbge5f4c8kbefpcmaata13',
)
[ info ] [ PARAM ] array (
  'page' => '1',
  'limit' => '10',
)
[ info ] [ DB ] INIT mysql
[ info ] [ VIEW ] ../application/view/index\usrecho.html [ array (
  0 => 'res',
) ]
[ info ] [ LOG ] INIT File
[ sql ] [ DB ] CONNECT:[ UseTime:0.001454s ] mysql:host=127.0.0.1;dbname=zk_sysdata;charset=utf8
[ sql ] [ SQL ] SHOW COLUMNS FROM `zk_user` [ RunTime:0.001174s ]
[ sql ] [ SQL ] SELECT `id`,`name`,`department`,`email`,`tel`,`qq`,`address`,`note` FROM `zk_user` WHERE  `id` > 0 [ RunTime:0.000632s ]
[ sql ] [ SQL ] SELECT COUNT(*) AS tp_count FROM `zk_user` WHERE  `id` > 0 LIMIT 1 [ RunTime:0.000682s ]
---------------------------------------------------------------
[ 2018-03-16T09:55:35+08:00 ] 0.0.0.0 GET /Index/Index/adminpass.html
[ info ] localhost/Index/Index/adminpass.html [运行时间：0.103372s][吞吐率：9.67req/s] [内存消耗：2,503.63kb] [文件加载：58]
[ info ] [ LANG ] D:\Dentv\wwwroot\tp5.0\thinkphp/lang/zh-cn.php
[ info ] [ ROUTE ] array (
)
[ info ] [ HEADER ] array (
  'host' => 'localhost',
  'connection' => 'keep-alive',
  'upgrade-insecure-requests' => '1',
  'user-agent' => 'Mozilla/5.0 (Windows NT 10.0; Win64; x64) AppleWebKit/537.36 (KHTML, like Gecko) Chrome/64.0.3282.186 Safari/537.36',
  'accept' => 'text/html,application/xhtml+xml,application/xml;q=0.9,image/webp,image/apng,*/*;q=0.8',
  'referer' => 'http://localhost/Index/Index/loginSuc.html',
  'accept-encoding' => 'gzip, deflate, br',
  'accept-language' => 'zh-CN,zh;q=0.9',
)
[ info ] [ PARAM ] array (
)
[ info ] [ VIEW ] ../application/view/index\adminpass.html [ array (
) ]
[ info ] [ LOG ] INIT File
---------------------------------------------------------------
[ 2018-03-16T09:55:36+08:00 ] 0.0.0.0 GET /Index/Index/brouser.html
[ info ] localhost/Index/Index/brouser.html [运行时间：0.052059s][吞吐率：19.21req/s] [内存消耗：2,393.56kb] [文件加载：56]
[ info ] [ LANG ] D:\Dentv\wwwroot\tp5.0\thinkphp/lang/zh-cn.php
[ info ] [ ROUTE ] array (
)
[ info ] [ HEADER ] array (
  'host' => 'localhost',
  'connection' => 'keep-alive',
  'upgrade-insecure-requests' => '1',
  'user-agent' => 'Mozilla/5.0 (Windows NT 10.0; Win64; x64) AppleWebKit/537.36 (KHTML, like Gecko) Chrome/64.0.3282.186 Safari/537.36',
  'accept' => 'text/html,application/xhtml+xml,application/xml;q=0.9,image/webp,image/apng,*/*;q=0.8',
  'referer' => 'http://localhost/Index/Index/loginSuc.html',
  'accept-encoding' => 'gzip, deflate, br',
  'accept-language' => 'zh-CN,zh;q=0.9',
)
[ info ] [ PARAM ] array (
)
[ info ] [ VIEW ] ../application/view/index\brouser.html [ array (
) ]
[ info ] [ LOG ] INIT File
---------------------------------------------------------------
[ 2018-03-16T09:55:36+08:00 ] 0.0.0.0 GET /Index/Index/usrecho?page=1&limit=10
[ info ] localhost/Index/Index/usrecho?page=1&limit=10 [运行时间：0.089066s][吞吐率：11.23req/s] [内存消耗：4,736.57kb] [文件加载：73]
[ info ] [ LANG ] D:\Dentv\wwwroot\tp5.0\thinkphp/lang/zh-cn.php
[ info ] [ ROUTE ] array (
)
[ info ] [ HEADER ] array (
  'host' => 'localhost',
  'connection' => 'keep-alive',
  'accept' => 'application/json, text/javascript, */*; q=0.01',
  'x-requested-with' => 'XMLHttpRequest',
  'user-agent' => 'Mozilla/5.0 (Windows NT 10.0; Win64; x64) AppleWebKit/537.36 (KHTML, like Gecko) Chrome/64.0.3282.186 Safari/537.36',
  'referer' => 'http://localhost/Index/Index/brouser.html',
  'accept-encoding' => 'gzip, deflate, br',
  'accept-language' => 'zh-CN,zh;q=0.9',
)
[ info ] [ PARAM ] array (
  'page' => '1',
  'limit' => '10',
)
[ info ] [ DB ] INIT mysql
[ info ] [ VIEW ] ../application/view/index\usrecho.html [ array (
  0 => 'res',
) ]
[ info ] [ LOG ] INIT File
[ sql ] [ DB ] CONNECT:[ UseTime:0.011719s ] mysql:host=127.0.0.1;dbname=zk_sysdata;charset=utf8
[ sql ] [ SQL ] SHOW COLUMNS FROM `zk_user` [ RunTime:0.001130s ]
[ sql ] [ SQL ] SELECT `id`,`name`,`department`,`email`,`tel`,`qq`,`address`,`note` FROM `zk_user` WHERE  `id` > 0 [ RunTime:0.000631s ]
[ sql ] [ SQL ] SELECT COUNT(*) AS tp_count FROM `zk_user` WHERE  `id` > 0 LIMIT 1 [ RunTime:0.000666s ]
---------------------------------------------------------------
[ 2018-03-16T09:56:20+08:00 ] 0.0.0.0 GET /Index/Index/adminpass.html
[ info ] localhost/Index/Index/adminpass.html [运行时间：0.053394s][吞吐率：18.73req/s] [内存消耗：2,503.63kb] [文件加载：58]
[ info ] [ LANG ] D:\Dentv\wwwroot\tp5.0\thinkphp/lang/zh-cn.php
[ info ] [ ROUTE ] array (
)
[ info ] [ HEADER ] array (
  'host' => 'localhost',
  'connection' => 'keep-alive',
  'upgrade-insecure-requests' => '1',
  'user-agent' => 'Mozilla/5.0 (Windows NT 10.0; Win64; x64) AppleWebKit/537.36 (KHTML, like Gecko) Chrome/64.0.3282.186 Safari/537.36',
  'accept' => 'text/html,application/xhtml+xml,application/xml;q=0.9,image/webp,image/apng,*/*;q=0.8',
  'referer' => 'http://localhost/Index/Index/loginSuc.html',
  'accept-encoding' => 'gzip, deflate, br',
  'accept-language' => 'zh-CN,zh;q=0.9',
)
[ info ] [ PARAM ] array (
)
[ info ] [ VIEW ] ../application/view/index\adminpass.html [ array (
) ]
[ info ] [ LOG ] INIT File
---------------------------------------------------------------
[ 2018-03-16T09:56:21+08:00 ] 0.0.0.0 GET /Index/Index/brouser.html
[ info ] localhost/Index/Index/brouser.html [运行时间：0.058367s][吞吐率：17.13req/s] [内存消耗：2,393.56kb] [文件加载：56]
[ info ] [ LANG ] D:\Dentv\wwwroot\tp5.0\thinkphp/lang/zh-cn.php
[ info ] [ ROUTE ] array (
)
[ info ] [ HEADER ] array (
  'host' => 'localhost',
  'connection' => 'keep-alive',
  'upgrade-insecure-requests' => '1',
  'user-agent' => 'Mozilla/5.0 (Windows NT 10.0; Win64; x64) AppleWebKit/537.36 (KHTML, like Gecko) Chrome/64.0.3282.186 Safari/537.36',
  'accept' => 'text/html,application/xhtml+xml,application/xml;q=0.9,image/webp,image/apng,*/*;q=0.8',
  'referer' => 'http://localhost/Index/Index/loginSuc.html',
  'accept-encoding' => 'gzip, deflate, br',
  'accept-language' => 'zh-CN,zh;q=0.9',
)
[ info ] [ PARAM ] array (
)
[ info ] [ VIEW ] ../application/view/index\brouser.html [ array (
) ]
[ info ] [ LOG ] INIT File
---------------------------------------------------------------
[ 2018-03-16T09:56:21+08:00 ] 0.0.0.0 GET /Index/Index/usrecho?page=1&limit=10
[ info ] localhost/Index/Index/usrecho?page=1&limit=10 [运行时间：0.078179s][吞吐率：12.79req/s] [内存消耗：4,736.57kb] [文件加载：73]
[ info ] [ LANG ] D:\Dentv\wwwroot\tp5.0\thinkphp/lang/zh-cn.php
[ info ] [ ROUTE ] array (
)
[ info ] [ HEADER ] array (
  'host' => 'localhost',
  'connection' => 'keep-alive',
  'accept' => 'application/json, text/javascript, */*; q=0.01',
  'x-requested-with' => 'XMLHttpRequest',
  'user-agent' => 'Mozilla/5.0 (Windows NT 10.0; Win64; x64) AppleWebKit/537.36 (KHTML, like Gecko) Chrome/64.0.3282.186 Safari/537.36',
  'referer' => 'http://localhost/Index/Index/brouser.html',
  'accept-encoding' => 'gzip, deflate, br',
  'accept-language' => 'zh-CN,zh;q=0.9',
)
[ info ] [ PARAM ] array (
  'page' => '1',
  'limit' => '10',
)
[ info ] [ DB ] INIT mysql
[ info ] [ VIEW ] ../application/view/index\usrecho.html [ array (
  0 => 'res',
) ]
[ info ] [ LOG ] INIT File
[ sql ] [ DB ] CONNECT:[ UseTime:0.001194s ] mysql:host=127.0.0.1;dbname=zk_sysdata;charset=utf8
[ sql ] [ SQL ] SHOW COLUMNS FROM `zk_user` [ RunTime:0.001175s ]
[ sql ] [ SQL ] SELECT `id`,`name`,`department`,`email`,`tel`,`qq`,`address`,`note` FROM `zk_user` WHERE  `id` > 0 [ RunTime:0.000676s ]
[ sql ] [ SQL ] SELECT COUNT(*) AS tp_count FROM `zk_user` WHERE  `id` > 0 LIMIT 1 [ RunTime:0.000636s ]
---------------------------------------------------------------
[ 2018-03-16T10:06:52+08:00 ] 0.0.0.0 GET /Index/Index/adminpass.html
[ info ] localhost/Index/Index/adminpass.html [运行时间：0.051628s][吞吐率：19.37req/s] [内存消耗：2,503.63kb] [文件加载：58]
[ info ] [ LANG ] D:\Dentv\wwwroot\tp5.0\thinkphp/lang/zh-cn.php
[ info ] [ ROUTE ] array (
)
[ info ] [ HEADER ] array (
  'host' => 'localhost',
  'connection' => 'keep-alive',
  'upgrade-insecure-requests' => '1',
  'user-agent' => 'Mozilla/5.0 (Windows NT 10.0; Win64; x64) AppleWebKit/537.36 (KHTML, like Gecko) Chrome/64.0.3282.186 Safari/537.36',
  'accept' => 'text/html,application/xhtml+xml,application/xml;q=0.9,image/webp,image/apng,*/*;q=0.8',
  'referer' => 'http://localhost/Index/Index/loginSuc.html',
  'accept-encoding' => 'gzip, deflate, br',
  'accept-language' => 'zh-CN,zh;q=0.9',
)
[ info ] [ PARAM ] array (
)
[ info ] [ VIEW ] ../application/view/index\adminpass.html [ array (
) ]
[ info ] [ LOG ] INIT File
---------------------------------------------------------------
[ 2018-03-16T10:06:52+08:00 ] 0.0.0.0 GET /Index/Index/brouser.html
[ info ] localhost/Index/Index/brouser.html [运行时间：0.046714s][吞吐率：21.41req/s] [内存消耗：2,393.56kb] [文件加载：56]
[ info ] [ LANG ] D:\Dentv\wwwroot\tp5.0\thinkphp/lang/zh-cn.php
[ info ] [ ROUTE ] array (
)
[ info ] [ HEADER ] array (
  'host' => 'localhost',
  'connection' => 'keep-alive',
  'upgrade-insecure-requests' => '1',
  'user-agent' => 'Mozilla/5.0 (Windows NT 10.0; Win64; x64) AppleWebKit/537.36 (KHTML, like Gecko) Chrome/64.0.3282.186 Safari/537.36',
  'accept' => 'text/html,application/xhtml+xml,application/xml;q=0.9,image/webp,image/apng,*/*;q=0.8',
  'referer' => 'http://localhost/Index/Index/loginSuc.html',
  'accept-encoding' => 'gzip, deflate, br',
  'accept-language' => 'zh-CN,zh;q=0.9',
)
[ info ] [ PARAM ] array (
)
[ info ] [ VIEW ] ../application/view/index\brouser.html [ array (
) ]
[ info ] [ LOG ] INIT File
---------------------------------------------------------------
[ 2018-03-16T10:06:52+08:00 ] 0.0.0.0 GET /Index/Index/usrecho?page=1&limit=10
[ info ] localhost/Index/Index/usrecho?page=1&limit=10 [运行时间：0.080850s][吞吐率：12.37req/s] [内存消耗：4,736.57kb] [文件加载：73]
[ info ] [ LANG ] D:\Dentv\wwwroot\tp5.0\thinkphp/lang/zh-cn.php
[ info ] [ ROUTE ] array (
)
[ info ] [ HEADER ] array (
  'host' => 'localhost',
  'connection' => 'keep-alive',
  'accept' => 'application/json, text/javascript, */*; q=0.01',
  'x-requested-with' => 'XMLHttpRequest',
  'user-agent' => 'Mozilla/5.0 (Windows NT 10.0; Win64; x64) AppleWebKit/537.36 (KHTML, like Gecko) Chrome/64.0.3282.186 Safari/537.36',
  'referer' => 'http://localhost/Index/Index/brouser.html',
  'accept-encoding' => 'gzip, deflate, br',
  'accept-language' => 'zh-CN,zh;q=0.9',
)
[ info ] [ PARAM ] array (
  'page' => '1',
  'limit' => '10',
)
[ info ] [ DB ] INIT mysql
[ info ] [ VIEW ] ../application/view/index\usrecho.html [ array (
  0 => 'res',
) ]
[ info ] [ LOG ] INIT File
[ sql ] [ DB ] CONNECT:[ UseTime:0.001353s ] mysql:host=127.0.0.1;dbname=zk_sysdata;charset=utf8
[ sql ] [ SQL ] SHOW COLUMNS FROM `zk_user` [ RunTime:0.001581s ]
[ sql ] [ SQL ] SELECT `id`,`name`,`department`,`email`,`tel`,`qq`,`address`,`note` FROM `zk_user` WHERE  `id` > 0 [ RunTime:0.000770s ]
[ sql ] [ SQL ] SELECT COUNT(*) AS tp_count FROM `zk_user` WHERE  `id` > 0 LIMIT 1 [ RunTime:0.000659s ]
---------------------------------------------------------------
[ 2018-03-16T16:25:23+08:00 ] 0.0.0.0 GET /
[ info ] localhost/ [运行时间：0.088102s][吞吐率：11.35req/s] [内存消耗：2,503.37kb] [文件加载：58]
[ info ] [ LANG ] D:\Dentv\wwwroot\tp5.0\thinkphp/lang/zh-cn.php
[ info ] [ ROUTE ] array (
)
[ info ] [ HEADER ] array (
  'host' => 'localhost',
  'connection' => 'keep-alive',
  'upgrade-insecure-requests' => '1',
  'user-agent' => 'Mozilla/5.0 (Windows NT 10.0; Win64; x64) AppleWebKit/537.36 (KHTML, like Gecko) Chrome/64.0.3282.186 Safari/537.36',
  'accept' => 'text/html,application/xhtml+xml,application/xml;q=0.9,image/webp,image/apng,*/*;q=0.8',
  'accept-encoding' => 'gzip, deflate, br',
  'accept-language' => 'zh-CN,zh;q=0.9',
)
[ info ] [ PARAM ] array (
)
[ info ] [ VIEW ] ../application/view/login\index.html [ array (
) ]
[ info ] [ LOG ] INIT File
---------------------------------------------------------------
[ 2018-03-16T16:25:31+08:00 ] 0.0.0.0 POST /Index/Login/check.html
[ info ] localhost/Index/Login/check.html [运行时间：0.070670s][吞吐率：14.15req/s] [内存消耗：2,505.62kb] [文件加载：61]
[ info ] [ LANG ] D:\Dentv\wwwroot\tp5.0\thinkphp/lang/zh-cn.php
[ info ] [ ROUTE ] array (
)
[ info ] [ HEADER ] array (
  'host' => 'localhost',
  'connection' => 'keep-alive',
  'content-length' => '40',
  'cache-control' => 'max-age=0',
  'origin' => 'http://localhost',
  'upgrade-insecure-requests' => '1',
  'content-type' => 'application/x-www-form-urlencoded',
  'user-agent' => 'Mozilla/5.0 (Windows NT 10.0; Win64; x64) AppleWebKit/537.36 (KHTML, like Gecko) Chrome/64.0.3282.186 Safari/537.36',
  'accept' => 'text/html,application/xhtml+xml,application/xml;q=0.9,image/webp,image/apng,*/*;q=0.8',
  'referer' => 'http://localhost/',
  'accept-encoding' => 'gzip, deflate, br',
  'accept-language' => 'zh-CN,zh;q=0.9',
)
[ info ] [ PARAM ] array (
  'name' => 'admin',
  'password' => 'admin12345',
  'code' => '6982',
)
[ info ] [ SESSION ] INIT array (
  'id' => '',
  'var_session_id' => '',
  'prefix' => 'think',
  'type' => '',
  'auto_start' => true,
  'httponly' => true,
  'secure' => false,
)
[ info ] [ VIEW ] D:\Dentv\wwwroot\tp5.0\thinkphp/tpl/dispatch_jump.tpl [ array (
  0 => 'code',
  1 => 'msg',
  2 => 'data',
  3 => 'url',
  4 => 'wait',
) ]
[ info ] [ LOG ] INIT File
---------------------------------------------------------------
[ 2018-03-16T16:25:34+08:00 ] 0.0.0.0 GET /Index/Index/loginSuc.html
[ info ] localhost/Index/Index/loginSuc.html [运行时间：0.084622s][吞吐率：11.82req/s] [内存消耗：2,504.02kb] [文件加载：58]
[ info ] [ LANG ] D:\Dentv\wwwroot\tp5.0\thinkphp/lang/zh-cn.php
[ info ] [ ROUTE ] array (
)
[ info ] [ HEADER ] array (
  'host' => 'localhost',
  'connection' => 'keep-alive',
  'upgrade-insecure-requests' => '1',
  'user-agent' => 'Mozilla/5.0 (Windows NT 10.0; Win64; x64) AppleWebKit/537.36 (KHTML, like Gecko) Chrome/64.0.3282.186 Safari/537.36',
  'accept' => 'text/html,application/xhtml+xml,application/xml;q=0.9,image/webp,image/apng,*/*;q=0.8',
  'referer' => 'http://localhost/Index/Login/check.html',
  'accept-encoding' => 'gzip, deflate, br',
  'accept-language' => 'zh-CN,zh;q=0.9',
  'cookie' => 'PHPSESSID=ibeap6sr6tcmrl1n6dua2l7nt1',
)
[ info ] [ PARAM ] array (
)
[ info ] [ VIEW ] ../application/view/index\loginsuc.html [ array (
) ]
[ info ] [ LOG ] INIT File
---------------------------------------------------------------
[ 2018-03-16T16:25:34+08:00 ] 0.0.0.0 GET /index/index/adduser.html
[ info ] localhost/index/index/adduser.html [运行时间：0.078500s][吞吐率：12.74req/s] [内存消耗：2,504.20kb] [文件加载：58]
[ info ] [ LANG ] D:\Dentv\wwwroot\tp5.0\thinkphp/lang/zh-cn.php
[ info ] [ ROUTE ] array (
)
[ info ] [ HEADER ] array (
  'host' => 'localhost',
  'connection' => 'keep-alive',
  'upgrade-insecure-requests' => '1',
  'user-agent' => 'Mozilla/5.0 (Windows NT 10.0; Win64; x64) AppleWebKit/537.36 (KHTML, like Gecko) Chrome/64.0.3282.186 Safari/537.36',
  'accept' => 'text/html,application/xhtml+xml,application/xml;q=0.9,image/webp,image/apng,*/*;q=0.8',
  'referer' => 'http://localhost/Index/Index/loginSuc.html',
  'accept-encoding' => 'gzip, deflate, br',
  'accept-language' => 'zh-CN,zh;q=0.9',
  'cookie' => 'PHPSESSID=ibeap6sr6tcmrl1n6dua2l7nt1',
)
[ info ] [ PARAM ] array (
)
[ info ] [ VIEW ] ../application/view/index\adduser.html [ array (
) ]
[ info ] [ LOG ] INIT File
---------------------------------------------------------------
[ 2018-03-16T16:25:36+08:00 ] 0.0.0.0 GET /Index/Index/brouser.html
[ info ] localhost/Index/Index/brouser.html [运行时间：0.051780s][吞吐率：19.31req/s] [内存消耗：2,393.92kb] [文件加载：56]
[ info ] [ LANG ] D:\Dentv\wwwroot\tp5.0\thinkphp/lang/zh-cn.php
[ info ] [ ROUTE ] array (
)
[ info ] [ HEADER ] array (
  'host' => 'localhost',
  'connection' => 'keep-alive',
  'upgrade-insecure-requests' => '1',
  'user-agent' => 'Mozilla/5.0 (Windows NT 10.0; Win64; x64) AppleWebKit/537.36 (KHTML, like Gecko) Chrome/64.0.3282.186 Safari/537.36',
  'accept' => 'text/html,application/xhtml+xml,application/xml;q=0.9,image/webp,image/apng,*/*;q=0.8',
  'referer' => 'http://localhost/Index/Index/loginSuc.html',
  'accept-encoding' => 'gzip, deflate, br',
  'accept-language' => 'zh-CN,zh;q=0.9',
  'cookie' => 'PHPSESSID=ibeap6sr6tcmrl1n6dua2l7nt1',
)
[ info ] [ PARAM ] array (
)
[ info ] [ VIEW ] ../application/view/index\brouser.html [ array (
) ]
[ info ] [ LOG ] INIT File
---------------------------------------------------------------
[ 2018-03-16T16:25:37+08:00 ] 0.0.0.0 GET /Index/Index/usrecho?page=1&limit=10
[ info ] localhost/Index/Index/usrecho?page=1&limit=10 [运行时间：0.113490s][吞吐率：8.81req/s] [内存消耗：4,737.13kb] [文件加载：73]
[ info ] [ LANG ] D:\Dentv\wwwroot\tp5.0\thinkphp/lang/zh-cn.php
[ info ] [ ROUTE ] array (
)
[ info ] [ HEADER ] array (
  'host' => 'localhost',
  'connection' => 'keep-alive',
  'accept' => 'application/json, text/javascript, */*; q=0.01',
  'x-requested-with' => 'XMLHttpRequest',
  'user-agent' => 'Mozilla/5.0 (Windows NT 10.0; Win64; x64) AppleWebKit/537.36 (KHTML, like Gecko) Chrome/64.0.3282.186 Safari/537.36',
  'referer' => 'http://localhost/Index/Index/brouser.html',
  'accept-encoding' => 'gzip, deflate, br',
  'accept-language' => 'zh-CN,zh;q=0.9',
  'cookie' => 'PHPSESSID=ibeap6sr6tcmrl1n6dua2l7nt1',
)
[ info ] [ PARAM ] array (
  'page' => '1',
  'limit' => '10',
)
[ info ] [ DB ] INIT mysql
[ info ] [ VIEW ] ../application/view/index\usrecho.html [ array (
  0 => 'res',
) ]
[ info ] [ LOG ] INIT File
[ sql ] [ DB ] CONNECT:[ UseTime:0.010927s ] mysql:host=127.0.0.1;dbname=zk_sysdata;charset=utf8
[ sql ] [ SQL ] SHOW COLUMNS FROM `zk_user` [ RunTime:0.001196s ]
[ sql ] [ SQL ] SELECT `id`,`name`,`department`,`email`,`tel`,`qq`,`address`,`note` FROM `zk_user` WHERE  `id` > 0 [ RunTime:0.000515s ]
[ sql ] [ SQL ] SELECT COUNT(*) AS tp_count FROM `zk_user` WHERE  `id` > 0 LIMIT 1 [ RunTime:0.000506s ]
---------------------------------------------------------------
[ 2018-03-16T16:30:06+08:00 ] 0.0.0.0 GET /Index/Index/adminpass.html
[ info ] localhost/Index/Index/adminpass.html [运行时间：0.055501s][吞吐率：18.02req/s] [内存消耗：2,504.08kb] [文件加载：58]
[ info ] [ LANG ] D:\Dentv\wwwroot\tp5.0\thinkphp/lang/zh-cn.php
[ info ] [ ROUTE ] array (
)
[ info ] [ HEADER ] array (
  'host' => 'localhost',
  'connection' => 'keep-alive',
  'upgrade-insecure-requests' => '1',
  'user-agent' => 'Mozilla/5.0 (Windows NT 10.0; Win64; x64) AppleWebKit/537.36 (KHTML, like Gecko) Chrome/64.0.3282.186 Safari/537.36',
  'accept' => 'text/html,application/xhtml+xml,application/xml;q=0.9,image/webp,image/apng,*/*;q=0.8',
  'referer' => 'http://localhost/Index/Index/loginSuc.html',
  'accept-encoding' => 'gzip, deflate, br',
  'accept-language' => 'zh-CN,zh;q=0.9',
  'cookie' => 'PHPSESSID=ibeap6sr6tcmrl1n6dua2l7nt1',
)
[ info ] [ PARAM ] array (
)
[ info ] [ VIEW ] ../application/view/index\adminpass.html [ array (
) ]
[ info ] [ LOG ] INIT File
---------------------------------------------------------------
[ 2018-03-16T16:30:07+08:00 ] 0.0.0.0 GET /Index/Index/brouser.html
[ info ] localhost/Index/Index/brouser.html [运行时间：0.065336s][吞吐率：15.31req/s] [内存消耗：2,393.92kb] [文件加载：56]
[ info ] [ LANG ] D:\Dentv\wwwroot\tp5.0\thinkphp/lang/zh-cn.php
[ info ] [ ROUTE ] array (
)
[ info ] [ HEADER ] array (
  'host' => 'localhost',
  'connection' => 'keep-alive',
  'upgrade-insecure-requests' => '1',
  'user-agent' => 'Mozilla/5.0 (Windows NT 10.0; Win64; x64) AppleWebKit/537.36 (KHTML, like Gecko) Chrome/64.0.3282.186 Safari/537.36',
  'accept' => 'text/html,application/xhtml+xml,application/xml;q=0.9,image/webp,image/apng,*/*;q=0.8',
  'referer' => 'http://localhost/Index/Index/loginSuc.html',
  'accept-encoding' => 'gzip, deflate, br',
  'accept-language' => 'zh-CN,zh;q=0.9',
  'cookie' => 'PHPSESSID=ibeap6sr6tcmrl1n6dua2l7nt1',
)
[ info ] [ PARAM ] array (
)
[ info ] [ VIEW ] ../application/view/index\brouser.html [ array (
) ]
[ info ] [ LOG ] INIT File
---------------------------------------------------------------
[ 2018-03-16T16:30:07+08:00 ] 0.0.0.0 GET /Index/Index/usrecho?page=1&limit=10
[ info ] localhost/Index/Index/usrecho?page=1&limit=10 [运行时间：0.093100s][吞吐率：10.74req/s] [内存消耗：4,737.13kb] [文件加载：73]
[ info ] [ LANG ] D:\Dentv\wwwroot\tp5.0\thinkphp/lang/zh-cn.php
[ info ] [ ROUTE ] array (
)
[ info ] [ HEADER ] array (
  'host' => 'localhost',
  'connection' => 'keep-alive',
  'accept' => 'application/json, text/javascript, */*; q=0.01',
  'x-requested-with' => 'XMLHttpRequest',
  'user-agent' => 'Mozilla/5.0 (Windows NT 10.0; Win64; x64) AppleWebKit/537.36 (KHTML, like Gecko) Chrome/64.0.3282.186 Safari/537.36',
  'referer' => 'http://localhost/Index/Index/brouser.html',
  'accept-encoding' => 'gzip, deflate, br',
  'accept-language' => 'zh-CN,zh;q=0.9',
  'cookie' => 'PHPSESSID=ibeap6sr6tcmrl1n6dua2l7nt1',
)
[ info ] [ PARAM ] array (
  'page' => '1',
  'limit' => '10',
)
[ info ] [ DB ] INIT mysql
[ info ] [ VIEW ] ../application/view/index\usrecho.html [ array (
  0 => 'res',
) ]
[ info ] [ LOG ] INIT File
[ sql ] [ DB ] CONNECT:[ UseTime:0.010226s ] mysql:host=127.0.0.1;dbname=zk_sysdata;charset=utf8
[ sql ] [ SQL ] SHOW COLUMNS FROM `zk_user` [ RunTime:0.001348s ]
[ sql ] [ SQL ] SELECT `id`,`name`,`department`,`email`,`tel`,`qq`,`address`,`note` FROM `zk_user` WHERE  `id` > 0 [ RunTime:0.000672s ]
[ sql ] [ SQL ] SELECT COUNT(*) AS tp_count FROM `zk_user` WHERE  `id` > 0 LIMIT 1 [ RunTime:0.000664s ]
---------------------------------------------------------------
[ 2018-03-16T16:30:31+08:00 ] 0.0.0.0 GET /Index/Index/usrecho
[ info ] localhost/Index/Index/usrecho [运行时间：0.095269s][吞吐率：10.50req/s] [内存消耗：4,721.13kb] [文件加载：72]
[ info ] [ LANG ] D:\Dentv\wwwroot\tp5.0\thinkphp/lang/zh-cn.php
[ info ] [ ROUTE ] array (
)
[ info ] [ HEADER ] array (
  'host' => 'localhost',
  'connection' => 'keep-alive',
  'upgrade-insecure-requests' => '1',
  'user-agent' => 'Mozilla/5.0 (Windows NT 10.0; Win64; x64) AppleWebKit/537.36 (KHTML, like Gecko) Chrome/64.0.3282.186 Safari/537.36',
  'accept' => 'text/html,application/xhtml+xml,application/xml;q=0.9,image/webp,image/apng,*/*;q=0.8',
  'accept-encoding' => 'gzip, deflate, br',
  'accept-language' => 'zh-CN,zh;q=0.9',
  'cookie' => 'PHPSESSID=ibeap6sr6tcmrl1n6dua2l7nt1',
)
[ info ] [ PARAM ] array (
)
[ info ] [ DB ] INIT mysql
[ info ] [ VIEW ] ../application/view/index\usrecho.html [ array (
  0 => 'res',
) ]
[ info ] [ LOG ] INIT File
[ sql ] [ DB ] CONNECT:[ UseTime:0.001539s ] mysql:host=127.0.0.1;dbname=zk_sysdata;charset=utf8
[ sql ] [ SQL ] SHOW COLUMNS FROM `zk_user` [ RunTime:0.001636s ]
[ sql ] [ SQL ] SELECT `id`,`name`,`department`,`email`,`tel`,`qq`,`address`,`note` FROM `zk_user` WHERE  `id` > 0 [ RunTime:0.000594s ]
[ sql ] [ SQL ] SELECT COUNT(*) AS tp_count FROM `zk_user` WHERE  `id` > 0 LIMIT 1 [ RunTime:0.000644s ]
---------------------------------------------------------------
[ 2018-03-16T16:30:50+08:00 ] 0.0.0.0 GET /Index/Index/brouser
[ info ] localhost/Index/Index/brouser [运行时间：0.067355s][吞吐率：14.85req/s] [内存消耗：2,393.34kb] [文件加载：56]
[ info ] [ LANG ] D:\Dentv\wwwroot\tp5.0\thinkphp/lang/zh-cn.php
[ info ] [ ROUTE ] array (
)
[ info ] [ HEADER ] array (
  'host' => 'localhost',
  'connection' => 'keep-alive',
  'upgrade-insecure-requests' => '1',
  'user-agent' => 'Mozilla/5.0 (Windows NT 10.0; Win64; x64) AppleWebKit/537.36 (KHTML, like Gecko) Chrome/64.0.3282.186 Safari/537.36',
  'accept' => 'text/html,application/xhtml+xml,application/xml;q=0.9,image/webp,image/apng,*/*;q=0.8',
  'accept-encoding' => 'gzip, deflate, br',
  'accept-language' => 'zh-CN,zh;q=0.9',
  'cookie' => 'PHPSESSID=ibeap6sr6tcmrl1n6dua2l7nt1',
)
[ info ] [ PARAM ] array (
)
[ info ] [ VIEW ] ../application/view/index\brouser.html [ array (
) ]
[ info ] [ LOG ] INIT File
---------------------------------------------------------------
[ 2018-03-16T16:30:50+08:00 ] 0.0.0.0 GET /Index/Index/usrecho?page=1&limit=10
[ info ] localhost/Index/Index/usrecho?page=1&limit=10 [运行时间：0.082703s][吞吐率：12.09req/s] [内存消耗：4,737.18kb] [文件加载：73]
[ info ] [ LANG ] D:\Dentv\wwwroot\tp5.0\thinkphp/lang/zh-cn.php
[ info ] [ ROUTE ] array (
)
[ info ] [ HEADER ] array (
  'host' => 'localhost',
  'connection' => 'keep-alive',
  'accept' => 'application/json, text/javascript, */*; q=0.01',
  'x-requested-with' => 'XMLHttpRequest',
  'user-agent' => 'Mozilla/5.0 (Windows NT 10.0; Win64; x64) AppleWebKit/537.36 (KHTML, like Gecko) Chrome/64.0.3282.186 Safari/537.36',
  'referer' => 'http://localhost/Index/Index/brouser',
  'accept-encoding' => 'gzip, deflate, br',
  'accept-language' => 'zh-CN,zh;q=0.9',
  'cookie' => 'PHPSESSID=ibeap6sr6tcmrl1n6dua2l7nt1',
)
[ info ] [ PARAM ] array (
  'page' => '1',
  'limit' => '10',
)
[ info ] [ DB ] INIT mysql
[ info ] [ VIEW ] ../application/view/index\usrecho.html [ array (
  0 => 'res',
) ]
[ info ] [ LOG ] INIT File
[ sql ] [ DB ] CONNECT:[ UseTime:0.001232s ] mysql:host=127.0.0.1;dbname=zk_sysdata;charset=utf8
[ sql ] [ SQL ] SHOW COLUMNS FROM `zk_user` [ RunTime:0.001089s ]
[ sql ] [ SQL ] SELECT `id`,`name`,`department`,`email`,`tel`,`qq`,`address`,`note` FROM `zk_user` WHERE  `id` > 0 [ RunTime:0.000644s ]
[ sql ] [ SQL ] SELECT COUNT(*) AS tp_count FROM `zk_user` WHERE  `id` > 0 LIMIT 1 [ RunTime:0.000724s ]
---------------------------------------------------------------
[ 2018-03-16T16:31:35+08:00 ] 0.0.0.0 GET /Index/Index/brouser
[ info ] localhost/Index/Index/brouser [运行时间：0.062527s][吞吐率：15.99req/s] [内存消耗：2,393.88kb] [文件加载：56]
[ info ] [ LANG ] D:\Dentv\wwwroot\tp5.0\thinkphp/lang/zh-cn.php
[ info ] [ ROUTE ] array (
)
[ info ] [ HEADER ] array (
  'host' => 'localhost',
  'connection' => 'keep-alive',
  'cache-control' => 'max-age=0',
  'upgrade-insecure-requests' => '1',
  'user-agent' => 'Mozilla/5.0 (Windows NT 10.0; Win64; x64) AppleWebKit/537.36 (KHTML, like Gecko) Chrome/64.0.3282.186 Safari/537.36',
  'accept' => 'text/html,application/xhtml+xml,application/xml;q=0.9,image/webp,image/apng,*/*;q=0.8',
  'accept-encoding' => 'gzip, deflate, br',
  'accept-language' => 'zh-CN,zh;q=0.9',
  'cookie' => 'PHPSESSID=ibeap6sr6tcmrl1n6dua2l7nt1',
)
[ info ] [ PARAM ] array (
)
[ info ] [ VIEW ] ../application/view/index\brouser.html [ array (
) ]
[ info ] [ LOG ] INIT File
---------------------------------------------------------------
[ 2018-03-16T16:31:36+08:00 ] 0.0.0.0 GET /Index/Index/usrecho?page=1&limit=10
[ info ] localhost/Index/Index/usrecho?page=1&limit=10 [运行时间：0.104459s][吞吐率：9.57req/s] [内存消耗：4,737.18kb] [文件加载：73]
[ info ] [ LANG ] D:\Dentv\wwwroot\tp5.0\thinkphp/lang/zh-cn.php
[ info ] [ ROUTE ] array (
)
[ info ] [ HEADER ] array (
  'host' => 'localhost',
  'connection' => 'keep-alive',
  'accept' => 'application/json, text/javascript, */*; q=0.01',
  'x-requested-with' => 'XMLHttpRequest',
  'user-agent' => 'Mozilla/5.0 (Windows NT 10.0; Win64; x64) AppleWebKit/537.36 (KHTML, like Gecko) Chrome/64.0.3282.186 Safari/537.36',
  'referer' => 'http://localhost/Index/Index/brouser',
  'accept-encoding' => 'gzip, deflate, br',
  'accept-language' => 'zh-CN,zh;q=0.9',
  'cookie' => 'PHPSESSID=ibeap6sr6tcmrl1n6dua2l7nt1',
)
[ info ] [ PARAM ] array (
  'page' => '1',
  'limit' => '10',
)
[ info ] [ DB ] INIT mysql
[ info ] [ VIEW ] ../application/view/index\usrecho.html [ array (
  0 => 'res',
) ]
[ info ] [ LOG ] INIT File
[ sql ] [ DB ] CONNECT:[ UseTime:0.001231s ] mysql:host=127.0.0.1;dbname=zk_sysdata;charset=utf8
[ sql ] [ SQL ] SHOW COLUMNS FROM `zk_user` [ RunTime:0.001567s ]
[ sql ] [ SQL ] SELECT `id`,`name`,`department`,`email`,`tel`,`qq`,`address`,`note` FROM `zk_user` WHERE  `id` > 0 [ RunTime:0.000658s ]
[ sql ] [ SQL ] SELECT COUNT(*) AS tp_count FROM `zk_user` WHERE  `id` > 0 LIMIT 1 [ RunTime:0.000663s ]
---------------------------------------------------------------
[ 2018-03-16T16:31:49+08:00 ] 0.0.0.0 GET /Index/Index/brouser
[ info ] localhost/Index/Index/brouser [运行时间：0.058808s][吞吐率：17.00req/s] [内存消耗：2,393.88kb] [文件加载：56]
[ info ] [ LANG ] D:\Dentv\wwwroot\tp5.0\thinkphp/lang/zh-cn.php
[ info ] [ ROUTE ] array (
)
[ info ] [ HEADER ] array (
  'host' => 'localhost',
  'connection' => 'keep-alive',
  'cache-control' => 'max-age=0',
  'upgrade-insecure-requests' => '1',
  'user-agent' => 'Mozilla/5.0 (Windows NT 10.0; Win64; x64) AppleWebKit/537.36 (KHTML, like Gecko) Chrome/64.0.3282.186 Safari/537.36',
  'accept' => 'text/html,application/xhtml+xml,application/xml;q=0.9,image/webp,image/apng,*/*;q=0.8',
  'accept-encoding' => 'gzip, deflate, br',
  'accept-language' => 'zh-CN,zh;q=0.9',
  'cookie' => 'PHPSESSID=ibeap6sr6tcmrl1n6dua2l7nt1',
)
[ info ] [ PARAM ] array (
)
[ info ] [ VIEW ] ../application/view/index\brouser.html [ array (
) ]
[ info ] [ LOG ] INIT File
---------------------------------------------------------------
[ 2018-03-16T16:31:49+08:00 ] 0.0.0.0 GET /Index/Index/usrecho?page=1&limit=10
[ info ] localhost/Index/Index/usrecho?page=1&limit=10 [运行时间：0.087694s][吞吐率：11.40req/s] [内存消耗：4,737.18kb] [文件加载：73]
[ info ] [ LANG ] D:\Dentv\wwwroot\tp5.0\thinkphp/lang/zh-cn.php
[ info ] [ ROUTE ] array (
)
[ info ] [ HEADER ] array (
  'host' => 'localhost',
  'connection' => 'keep-alive',
  'accept' => 'application/json, text/javascript, */*; q=0.01',
  'x-requested-with' => 'XMLHttpRequest',
  'user-agent' => 'Mozilla/5.0 (Windows NT 10.0; Win64; x64) AppleWebKit/537.36 (KHTML, like Gecko) Chrome/64.0.3282.186 Safari/537.36',
  'referer' => 'http://localhost/Index/Index/brouser',
  'accept-encoding' => 'gzip, deflate, br',
  'accept-language' => 'zh-CN,zh;q=0.9',
  'cookie' => 'PHPSESSID=ibeap6sr6tcmrl1n6dua2l7nt1',
)
[ info ] [ PARAM ] array (
  'page' => '1',
  'limit' => '10',
)
[ info ] [ DB ] INIT mysql
[ info ] [ VIEW ] ../application/view/index\usrecho.html [ array (
  0 => 'res',
) ]
[ info ] [ LOG ] INIT File
[ sql ] [ DB ] CONNECT:[ UseTime:0.001060s ] mysql:host=127.0.0.1;dbname=zk_sysdata;charset=utf8
[ sql ] [ SQL ] SHOW COLUMNS FROM `zk_user` [ RunTime:0.001014s ]
[ sql ] [ SQL ] SELECT `id`,`name`,`department`,`email`,`tel`,`qq`,`address`,`note` FROM `zk_user` WHERE  `id` > 0 [ RunTime:0.000528s ]
[ sql ] [ SQL ] SELECT COUNT(*) AS tp_count FROM `zk_user` WHERE  `id` > 0 LIMIT 1 [ RunTime:0.000582s ]
---------------------------------------------------------------
[ 2018-03-16T16:51:39+08:00 ] 0.0.0.0 GET /Index/Index/brouser.html
[ info ] localhost/Index/Index/brouser.html [运行时间：0.047787s][吞吐率：20.93req/s] [内存消耗：2,393.92kb] [文件加载：56]
[ info ] [ LANG ] D:\Dentv\wwwroot\tp5.0\thinkphp/lang/zh-cn.php
[ info ] [ ROUTE ] array (
)
[ info ] [ HEADER ] array (
  'host' => 'localhost',
  'connection' => 'keep-alive',
  'upgrade-insecure-requests' => '1',
  'user-agent' => 'Mozilla/5.0 (Windows NT 10.0; Win64; x64) AppleWebKit/537.36 (KHTML, like Gecko) Chrome/64.0.3282.186 Safari/537.36',
  'accept' => 'text/html,application/xhtml+xml,application/xml;q=0.9,image/webp,image/apng,*/*;q=0.8',
  'referer' => 'http://localhost/Index/Index/loginSuc.html',
  'accept-encoding' => 'gzip, deflate, br',
  'accept-language' => 'zh-CN,zh;q=0.9',
  'cookie' => 'PHPSESSID=ibeap6sr6tcmrl1n6dua2l7nt1',
)
[ info ] [ PARAM ] array (
)
[ info ] [ VIEW ] ../application/view/index\brouser.html [ array (
) ]
[ info ] [ LOG ] INIT File
---------------------------------------------------------------
[ 2018-03-16T16:51:39+08:00 ] 0.0.0.0 GET /Index/Index/usrecho?page=1&limit=10
[ info ] localhost/Index/Index/usrecho?page=1&limit=10 [运行时间：0.081592s][吞吐率：12.26req/s] [内存消耗：4,737.13kb] [文件加载：73]
[ info ] [ LANG ] D:\Dentv\wwwroot\tp5.0\thinkphp/lang/zh-cn.php
[ info ] [ ROUTE ] array (
)
[ info ] [ HEADER ] array (
  'host' => 'localhost',
  'connection' => 'keep-alive',
  'accept' => 'application/json, text/javascript, */*; q=0.01',
  'x-requested-with' => 'XMLHttpRequest',
  'user-agent' => 'Mozilla/5.0 (Windows NT 10.0; Win64; x64) AppleWebKit/537.36 (KHTML, like Gecko) Chrome/64.0.3282.186 Safari/537.36',
  'referer' => 'http://localhost/Index/Index/brouser.html',
  'accept-encoding' => 'gzip, deflate, br',
  'accept-language' => 'zh-CN,zh;q=0.9',
  'cookie' => 'PHPSESSID=ibeap6sr6tcmrl1n6dua2l7nt1',
)
[ info ] [ PARAM ] array (
  'page' => '1',
  'limit' => '10',
)
[ info ] [ DB ] INIT mysql
[ info ] [ VIEW ] ../application/view/index\usrecho.html [ array (
  0 => 'res',
) ]
[ info ] [ LOG ] INIT File
[ sql ] [ DB ] CONNECT:[ UseTime:0.001447s ] mysql:host=127.0.0.1;dbname=zk_sysdata;charset=utf8
[ sql ] [ SQL ] SHOW COLUMNS FROM `zk_user` [ RunTime:0.001289s ]
[ sql ] [ SQL ] SELECT `id`,`name`,`department`,`email`,`tel`,`qq`,`address`,`note` FROM `zk_user` WHERE  `id` > 0 [ RunTime:0.000664s ]
[ sql ] [ SQL ] SELECT COUNT(*) AS tp_count FROM `zk_user` WHERE  `id` > 0 LIMIT 1 [ RunTime:0.000642s ]
---------------------------------------------------------------
[ 2018-03-16T16:52:23+08:00 ] 0.0.0.0 GET /Index/Index/adminpass.html
[ info ] localhost/Index/Index/adminpass.html [运行时间：0.052729s][吞吐率：18.96req/s] [内存消耗：2,504.08kb] [文件加载：58]
[ info ] [ LANG ] D:\Dentv\wwwroot\tp5.0\thinkphp/lang/zh-cn.php
[ info ] [ ROUTE ] array (
)
[ info ] [ HEADER ] array (
  'host' => 'localhost',
  'connection' => 'keep-alive',
  'upgrade-insecure-requests' => '1',
  'user-agent' => 'Mozilla/5.0 (Windows NT 10.0; Win64; x64) AppleWebKit/537.36 (KHTML, like Gecko) Chrome/64.0.3282.186 Safari/537.36',
  'accept' => 'text/html,application/xhtml+xml,application/xml;q=0.9,image/webp,image/apng,*/*;q=0.8',
  'referer' => 'http://localhost/Index/Index/loginSuc.html',
  'accept-encoding' => 'gzip, deflate, br',
  'accept-language' => 'zh-CN,zh;q=0.9',
  'cookie' => 'PHPSESSID=ibeap6sr6tcmrl1n6dua2l7nt1',
)
[ info ] [ PARAM ] array (
)
[ info ] [ VIEW ] ../application/view/index\adminpass.html [ array (
) ]
[ info ] [ LOG ] INIT File
---------------------------------------------------------------
[ 2018-03-16T16:52:24+08:00 ] 0.0.0.0 GET /Index/Index/brouser.html
[ info ] localhost/Index/Index/brouser.html [运行时间：0.049621s][吞吐率：20.15req/s] [内存消耗：2,393.92kb] [文件加载：56]
[ info ] [ LANG ] D:\Dentv\wwwroot\tp5.0\thinkphp/lang/zh-cn.php
[ info ] [ ROUTE ] array (
)
[ info ] [ HEADER ] array (
  'host' => 'localhost',
  'connection' => 'keep-alive',
  'upgrade-insecure-requests' => '1',
  'user-agent' => 'Mozilla/5.0 (Windows NT 10.0; Win64; x64) AppleWebKit/537.36 (KHTML, like Gecko) Chrome/64.0.3282.186 Safari/537.36',
  'accept' => 'text/html,application/xhtml+xml,application/xml;q=0.9,image/webp,image/apng,*/*;q=0.8',
  'referer' => 'http://localhost/Index/Index/loginSuc.html',
  'accept-encoding' => 'gzip, deflate, br',
  'accept-language' => 'zh-CN,zh;q=0.9',
  'cookie' => 'PHPSESSID=ibeap6sr6tcmrl1n6dua2l7nt1',
)
[ info ] [ PARAM ] array (
)
[ info ] [ VIEW ] ../application/view/index\brouser.html [ array (
) ]
[ info ] [ LOG ] INIT File
---------------------------------------------------------------
[ 2018-03-16T16:52:24+08:00 ] 0.0.0.0 GET /Index/Index/usrecho?page=1&limit=10
[ info ] localhost/Index/Index/usrecho?page=1&limit=10 [运行时间：0.083468s][吞吐率：11.98req/s] [内存消耗：4,737.13kb] [文件加载：73]
[ info ] [ LANG ] D:\Dentv\wwwroot\tp5.0\thinkphp/lang/zh-cn.php
[ info ] [ ROUTE ] array (
)
[ info ] [ HEADER ] array (
  'host' => 'localhost',
  'connection' => 'keep-alive',
  'accept' => 'application/json, text/javascript, */*; q=0.01',
  'x-requested-with' => 'XMLHttpRequest',
  'user-agent' => 'Mozilla/5.0 (Windows NT 10.0; Win64; x64) AppleWebKit/537.36 (KHTML, like Gecko) Chrome/64.0.3282.186 Safari/537.36',
  'referer' => 'http://localhost/Index/Index/brouser.html',
  'accept-encoding' => 'gzip, deflate, br',
  'accept-language' => 'zh-CN,zh;q=0.9',
  'cookie' => 'PHPSESSID=ibeap6sr6tcmrl1n6dua2l7nt1',
)
[ info ] [ PARAM ] array (
  'page' => '1',
  'limit' => '10',
)
[ info ] [ DB ] INIT mysql
[ info ] [ VIEW ] ../application/view/index\usrecho.html [ array (
  0 => 'res',
) ]
[ info ] [ LOG ] INIT File
[ sql ] [ DB ] CONNECT:[ UseTime:0.001282s ] mysql:host=127.0.0.1;dbname=zk_sysdata;charset=utf8
[ sql ] [ SQL ] SHOW COLUMNS FROM `zk_user` [ RunTime:0.001353s ]
[ sql ] [ SQL ] SELECT `id`,`name`,`department`,`email`,`tel`,`qq`,`address`,`note` FROM `zk_user` WHERE  `id` > 0 [ RunTime:0.000669s ]
[ sql ] [ SQL ] SELECT COUNT(*) AS tp_count FROM `zk_user` WHERE  `id` > 0 LIMIT 1 [ RunTime:0.000638s ]
---------------------------------------------------------------
[ 2018-03-16T16:54:14+08:00 ] 0.0.0.0 GET /Index/Index/adminpass.html
[ info ] localhost/Index/Index/adminpass.html [运行时间：0.051288s][吞吐率：19.50req/s] [内存消耗：2,504.08kb] [文件加载：58]
[ info ] [ LANG ] D:\Dentv\wwwroot\tp5.0\thinkphp/lang/zh-cn.php
[ info ] [ ROUTE ] array (
)
[ info ] [ HEADER ] array (
  'host' => 'localhost',
  'connection' => 'keep-alive',
  'upgrade-insecure-requests' => '1',
  'user-agent' => 'Mozilla/5.0 (Windows NT 10.0; Win64; x64) AppleWebKit/537.36 (KHTML, like Gecko) Chrome/64.0.3282.186 Safari/537.36',
  'accept' => 'text/html,application/xhtml+xml,application/xml;q=0.9,image/webp,image/apng,*/*;q=0.8',
  'referer' => 'http://localhost/Index/Index/loginSuc.html',
  'accept-encoding' => 'gzip, deflate, br',
  'accept-language' => 'zh-CN,zh;q=0.9',
  'cookie' => 'PHPSESSID=ibeap6sr6tcmrl1n6dua2l7nt1',
)
[ info ] [ PARAM ] array (
)
[ info ] [ VIEW ] ../application/view/index\adminpass.html [ array (
) ]
[ info ] [ LOG ] INIT File
---------------------------------------------------------------
[ 2018-03-16T16:54:14+08:00 ] 0.0.0.0 GET /Index/Index/brouser.html
[ info ] localhost/Index/Index/brouser.html [运行时间：0.048055s][吞吐率：20.81req/s] [内存消耗：2,393.92kb] [文件加载：56]
[ info ] [ LANG ] D:\Dentv\wwwroot\tp5.0\thinkphp/lang/zh-cn.php
[ info ] [ ROUTE ] array (
)
[ info ] [ HEADER ] array (
  'host' => 'localhost',
  'connection' => 'keep-alive',
  'upgrade-insecure-requests' => '1',
  'user-agent' => 'Mozilla/5.0 (Windows NT 10.0; Win64; x64) AppleWebKit/537.36 (KHTML, like Gecko) Chrome/64.0.3282.186 Safari/537.36',
  'accept' => 'text/html,application/xhtml+xml,application/xml;q=0.9,image/webp,image/apng,*/*;q=0.8',
  'referer' => 'http://localhost/Index/Index/loginSuc.html',
  'accept-encoding' => 'gzip, deflate, br',
  'accept-language' => 'zh-CN,zh;q=0.9',
  'cookie' => 'PHPSESSID=ibeap6sr6tcmrl1n6dua2l7nt1',
)
[ info ] [ PARAM ] array (
)
[ info ] [ VIEW ] ../application/view/index\brouser.html [ array (
) ]
[ info ] [ LOG ] INIT File
---------------------------------------------------------------
[ 2018-03-16T16:54:15+08:00 ] 0.0.0.0 GET /Index/Index/usrecho?page=1&limit=10
[ info ] localhost/Index/Index/usrecho?page=1&limit=10 [运行时间：0.081202s][吞吐率：12.31req/s] [内存消耗：4,737.13kb] [文件加载：73]
[ info ] [ LANG ] D:\Dentv\wwwroot\tp5.0\thinkphp/lang/zh-cn.php
[ info ] [ ROUTE ] array (
)
[ info ] [ HEADER ] array (
  'host' => 'localhost',
  'connection' => 'keep-alive',
  'accept' => 'application/json, text/javascript, */*; q=0.01',
  'x-requested-with' => 'XMLHttpRequest',
  'user-agent' => 'Mozilla/5.0 (Windows NT 10.0; Win64; x64) AppleWebKit/537.36 (KHTML, like Gecko) Chrome/64.0.3282.186 Safari/537.36',
  'referer' => 'http://localhost/Index/Index/brouser.html',
  'accept-encoding' => 'gzip, deflate, br',
  'accept-language' => 'zh-CN,zh;q=0.9',
  'cookie' => 'PHPSESSID=ibeap6sr6tcmrl1n6dua2l7nt1',
)
[ info ] [ PARAM ] array (
  'page' => '1',
  'limit' => '10',
)
[ info ] [ DB ] INIT mysql
[ info ] [ VIEW ] ../application/view/index\usrecho.html [ array (
  0 => 'res',
) ]
[ info ] [ LOG ] INIT File
[ sql ] [ DB ] CONNECT:[ UseTime:0.001140s ] mysql:host=127.0.0.1;dbname=zk_sysdata;charset=utf8
[ sql ] [ SQL ] SHOW COLUMNS FROM `zk_user` [ RunTime:0.001161s ]
[ sql ] [ SQL ] SELECT `id`,`name`,`department`,`email`,`tel`,`qq`,`address`,`note` FROM `zk_user` WHERE  `id` > 0 [ RunTime:0.000633s ]
[ sql ] [ SQL ] SELECT COUNT(*) AS tp_count FROM `zk_user` WHERE  `id` > 0 LIMIT 1 [ RunTime:0.000659s ]
